MODO = com I/O e alloc. memoria
MODO = com I/O e alloc. memoria
MODO = com I/O e alloc. memoria
MODO = com I/O e alloc. memoria

 Performance counter stats for 'mpirun -np 4 -hostfile hostfile ./mandelbrotOpenMPI_omp -0.188 -0.012 0.554 0.754 8192 2 com':

      49633.705925      task-clock (msec)         #    1.592 CPUs utilized          
               328      context-switches          #    0.007 K/sec                  
                22      cpu-migrations            #    0.000 K/sec                  
           740,193      page-faults               #    0.015 M/sec                  
   <not supported>      cycles                   
   <not supported>      stalled-cycles-frontend  
   <not supported>      stalled-cycles-backend   
   <not supported>      instructions             
   <not supported>      branches                 
   <not supported>      branch-misses            

      31.176731766 seconds time elapsed

MODO = com I/O e alloc. memoria
MODO = com I/O e alloc. memoria
MODO = com I/O e alloc. memoria
MODO = com I/O e alloc. memoria

 Performance counter stats for 'mpirun -np 4 -hostfile hostfile ./mandelbrotOpenMPI_omp -0.188 -0.012 0.554 0.754 8192 2 com':

      50028.628067      task-clock (msec)         #    1.587 CPUs utilized          
               399      context-switches          #    0.008 K/sec                  
                17      cpu-migrations            #    0.000 K/sec                  
           740,769      page-faults               #    0.015 M/sec                  
   <not supported>      cycles                   
   <not supported>      stalled-cycles-frontend  
   <not supported>      stalled-cycles-backend   
   <not supported>      instructions             
   <not supported>      branches                 
   <not supported>      branch-misses            

      31.525083980 seconds time elapsed

MODO = com I/O e alloc. memoria
MODO = com I/O e alloc. memoria
MODO = com I/O e alloc. memoria
MODO = com I/O e alloc. memoria

 Performance counter stats for 'mpirun -np 4 -hostfile hostfile ./mandelbrotOpenMPI_omp -0.188 -0.012 0.554 0.754 8192 2 com':

      49302.218401      task-clock (msec)         #    1.596 CPUs utilized          
               355      context-switches          #    0.007 K/sec                  
                21      cpu-migrations            #    0.000 K/sec                  
           740,658      page-faults               #    0.015 M/sec                  
   <not supported>      cycles                   
   <not supported>      stalled-cycles-frontend  
   <not supported>      stalled-cycles-backend   
   <not supported>      instructions             
   <not supported>      branches                 
   <not supported>      branch-misses            

      30.890404355 seconds time elapsed

MODO = com I/O e alloc. memoria
MODO = com I/O e alloc. memoria
MODO = com I/O e alloc. memoria
MODO = com I/O e alloc. memoria

 Performance counter stats for 'mpirun -np 4 -hostfile hostfile ./mandelbrotOpenMPI_omp -0.188 -0.012 0.554 0.754 8192 2 com':

      50875.204369      task-clock (msec)         #    1.604 CPUs utilized          
               334      context-switches          #    0.007 K/sec                  
                16      cpu-migrations            #    0.000 K/sec                  
           740,109      page-faults               #    0.015 M/sec                  
   <not supported>      cycles                   
   <not supported>      stalled-cycles-frontend  
   <not supported>      stalled-cycles-backend   
   <not supported>      instructions             
   <not supported>      branches                 
   <not supported>      branch-misses            

      31.725096928 seconds time elapsed

MODO = com I/O e alloc. memoria
MODO = com I/O e alloc. memoria
MODO = com I/O e alloc. memoria
MODO = com I/O e alloc. memoria

 Performance counter stats for 'mpirun -np 4 -hostfile hostfile ./mandelbrotOpenMPI_omp -0.188 -0.012 0.554 0.754 8192 2 com':

      49177.371224      task-clock (msec)         #    1.584 CPUs utilized          
               341      context-switches          #    0.007 K/sec                  
                23      cpu-migrations            #    0.000 K/sec                  
           740,932      page-faults               #    0.015 M/sec                  
   <not supported>      cycles                   
   <not supported>      stalled-cycles-frontend  
   <not supported>      stalled-cycles-backend   
   <not supported>      instructions             
   <not supported>      branches                 
   <not supported>      branch-misses            

      31.055134180 seconds time elapsed

MODO = com I/O e alloc. memoria
MODO = com I/O e alloc. memoria
MODO = com I/O e alloc. memoria
MODO = com I/O e alloc. memoria

 Performance counter stats for 'mpirun -np 4 -hostfile hostfile ./mandelbrotOpenMPI_omp -0.188 -0.012 0.554 0.754 8192 2 com':

      49698.990079      task-clock (msec)         #    1.597 CPUs utilized          
               458      context-switches          #    0.009 K/sec                  
                27      cpu-migrations            #    0.001 K/sec                  
           740,161      page-faults               #    0.015 M/sec                  
   <not supported>      cycles                   
   <not supported>      stalled-cycles-frontend  
   <not supported>      stalled-cycles-backend   
   <not supported>      instructions             
   <not supported>      branches                 
   <not supported>      branch-misses            

      31.114596193 seconds time elapsed

MODO = com I/O e alloc. memoria
MODO = com I/O e alloc. memoria
MODO = com I/O e alloc. memoria
MODO = com I/O e alloc. memoria

 Performance counter stats for 'mpirun -np 4 -hostfile hostfile ./mandelbrotOpenMPI_omp -0.188 -0.012 0.554 0.754 8192 2 com':

      49032.725103      task-clock (msec)         #    1.600 CPUs utilized          
               364      context-switches          #    0.007 K/sec                  
                26      cpu-migrations            #    0.001 K/sec                  
           741,163      page-faults               #    0.015 M/sec                  
   <not supported>      cycles                   
   <not supported>      stalled-cycles-frontend  
   <not supported>      stalled-cycles-backend   
   <not supported>      instructions             
   <not supported>      branches                 
   <not supported>      branch-misses            

      30.640375723 seconds time elapsed

MODO = com I/O e alloc. memoria
MODO = com I/O e alloc. memoria
MODO = com I/O e alloc. memoria
MODO = com I/O e alloc. memoria

 Performance counter stats for 'mpirun -np 4 -hostfile hostfile ./mandelbrotOpenMPI_omp -0.188 -0.012 0.554 0.754 8192 2 com':

      48886.487478      task-clock (msec)         #    1.604 CPUs utilized          
               343      context-switches          #    0.007 K/sec                  
                18      cpu-migrations            #    0.000 K/sec                  
           740,133      page-faults               #    0.015 M/sec                  
   <not supported>      cycles                   
   <not supported>      stalled-cycles-frontend  
   <not supported>      stalled-cycles-backend   
   <not supported>      instructions             
   <not supported>      branches                 
   <not supported>      branch-misses            

      30.470464455 seconds time elapsed

MODO = com I/O e alloc. memoria
MODO = com I/O e alloc. memoria
MODO = com I/O e alloc. memoria
MODO = com I/O e alloc. memoria

 Performance counter stats for 'mpirun -np 4 -hostfile hostfile ./mandelbrotOpenMPI_omp -0.188 -0.012 0.554 0.754 8192 2 com':

      50318.513551      task-clock (msec)         #    1.585 CPUs utilized          
               334      context-switches          #    0.007 K/sec                  
                18      cpu-migrations            #    0.000 K/sec                  
           740,107      page-faults               #    0.015 M/sec                  
   <not supported>      cycles                   
   <not supported>      stalled-cycles-frontend  
   <not supported>      stalled-cycles-backend   
   <not supported>      instructions             
   <not supported>      branches                 
   <not supported>      branch-misses            

      31.738159602 seconds time elapsed

MODO = com I/O e alloc. memoria
MODO = com I/O e alloc. memoria
MODO = com I/O e alloc. memoria
MODO = com I/O e alloc. memoria

 Performance counter stats for 'mpirun -np 4 -hostfile hostfile ./mandelbrotOpenMPI_omp -0.188 -0.012 0.554 0.754 8192 2 com':

      50271.643992      task-clock (msec)         #    1.594 CPUs utilized          
               354      context-switches          #    0.007 K/sec                  
                27      cpu-migrations            #    0.001 K/sec                  
           740,299      page-faults               #    0.015 M/sec                  
   <not supported>      cycles                   
   <not supported>      stalled-cycles-frontend  
   <not supported>      stalled-cycles-backend   
   <not supported>      instructions             
   <not supported>      branches                 
   <not supported>      branch-misses            

      31.530006149 seconds time elapsed

