MODO = sem I/O e alloc. memoria
MODO = sem I/O e alloc. memoria
MODO = sem I/O e alloc. memoria
MODO = sem I/O e alloc. memoria

 Performance counter stats for 'mpirun -np 4 -hostfile hostfile ./mandelbrotOpenMPI_seq -0.188 -0.012 0.554 0.754 8192 sem':

      38377.150538      task-clock (msec)         #    0.979 CPUs utilized          
               202      context-switches          #    0.005 K/sec                  
                16      cpu-migrations            #    0.000 K/sec                  
             2,798      page-faults               #    0.073 K/sec                  
   <not supported>      cycles                   
   <not supported>      stalled-cycles-frontend  
   <not supported>      stalled-cycles-backend   
   <not supported>      instructions             
   <not supported>      branches                 
   <not supported>      branch-misses            

      39.218734101 seconds time elapsed

MODO = sem I/O e alloc. memoria
MODO = sem I/O e alloc. memoria
MODO = sem I/O e alloc. memoria
MODO = sem I/O e alloc. memoria

 Performance counter stats for 'mpirun -np 4 -hostfile hostfile ./mandelbrotOpenMPI_seq -0.188 -0.012 0.554 0.754 8192 sem':

      38146.237519      task-clock (msec)         #    0.976 CPUs utilized          
               247      context-switches          #    0.006 K/sec                  
                12      cpu-migrations            #    0.000 K/sec                  
             2,787      page-faults               #    0.073 K/sec                  
   <not supported>      cycles                   
   <not supported>      stalled-cycles-frontend  
   <not supported>      stalled-cycles-backend   
   <not supported>      instructions             
   <not supported>      branches                 
   <not supported>      branch-misses            

      39.087167414 seconds time elapsed

MODO = sem I/O e alloc. memoria
MODO = sem I/O e alloc. memoria
MODO = sem I/O e alloc. memoria
MODO = sem I/O e alloc. memoria

 Performance counter stats for 'mpirun -np 4 -hostfile hostfile ./mandelbrotOpenMPI_seq -0.188 -0.012 0.554 0.754 8192 sem':

      37810.213132      task-clock (msec)         #    0.981 CPUs utilized          
               244      context-switches          #    0.006 K/sec                  
                19      cpu-migrations            #    0.001 K/sec                  
             2,809      page-faults               #    0.074 K/sec                  
   <not supported>      cycles                   
   <not supported>      stalled-cycles-frontend  
   <not supported>      stalled-cycles-backend   
   <not supported>      instructions             
   <not supported>      branches                 
   <not supported>      branch-misses            

      38.559189028 seconds time elapsed

MODO = sem I/O e alloc. memoria
MODO = sem I/O e alloc. memoria
MODO = sem I/O e alloc. memoria
MODO = sem I/O e alloc. memoria

 Performance counter stats for 'mpirun -np 4 -hostfile hostfile ./mandelbrotOpenMPI_seq -0.188 -0.012 0.554 0.754 8192 sem':

      37849.435314      task-clock (msec)         #    0.982 CPUs utilized          
               200      context-switches          #    0.005 K/sec                  
                24      cpu-migrations            #    0.001 K/sec                  
             2,809      page-faults               #    0.074 K/sec                  
   <not supported>      cycles                   
   <not supported>      stalled-cycles-frontend  
   <not supported>      stalled-cycles-backend   
   <not supported>      instructions             
   <not supported>      branches                 
   <not supported>      branch-misses            

      38.558840650 seconds time elapsed

MODO = sem I/O e alloc. memoria
MODO = sem I/O e alloc. memoria
MODO = sem I/O e alloc. memoria
MODO = sem I/O e alloc. memoria

 Performance counter stats for 'mpirun -np 4 -hostfile hostfile ./mandelbrotOpenMPI_seq -0.188 -0.012 0.554 0.754 8192 sem':

      38173.638967      task-clock (msec)         #    0.980 CPUs utilized          
               206      context-switches          #    0.005 K/sec                  
                18      cpu-migrations            #    0.000 K/sec                  
             2,801      page-faults               #    0.073 K/sec                  
   <not supported>      cycles                   
   <not supported>      stalled-cycles-frontend  
   <not supported>      stalled-cycles-backend   
   <not supported>      instructions             
   <not supported>      branches                 
   <not supported>      branch-misses            

      38.964319917 seconds time elapsed

MODO = sem I/O e alloc. memoria
MODO = sem I/O e alloc. memoria
MODO = sem I/O e alloc. memoria
MODO = sem I/O e alloc. memoria

 Performance counter stats for 'mpirun -np 4 -hostfile hostfile ./mandelbrotOpenMPI_seq -0.188 -0.012 0.554 0.754 8192 sem':

      37963.425653      task-clock (msec)         #    0.974 CPUs utilized          
               203      context-switches          #    0.005 K/sec                  
                13      cpu-migrations            #    0.000 K/sec                  
             2,790      page-faults               #    0.073 K/sec                  
   <not supported>      cycles                   
   <not supported>      stalled-cycles-frontend  
   <not supported>      stalled-cycles-backend   
   <not supported>      instructions             
   <not supported>      branches                 
   <not supported>      branch-misses            

      38.984311394 seconds time elapsed

MODO = sem I/O e alloc. memoria
MODO = sem I/O e alloc. memoria
MODO = sem I/O e alloc. memoria
MODO = sem I/O e alloc. memoria

 Performance counter stats for 'mpirun -np 4 -hostfile hostfile ./mandelbrotOpenMPI_seq -0.188 -0.012 0.554 0.754 8192 sem':

      38473.035482      task-clock (msec)         #    0.970 CPUs utilized          
               245      context-switches          #    0.006 K/sec                  
                19      cpu-migrations            #    0.000 K/sec                  
             2,809      page-faults               #    0.073 K/sec                  
   <not supported>      cycles                   
   <not supported>      stalled-cycles-frontend  
   <not supported>      stalled-cycles-backend   
   <not supported>      instructions             
   <not supported>      branches                 
   <not supported>      branch-misses            

      39.649105612 seconds time elapsed

MODO = sem I/O e alloc. memoria
MODO = sem I/O e alloc. memoria
MODO = sem I/O e alloc. memoria
MODO = sem I/O e alloc. memoria

 Performance counter stats for 'mpirun -np 4 -hostfile hostfile ./mandelbrotOpenMPI_seq -0.188 -0.012 0.554 0.754 8192 sem':

      38897.853917      task-clock (msec)         #    0.939 CPUs utilized          
               249      context-switches          #    0.006 K/sec                  
                17      cpu-migrations            #    0.000 K/sec                  
             2,804      page-faults               #    0.072 K/sec                  
   <not supported>      cycles                   
   <not supported>      stalled-cycles-frontend  
   <not supported>      stalled-cycles-backend   
   <not supported>      instructions             
   <not supported>      branches                 
   <not supported>      branch-misses            

      41.432391748 seconds time elapsed

MODO = sem I/O e alloc. memoria
MODO = sem I/O e alloc. memoria
MODO = sem I/O e alloc. memoria
MODO = sem I/O e alloc. memoria

 Performance counter stats for 'mpirun -np 4 -hostfile hostfile ./mandelbrotOpenMPI_seq -0.188 -0.012 0.554 0.754 8192 sem':

      39611.678034      task-clock (msec)         #    0.973 CPUs utilized          
               249      context-switches          #    0.006 K/sec                  
                16      cpu-migrations            #    0.000 K/sec                  
             2,811      page-faults               #    0.071 K/sec                  
   <not supported>      cycles                   
   <not supported>      stalled-cycles-frontend  
   <not supported>      stalled-cycles-backend   
   <not supported>      instructions             
   <not supported>      branches                 
   <not supported>      branch-misses            

      40.721159434 seconds time elapsed

MODO = sem I/O e alloc. memoria
MODO = sem I/O e alloc. memoria
MODO = sem I/O e alloc. memoria
MODO = sem I/O e alloc. memoria

 Performance counter stats for 'mpirun -np 4 -hostfile hostfile ./mandelbrotOpenMPI_seq -0.188 -0.012 0.554 0.754 8192 sem':

      38382.196608      task-clock (msec)         #    0.978 CPUs utilized          
               205      context-switches          #    0.005 K/sec                  
                15      cpu-migrations            #    0.000 K/sec                  
             2,812      page-faults               #    0.073 K/sec                  
   <not supported>      cycles                   
   <not supported>      stalled-cycles-frontend  
   <not supported>      stalled-cycles-backend   
   <not supported>      instructions             
   <not supported>      branches                 
   <not supported>      branch-misses            

      39.252071382 seconds time elapsed

