MODO = com I/O e alloc. memoria

 Performance counter stats for './mandelbrot_seq -2.5 1.5 -2.0 2.0 8192 com':

      17671.305526      task-clock (msec)         #    1.000 CPUs utilized          
                31      context-switches          #    0.002 K/sec                  
                 1      cpu-migrations            #    0.000 K/sec                  
           655,411      page-faults               #    0.037 M/sec                  
   <not supported>      cycles                   
   <not supported>      stalled-cycles-frontend  
   <not supported>      stalled-cycles-backend   
   <not supported>      instructions             
   <not supported>      branches                 
   <not supported>      branch-misses            

      17.672020486 seconds time elapsed

MODO = com I/O e alloc. memoria

 Performance counter stats for './mandelbrot_seq -2.5 1.5 -2.0 2.0 8192 com':

      18849.170858      task-clock (msec)         #    0.941 CPUs utilized          
                59      context-switches          #    0.003 K/sec                  
                 0      cpu-migrations            #    0.000 K/sec                  
           655,411      page-faults               #    0.035 M/sec                  
   <not supported>      cycles                   
   <not supported>      stalled-cycles-frontend  
   <not supported>      stalled-cycles-backend   
   <not supported>      instructions             
   <not supported>      branches                 
   <not supported>      branch-misses            

      20.035553922 seconds time elapsed

MODO = com I/O e alloc. memoria

 Performance counter stats for './mandelbrot_seq -2.5 1.5 -2.0 2.0 8192 com':

      17620.217482      task-clock (msec)         #    0.933 CPUs utilized          
                52      context-switches          #    0.003 K/sec                  
                 0      cpu-migrations            #    0.000 K/sec                  
           655,411      page-faults               #    0.037 M/sec                  
   <not supported>      cycles                   
   <not supported>      stalled-cycles-frontend  
   <not supported>      stalled-cycles-backend   
   <not supported>      instructions             
   <not supported>      branches                 
   <not supported>      branch-misses            

      18.883603603 seconds time elapsed

MODO = com I/O e alloc. memoria

 Performance counter stats for './mandelbrot_seq -2.5 1.5 -2.0 2.0 8192 com':

      19667.273100      task-clock (msec)         #    0.944 CPUs utilized          
                60      context-switches          #    0.003 K/sec                  
                 0      cpu-migrations            #    0.000 K/sec                  
           655,411      page-faults               #    0.033 M/sec                  
   <not supported>      cycles                   
   <not supported>      stalled-cycles-frontend  
   <not supported>      stalled-cycles-backend   
   <not supported>      instructions             
   <not supported>      branches                 
   <not supported>      branch-misses            

      20.844985560 seconds time elapsed

MODO = com I/O e alloc. memoria

 Performance counter stats for './mandelbrot_seq -2.5 1.5 -2.0 2.0 8192 com':

      17844.024697      task-clock (msec)         #    0.938 CPUs utilized          
                55      context-switches          #    0.003 K/sec                  
                 0      cpu-migrations            #    0.000 K/sec                  
           655,411      page-faults               #    0.037 M/sec                  
   <not supported>      cycles                   
   <not supported>      stalled-cycles-frontend  
   <not supported>      stalled-cycles-backend   
   <not supported>      instructions             
   <not supported>      branches                 
   <not supported>      branch-misses            

      19.020988709 seconds time elapsed

MODO = com I/O e alloc. memoria

 Performance counter stats for './mandelbrot_seq -2.5 1.5 -2.0 2.0 8192 com':

      20378.404626      task-clock (msec)         #    0.946 CPUs utilized          
                62      context-switches          #    0.003 K/sec                  
                 0      cpu-migrations            #    0.000 K/sec                  
           655,411      page-faults               #    0.032 M/sec                  
   <not supported>      cycles                   
   <not supported>      stalled-cycles-frontend  
   <not supported>      stalled-cycles-backend   
   <not supported>      instructions             
   <not supported>      branches                 
   <not supported>      branch-misses            

      21.544897961 seconds time elapsed

MODO = com I/O e alloc. memoria

 Performance counter stats for './mandelbrot_seq -2.5 1.5 -2.0 2.0 8192 com':

      17626.129188      task-clock (msec)         #    0.938 CPUs utilized          
                58      context-switches          #    0.003 K/sec                  
                 0      cpu-migrations            #    0.000 K/sec                  
           655,412      page-faults               #    0.037 M/sec                  
   <not supported>      cycles                   
   <not supported>      stalled-cycles-frontend  
   <not supported>      stalled-cycles-backend   
   <not supported>      instructions             
   <not supported>      branches                 
   <not supported>      branch-misses            

      18.789256169 seconds time elapsed

MODO = com I/O e alloc. memoria

 Performance counter stats for './mandelbrot_seq -2.5 1.5 -2.0 2.0 8192 com':

      18175.478769      task-clock (msec)         #    0.939 CPUs utilized          
                56      context-switches          #    0.003 K/sec                  
                 0      cpu-migrations            #    0.000 K/sec                  
           655,410      page-faults               #    0.036 M/sec                  
   <not supported>      cycles                   
   <not supported>      stalled-cycles-frontend  
   <not supported>      stalled-cycles-backend   
   <not supported>      instructions             
   <not supported>      branches                 
   <not supported>      branch-misses            

      19.350294818 seconds time elapsed

MODO = com I/O e alloc. memoria

 Performance counter stats for './mandelbrot_seq -2.5 1.5 -2.0 2.0 8192 com':

      17390.881582      task-clock (msec)         #    0.938 CPUs utilized          
                56      context-switches          #    0.003 K/sec                  
                 1      cpu-migrations            #    0.000 K/sec                  
           655,409      page-faults               #    0.038 M/sec                  
   <not supported>      cycles                   
   <not supported>      stalled-cycles-frontend  
   <not supported>      stalled-cycles-backend   
   <not supported>      instructions             
   <not supported>      branches                 
   <not supported>      branch-misses            

      18.545047399 seconds time elapsed

MODO = com I/O e alloc. memoria

 Performance counter stats for './mandelbrot_seq -2.5 1.5 -2.0 2.0 8192 com':

      18571.299339      task-clock (msec)         #    0.941 CPUs utilized          
                53      context-switches          #    0.003 K/sec                  
                 1      cpu-migrations            #    0.000 K/sec                  
           655,410      page-faults               #    0.035 M/sec                  
   <not supported>      cycles                   
   <not supported>      stalled-cycles-frontend  
   <not supported>      stalled-cycles-backend   
   <not supported>      instructions             
   <not supported>      branches                 
   <not supported>      branch-misses            

      19.741231393 seconds time elapsed

