MODO = com I/O e alloc. memoria

 Performance counter stats for './mandelbrot_seq -0.8 -0.7 0.05 0.15 8192 com':

     102773.796833      task-clock (msec)         #    0.988 CPUs utilized          
               203      context-switches          #    0.002 K/sec                  
                 1      cpu-migrations            #    0.000 K/sec                  
           655,410      page-faults               #    0.006 M/sec                  
   <not supported>      cycles                   
   <not supported>      stalled-cycles-frontend  
   <not supported>      stalled-cycles-backend   
   <not supported>      instructions             
   <not supported>      branches                 
   <not supported>      branch-misses            

     103.977154223 seconds time elapsed

MODO = com I/O e alloc. memoria

 Performance counter stats for './mandelbrot_seq -0.8 -0.7 0.05 0.15 8192 com':

     101350.983891      task-clock (msec)         #    0.988 CPUs utilized          
               200      context-switches          #    0.002 K/sec                  
                 0      cpu-migrations            #    0.000 K/sec                  
           655,412      page-faults               #    0.006 M/sec                  
   <not supported>      cycles                   
   <not supported>      stalled-cycles-frontend  
   <not supported>      stalled-cycles-backend   
   <not supported>      instructions             
   <not supported>      branches                 
   <not supported>      branch-misses            

     102.537388415 seconds time elapsed

MODO = com I/O e alloc. memoria

 Performance counter stats for './mandelbrot_seq -0.8 -0.7 0.05 0.15 8192 com':

     104080.440441      task-clock (msec)         #    0.989 CPUs utilized          
               205      context-switches          #    0.002 K/sec                  
                 0      cpu-migrations            #    0.000 K/sec                  
           655,411      page-faults               #    0.006 M/sec                  
   <not supported>      cycles                   
   <not supported>      stalled-cycles-frontend  
   <not supported>      stalled-cycles-backend   
   <not supported>      instructions             
   <not supported>      branches                 
   <not supported>      branch-misses            

     105.260613111 seconds time elapsed

MODO = com I/O e alloc. memoria

 Performance counter stats for './mandelbrot_seq -0.8 -0.7 0.05 0.15 8192 com':

     106032.727661      task-clock (msec)         #    0.989 CPUs utilized          
               208      context-switches          #    0.002 K/sec                  
                 0      cpu-migrations            #    0.000 K/sec                  
           655,409      page-faults               #    0.006 M/sec                  
   <not supported>      cycles                   
   <not supported>      stalled-cycles-frontend  
   <not supported>      stalled-cycles-backend   
   <not supported>      instructions             
   <not supported>      branches                 
   <not supported>      branch-misses            

     107.209172275 seconds time elapsed

MODO = com I/O e alloc. memoria

 Performance counter stats for './mandelbrot_seq -0.8 -0.7 0.05 0.15 8192 com':

     102889.194815      task-clock (msec)         #    0.989 CPUs utilized          
               202      context-switches          #    0.002 K/sec                  
                 1      cpu-migrations            #    0.000 K/sec                  
           655,410      page-faults               #    0.006 M/sec                  
   <not supported>      cycles                   
   <not supported>      stalled-cycles-frontend  
   <not supported>      stalled-cycles-backend   
   <not supported>      instructions             
   <not supported>      branches                 
   <not supported>      branch-misses            

     104.062099563 seconds time elapsed

MODO = com I/O e alloc. memoria

 Performance counter stats for './mandelbrot_seq -0.8 -0.7 0.05 0.15 8192 com':

     103685.697171      task-clock (msec)         #    0.989 CPUs utilized          
               207      context-switches          #    0.002 K/sec                  
                 0      cpu-migrations            #    0.000 K/sec                  
           655,410      page-faults               #    0.006 M/sec                  
   <not supported>      cycles                   
   <not supported>      stalled-cycles-frontend  
   <not supported>      stalled-cycles-backend   
   <not supported>      instructions             
   <not supported>      branches                 
   <not supported>      branch-misses            

     104.854565560 seconds time elapsed

MODO = com I/O e alloc. memoria

 Performance counter stats for './mandelbrot_seq -0.8 -0.7 0.05 0.15 8192 com':

     100855.015290      task-clock (msec)         #    0.989 CPUs utilized          
               200      context-switches          #    0.002 K/sec                  
                 1      cpu-migrations            #    0.000 K/sec                  
           655,412      page-faults               #    0.006 M/sec                  
   <not supported>      cycles                   
   <not supported>      stalled-cycles-frontend  
   <not supported>      stalled-cycles-backend   
   <not supported>      instructions             
   <not supported>      branches                 
   <not supported>      branch-misses            

     102.017955169 seconds time elapsed

MODO = com I/O e alloc. memoria

 Performance counter stats for './mandelbrot_seq -0.8 -0.7 0.05 0.15 8192 com':

     104725.129340      task-clock (msec)         #    0.989 CPUs utilized          
               207      context-switches          #    0.002 K/sec                  
                 0      cpu-migrations            #    0.000 K/sec                  
           655,410      page-faults               #    0.006 M/sec                  
   <not supported>      cycles                   
   <not supported>      stalled-cycles-frontend  
   <not supported>      stalled-cycles-backend   
   <not supported>      instructions             
   <not supported>      branches                 
   <not supported>      branch-misses            

     105.903747458 seconds time elapsed

MODO = com I/O e alloc. memoria

 Performance counter stats for './mandelbrot_seq -0.8 -0.7 0.05 0.15 8192 com':

      98830.001236      task-clock (msec)         #    0.988 CPUs utilized          
               197      context-switches          #    0.002 K/sec                  
                 0      cpu-migrations            #    0.000 K/sec                  
           655,411      page-faults               #    0.007 M/sec                  
   <not supported>      cycles                   
   <not supported>      stalled-cycles-frontend  
   <not supported>      stalled-cycles-backend   
   <not supported>      instructions             
   <not supported>      branches                 
   <not supported>      branch-misses            

      99.989527664 seconds time elapsed

MODO = com I/O e alloc. memoria

 Performance counter stats for './mandelbrot_seq -0.8 -0.7 0.05 0.15 8192 com':

      99501.021990      task-clock (msec)         #    0.989 CPUs utilized          
               292      context-switches          #    0.003 K/sec                  
                 3      cpu-migrations            #    0.000 K/sec                  
           655,411      page-faults               #    0.007 M/sec                  
   <not supported>      cycles                   
   <not supported>      stalled-cycles-frontend  
   <not supported>      stalled-cycles-backend   
   <not supported>      instructions             
   <not supported>      branches                 
   <not supported>      branch-misses            

     100.656609193 seconds time elapsed

