MODO = sem I/O e alloc. memoria

 Performance counter stats for './mandelbrot_seq -0.188 -0.012 0.554 0.754 8192 sem':

     108478.275088      task-clock (msec)         #    1.000 CPUs utilized          
               191      context-switches          #    0.002 K/sec                  
                 0      cpu-migrations            #    0.000 K/sec                  
                48      page-faults               #    0.000 K/sec                  
   <not supported>      cycles                   
   <not supported>      stalled-cycles-frontend  
   <not supported>      stalled-cycles-backend   
   <not supported>      instructions             
   <not supported>      branches                 
   <not supported>      branch-misses            

     108.482369817 seconds time elapsed

MODO = sem I/O e alloc. memoria

 Performance counter stats for './mandelbrot_seq -0.188 -0.012 0.554 0.754 8192 sem':

     106205.022262      task-clock (msec)         #    1.000 CPUs utilized          
               186      context-switches          #    0.002 K/sec                  
                 0      cpu-migrations            #    0.000 K/sec                  
                46      page-faults               #    0.000 K/sec                  
   <not supported>      cycles                   
   <not supported>      stalled-cycles-frontend  
   <not supported>      stalled-cycles-backend   
   <not supported>      instructions             
   <not supported>      branches                 
   <not supported>      branch-misses            

     106.207863443 seconds time elapsed

MODO = sem I/O e alloc. memoria

 Performance counter stats for './mandelbrot_seq -0.188 -0.012 0.554 0.754 8192 sem':

     107641.343357      task-clock (msec)         #    1.000 CPUs utilized          
               187      context-switches          #    0.002 K/sec                  
                 0      cpu-migrations            #    0.000 K/sec                  
                47      page-faults               #    0.000 K/sec                  
   <not supported>      cycles                   
   <not supported>      stalled-cycles-frontend  
   <not supported>      stalled-cycles-backend   
   <not supported>      instructions             
   <not supported>      branches                 
   <not supported>      branch-misses            

     107.644927562 seconds time elapsed

MODO = sem I/O e alloc. memoria

 Performance counter stats for './mandelbrot_seq -0.188 -0.012 0.554 0.754 8192 sem':

     109049.440312      task-clock (msec)         #    1.000 CPUs utilized          
               190      context-switches          #    0.002 K/sec                  
                 0      cpu-migrations            #    0.000 K/sec                  
                48      page-faults               #    0.000 K/sec                  
   <not supported>      cycles                   
   <not supported>      stalled-cycles-frontend  
   <not supported>      stalled-cycles-backend   
   <not supported>      instructions             
   <not supported>      branches                 
   <not supported>      branch-misses            

     109.053908184 seconds time elapsed

MODO = sem I/O e alloc. memoria

 Performance counter stats for './mandelbrot_seq -0.188 -0.012 0.554 0.754 8192 sem':

     108224.588986      task-clock (msec)         #    1.000 CPUs utilized          
               189      context-switches          #    0.002 K/sec                  
                 0      cpu-migrations            #    0.000 K/sec                  
                48      page-faults               #    0.000 K/sec                  
   <not supported>      cycles                   
   <not supported>      stalled-cycles-frontend  
   <not supported>      stalled-cycles-backend   
   <not supported>      instructions             
   <not supported>      branches                 
   <not supported>      branch-misses            

     108.228441061 seconds time elapsed

MODO = sem I/O e alloc. memoria

 Performance counter stats for './mandelbrot_seq -0.188 -0.012 0.554 0.754 8192 sem':

     108997.414223      task-clock (msec)         #    1.000 CPUs utilized          
               192      context-switches          #    0.002 K/sec                  
                 4      cpu-migrations            #    0.000 K/sec                  
                46      page-faults               #    0.000 K/sec                  
   <not supported>      cycles                   
   <not supported>      stalled-cycles-frontend  
   <not supported>      stalled-cycles-backend   
   <not supported>      instructions             
   <not supported>      branches                 
   <not supported>      branch-misses            

     109.001336338 seconds time elapsed

MODO = sem I/O e alloc. memoria

 Performance counter stats for './mandelbrot_seq -0.188 -0.012 0.554 0.754 8192 sem':

     107215.960485      task-clock (msec)         #    1.000 CPUs utilized          
               189      context-switches          #    0.002 K/sec                  
                 0      cpu-migrations            #    0.000 K/sec                  
                48      page-faults               #    0.000 K/sec                  
   <not supported>      cycles                   
   <not supported>      stalled-cycles-frontend  
   <not supported>      stalled-cycles-backend   
   <not supported>      instructions             
   <not supported>      branches                 
   <not supported>      branch-misses            

     107.219892365 seconds time elapsed

MODO = sem I/O e alloc. memoria

 Performance counter stats for './mandelbrot_seq -0.188 -0.012 0.554 0.754 8192 sem':

     106524.245300      task-clock (msec)         #    1.000 CPUs utilized          
               187      context-switches          #    0.002 K/sec                  
                 0      cpu-migrations            #    0.000 K/sec                  
                46      page-faults               #    0.000 K/sec                  
   <not supported>      cycles                   
   <not supported>      stalled-cycles-frontend  
   <not supported>      stalled-cycles-backend   
   <not supported>      instructions             
   <not supported>      branches                 
   <not supported>      branch-misses            

     106.527220679 seconds time elapsed

MODO = sem I/O e alloc. memoria

 Performance counter stats for './mandelbrot_seq -0.188 -0.012 0.554 0.754 8192 sem':

     108396.504541      task-clock (msec)         #    1.000 CPUs utilized          
               193      context-switches          #    0.002 K/sec                  
                 0      cpu-migrations            #    0.000 K/sec                  
                48      page-faults               #    0.000 K/sec                  
   <not supported>      cycles                   
   <not supported>      stalled-cycles-frontend  
   <not supported>      stalled-cycles-backend   
   <not supported>      instructions             
   <not supported>      branches                 
   <not supported>      branch-misses            

     108.400122083 seconds time elapsed

MODO = sem I/O e alloc. memoria

 Performance counter stats for './mandelbrot_seq -0.188 -0.012 0.554 0.754 8192 sem':

     108879.415252      task-clock (msec)         #    1.000 CPUs utilized          
               190      context-switches          #    0.002 K/sec                  
                 0      cpu-migrations            #    0.000 K/sec                  
                48      page-faults               #    0.000 K/sec                  
   <not supported>      cycles                   
   <not supported>      stalled-cycles-frontend  
   <not supported>      stalled-cycles-backend   
   <not supported>      instructions             
   <not supported>      branches                 
   <not supported>      branch-misses            

     108.883091252 seconds time elapsed

