MODO = com I/O e alloc. memoria

 Performance counter stats for './mandelbrot_seq 0.175 0.375 -0.1 0.1 8192 com':

      96563.139181      task-clock (msec)         #    0.985 CPUs utilized          
               492      context-switches          #    0.005 K/sec                  
                 0      cpu-migrations            #    0.000 K/sec                  
           655,410      page-faults               #    0.007 M/sec                  
   <not supported>      cycles                   
   <not supported>      stalled-cycles-frontend  
   <not supported>      stalled-cycles-backend   
   <not supported>      instructions             
   <not supported>      branches                 
   <not supported>      branch-misses            

      98.055256258 seconds time elapsed

MODO = com I/O e alloc. memoria

 Performance counter stats for './mandelbrot_seq 0.175 0.375 -0.1 0.1 8192 com':

      95669.335012      task-clock (msec)         #    0.984 CPUs utilized          
               474      context-switches          #    0.005 K/sec                  
                 0      cpu-migrations            #    0.000 K/sec                  
           655,409      page-faults               #    0.007 M/sec                  
   <not supported>      cycles                   
   <not supported>      stalled-cycles-frontend  
   <not supported>      stalled-cycles-backend   
   <not supported>      instructions             
   <not supported>      branches                 
   <not supported>      branch-misses            

      97.220849397 seconds time elapsed

MODO = com I/O e alloc. memoria

 Performance counter stats for './mandelbrot_seq 0.175 0.375 -0.1 0.1 8192 com':

      98347.279556      task-clock (msec)         #    0.992 CPUs utilized          
               494      context-switches          #    0.005 K/sec                  
                 0      cpu-migrations            #    0.000 K/sec                  
           655,412      page-faults               #    0.007 M/sec                  
   <not supported>      cycles                   
   <not supported>      stalled-cycles-frontend  
   <not supported>      stalled-cycles-backend   
   <not supported>      instructions             
   <not supported>      branches                 
   <not supported>      branch-misses            

      99.150282432 seconds time elapsed

MODO = com I/O e alloc. memoria

 Performance counter stats for './mandelbrot_seq 0.175 0.375 -0.1 0.1 8192 com':

      96227.115725      task-clock (msec)         #    0.987 CPUs utilized          
               479      context-switches          #    0.005 K/sec                  
                 0      cpu-migrations            #    0.000 K/sec                  
           655,412      page-faults               #    0.007 M/sec                  
   <not supported>      cycles                   
   <not supported>      stalled-cycles-frontend  
   <not supported>      stalled-cycles-backend   
   <not supported>      instructions             
   <not supported>      branches                 
   <not supported>      branch-misses            

      97.523398034 seconds time elapsed

MODO = com I/O e alloc. memoria

 Performance counter stats for './mandelbrot_seq 0.175 0.375 -0.1 0.1 8192 com':

      94042.737714      task-clock (msec)         #    0.983 CPUs utilized          
               475      context-switches          #    0.005 K/sec                  
                 0      cpu-migrations            #    0.000 K/sec                  
           655,411      page-faults               #    0.007 M/sec                  
   <not supported>      cycles                   
   <not supported>      stalled-cycles-frontend  
   <not supported>      stalled-cycles-backend   
   <not supported>      instructions             
   <not supported>      branches                 
   <not supported>      branch-misses            

      95.624970729 seconds time elapsed

MODO = com I/O e alloc. memoria

 Performance counter stats for './mandelbrot_seq 0.175 0.375 -0.1 0.1 8192 com':

      94171.731485      task-clock (msec)         #    0.984 CPUs utilized          
               479      context-switches          #    0.005 K/sec                  
                 0      cpu-migrations            #    0.000 K/sec                  
           655,410      page-faults               #    0.007 M/sec                  
   <not supported>      cycles                   
   <not supported>      stalled-cycles-frontend  
   <not supported>      stalled-cycles-backend   
   <not supported>      instructions             
   <not supported>      branches                 
   <not supported>      branch-misses            

      95.711410752 seconds time elapsed

MODO = com I/O e alloc. memoria

 Performance counter stats for './mandelbrot_seq 0.175 0.375 -0.1 0.1 8192 com':

      94755.071385      task-clock (msec)         #    0.984 CPUs utilized          
               477      context-switches          #    0.005 K/sec                  
                 0      cpu-migrations            #    0.000 K/sec                  
           655,408      page-faults               #    0.007 M/sec                  
   <not supported>      cycles                   
   <not supported>      stalled-cycles-frontend  
   <not supported>      stalled-cycles-backend   
   <not supported>      instructions             
   <not supported>      branches                 
   <not supported>      branch-misses            

      96.315006823 seconds time elapsed

MODO = com I/O e alloc. memoria

 Performance counter stats for './mandelbrot_seq 0.175 0.375 -0.1 0.1 8192 com':

      93871.325527      task-clock (msec)         #    0.983 CPUs utilized          
               626      context-switches          #    0.007 K/sec                  
                 0      cpu-migrations            #    0.000 K/sec                  
           655,410      page-faults               #    0.007 M/sec                  
   <not supported>      cycles                   
   <not supported>      stalled-cycles-frontend  
   <not supported>      stalled-cycles-backend   
   <not supported>      instructions             
   <not supported>      branches                 
   <not supported>      branch-misses            

      95.468482945 seconds time elapsed

MODO = com I/O e alloc. memoria

 Performance counter stats for './mandelbrot_seq 0.175 0.375 -0.1 0.1 8192 com':

      98063.420630      task-clock (msec)         #    0.987 CPUs utilized          
               490      context-switches          #    0.005 K/sec                  
                 0      cpu-migrations            #    0.000 K/sec                  
           655,411      page-faults               #    0.007 M/sec                  
   <not supported>      cycles                   
   <not supported>      stalled-cycles-frontend  
   <not supported>      stalled-cycles-backend   
   <not supported>      instructions             
   <not supported>      branches                 
   <not supported>      branch-misses            

      99.359892897 seconds time elapsed

MODO = com I/O e alloc. memoria

 Performance counter stats for './mandelbrot_seq 0.175 0.375 -0.1 0.1 8192 com':

     100900.138973      task-clock (msec)         #    0.984 CPUs utilized          
               518      context-switches          #    0.005 K/sec                  
                 0      cpu-migrations            #    0.000 K/sec                  
           655,411      page-faults               #    0.006 M/sec                  
   <not supported>      cycles                   
   <not supported>      stalled-cycles-frontend  
   <not supported>      stalled-cycles-backend   
   <not supported>      instructions             
   <not supported>      branches                 
   <not supported>      branch-misses            

     102.500350145 seconds time elapsed

