MODO = sem I/O e alloc. memoria

 Performance counter stats for './mandelbrot_seq 0.175 0.375 -0.1 0.1 8192 sem':

      90400.711403      task-clock (msec)         #    1.000 CPUs utilized          
               404      context-switches          #    0.004 K/sec                  
                 0      cpu-migrations            #    0.000 K/sec                  
                45      page-faults               #    0.000 K/sec                  
   <not supported>      cycles                   
   <not supported>      stalled-cycles-frontend  
   <not supported>      stalled-cycles-backend   
   <not supported>      instructions             
   <not supported>      branches                 
   <not supported>      branch-misses            

      90.418615574 seconds time elapsed

MODO = sem I/O e alloc. memoria

 Performance counter stats for './mandelbrot_seq 0.175 0.375 -0.1 0.1 8192 sem':

      89174.190336      task-clock (msec)         #    1.000 CPUs utilized          
               407      context-switches          #    0.005 K/sec                  
                 0      cpu-migrations            #    0.000 K/sec                  
                45      page-faults               #    0.001 K/sec                  
   <not supported>      cycles                   
   <not supported>      stalled-cycles-frontend  
   <not supported>      stalled-cycles-backend   
   <not supported>      instructions             
   <not supported>      branches                 
   <not supported>      branch-misses            

      89.190470230 seconds time elapsed

MODO = sem I/O e alloc. memoria

 Performance counter stats for './mandelbrot_seq 0.175 0.375 -0.1 0.1 8192 sem':

      90236.681168      task-clock (msec)         #    1.000 CPUs utilized          
               423      context-switches          #    0.005 K/sec                  
                 0      cpu-migrations            #    0.000 K/sec                  
                48      page-faults               #    0.001 K/sec                  
   <not supported>      cycles                   
   <not supported>      stalled-cycles-frontend  
   <not supported>      stalled-cycles-backend   
   <not supported>      instructions             
   <not supported>      branches                 
   <not supported>      branch-misses            

      90.251890482 seconds time elapsed

MODO = sem I/O e alloc. memoria

 Performance counter stats for './mandelbrot_seq 0.175 0.375 -0.1 0.1 8192 sem':

      89997.301168      task-clock (msec)         #    1.000 CPUs utilized          
               413      context-switches          #    0.005 K/sec                  
                 0      cpu-migrations            #    0.000 K/sec                  
                47      page-faults               #    0.001 K/sec                  
   <not supported>      cycles                   
   <not supported>      stalled-cycles-frontend  
   <not supported>      stalled-cycles-backend   
   <not supported>      instructions             
   <not supported>      branches                 
   <not supported>      branch-misses            

      90.012998465 seconds time elapsed

MODO = sem I/O e alloc. memoria

 Performance counter stats for './mandelbrot_seq 0.175 0.375 -0.1 0.1 8192 sem':

      88466.747488      task-clock (msec)         #    1.000 CPUs utilized          
               415      context-switches          #    0.005 K/sec                  
                 0      cpu-migrations            #    0.000 K/sec                  
                48      page-faults               #    0.001 K/sec                  
   <not supported>      cycles                   
   <not supported>      stalled-cycles-frontend  
   <not supported>      stalled-cycles-backend   
   <not supported>      instructions             
   <not supported>      branches                 
   <not supported>      branch-misses            

      88.484478892 seconds time elapsed

MODO = sem I/O e alloc. memoria

 Performance counter stats for './mandelbrot_seq 0.175 0.375 -0.1 0.1 8192 sem':

      89483.591318      task-clock (msec)         #    1.000 CPUs utilized          
               421      context-switches          #    0.005 K/sec                  
                 0      cpu-migrations            #    0.000 K/sec                  
                46      page-faults               #    0.001 K/sec                  
   <not supported>      cycles                   
   <not supported>      stalled-cycles-frontend  
   <not supported>      stalled-cycles-backend   
   <not supported>      instructions             
   <not supported>      branches                 
   <not supported>      branch-misses            

      89.501494303 seconds time elapsed

MODO = sem I/O e alloc. memoria

 Performance counter stats for './mandelbrot_seq 0.175 0.375 -0.1 0.1 8192 sem':

      90349.924006      task-clock (msec)         #    1.000 CPUs utilized          
               418      context-switches          #    0.005 K/sec                  
                 0      cpu-migrations            #    0.000 K/sec                  
                46      page-faults               #    0.001 K/sec                  
   <not supported>      cycles                   
   <not supported>      stalled-cycles-frontend  
   <not supported>      stalled-cycles-backend   
   <not supported>      instructions             
   <not supported>      branches                 
   <not supported>      branch-misses            

      90.365496336 seconds time elapsed

MODO = sem I/O e alloc. memoria

 Performance counter stats for './mandelbrot_seq 0.175 0.375 -0.1 0.1 8192 sem':

      90022.435394      task-clock (msec)         #    1.000 CPUs utilized          
               427      context-switches          #    0.005 K/sec                  
                 0      cpu-migrations            #    0.000 K/sec                  
                46      page-faults               #    0.001 K/sec                  
   <not supported>      cycles                   
   <not supported>      stalled-cycles-frontend  
   <not supported>      stalled-cycles-backend   
   <not supported>      instructions             
   <not supported>      branches                 
   <not supported>      branch-misses            

      90.041475681 seconds time elapsed

MODO = sem I/O e alloc. memoria

 Performance counter stats for './mandelbrot_seq 0.175 0.375 -0.1 0.1 8192 sem':

      89969.855244      task-clock (msec)         #    1.000 CPUs utilized          
               410      context-switches          #    0.005 K/sec                  
                 0      cpu-migrations            #    0.000 K/sec                  
                48      page-faults               #    0.001 K/sec                  
   <not supported>      cycles                   
   <not supported>      stalled-cycles-frontend  
   <not supported>      stalled-cycles-backend   
   <not supported>      instructions             
   <not supported>      branches                 
   <not supported>      branch-misses            

      89.984715070 seconds time elapsed

MODO = sem I/O e alloc. memoria

 Performance counter stats for './mandelbrot_seq 0.175 0.375 -0.1 0.1 8192 sem':

      89887.525680      task-clock (msec)         #    1.000 CPUs utilized          
               433      context-switches          #    0.005 K/sec                  
                 0      cpu-migrations            #    0.000 K/sec                  
                46      page-faults               #    0.001 K/sec                  
   <not supported>      cycles                   
   <not supported>      stalled-cycles-frontend  
   <not supported>      stalled-cycles-backend   
   <not supported>      instructions             
   <not supported>      branches                 
   <not supported>      branch-misses            

      89.909231339 seconds time elapsed

