MODO = sem I/O e alloc. memoria

 Performance counter stats for './mandelbrot_seq -0.8 -0.7 0.05 0.15 8192 sem':

      97814.875902      task-clock (msec)         #    1.000 CPUs utilized          
               469      context-switches          #    0.005 K/sec                  
                 0      cpu-migrations            #    0.000 K/sec                  
                48      page-faults               #    0.000 K/sec                  
   <not supported>      cycles                   
   <not supported>      stalled-cycles-frontend  
   <not supported>      stalled-cycles-backend   
   <not supported>      instructions             
   <not supported>      branches                 
   <not supported>      branch-misses            

      97.838192829 seconds time elapsed

MODO = sem I/O e alloc. memoria

 Performance counter stats for './mandelbrot_seq -0.8 -0.7 0.05 0.15 8192 sem':

      94538.025790      task-clock (msec)         #    1.000 CPUs utilized          
               449      context-switches          #    0.005 K/sec                  
                 0      cpu-migrations            #    0.000 K/sec                  
                48      page-faults               #    0.001 K/sec                  
   <not supported>      cycles                   
   <not supported>      stalled-cycles-frontend  
   <not supported>      stalled-cycles-backend   
   <not supported>      instructions             
   <not supported>      branches                 
   <not supported>      branch-misses            

      94.557956059 seconds time elapsed

MODO = sem I/O e alloc. memoria

 Performance counter stats for './mandelbrot_seq -0.8 -0.7 0.05 0.15 8192 sem':

      93734.239602      task-clock (msec)         #    1.000 CPUs utilized          
               441      context-switches          #    0.005 K/sec                  
                 0      cpu-migrations            #    0.000 K/sec                  
                48      page-faults               #    0.001 K/sec                  
   <not supported>      cycles                   
   <not supported>      stalled-cycles-frontend  
   <not supported>      stalled-cycles-backend   
   <not supported>      instructions             
   <not supported>      branches                 
   <not supported>      branch-misses            

      93.753985328 seconds time elapsed

MODO = sem I/O e alloc. memoria

 Performance counter stats for './mandelbrot_seq -0.8 -0.7 0.05 0.15 8192 sem':

      97204.007988      task-clock (msec)         #    1.000 CPUs utilized          
               455      context-switches          #    0.005 K/sec                  
                 0      cpu-migrations            #    0.000 K/sec                  
                45      page-faults               #    0.000 K/sec                  
   <not supported>      cycles                   
   <not supported>      stalled-cycles-frontend  
   <not supported>      stalled-cycles-backend   
   <not supported>      instructions             
   <not supported>      branches                 
   <not supported>      branch-misses            

      97.223860797 seconds time elapsed

MODO = sem I/O e alloc. memoria

 Performance counter stats for './mandelbrot_seq -0.8 -0.7 0.05 0.15 8192 sem':

      95014.121356      task-clock (msec)         #    1.000 CPUs utilized          
               454      context-switches          #    0.005 K/sec                  
                 0      cpu-migrations            #    0.000 K/sec                  
                47      page-faults               #    0.000 K/sec                  
   <not supported>      cycles                   
   <not supported>      stalled-cycles-frontend  
   <not supported>      stalled-cycles-backend   
   <not supported>      instructions             
   <not supported>      branches                 
   <not supported>      branch-misses            

      95.034003942 seconds time elapsed

MODO = sem I/O e alloc. memoria

 Performance counter stats for './mandelbrot_seq -0.8 -0.7 0.05 0.15 8192 sem':

      94537.385436      task-clock (msec)         #    1.000 CPUs utilized          
               429      context-switches          #    0.005 K/sec                  
                 0      cpu-migrations            #    0.000 K/sec                  
                48      page-faults               #    0.001 K/sec                  
   <not supported>      cycles                   
   <not supported>      stalled-cycles-frontend  
   <not supported>      stalled-cycles-backend   
   <not supported>      instructions             
   <not supported>      branches                 
   <not supported>      branch-misses            

      94.552393356 seconds time elapsed

MODO = sem I/O e alloc. memoria

 Performance counter stats for './mandelbrot_seq -0.8 -0.7 0.05 0.15 8192 sem':

      93679.809015      task-clock (msec)         #    1.000 CPUs utilized          
               445      context-switches          #    0.005 K/sec                  
                 0      cpu-migrations            #    0.000 K/sec                  
                48      page-faults               #    0.001 K/sec                  
   <not supported>      cycles                   
   <not supported>      stalled-cycles-frontend  
   <not supported>      stalled-cycles-backend   
   <not supported>      instructions             
   <not supported>      branches                 
   <not supported>      branch-misses            

      93.696828190 seconds time elapsed

MODO = sem I/O e alloc. memoria

 Performance counter stats for './mandelbrot_seq -0.8 -0.7 0.05 0.15 8192 sem':

      95691.121152      task-clock (msec)         #    1.000 CPUs utilized          
               456      context-switches          #    0.005 K/sec                  
                 0      cpu-migrations            #    0.000 K/sec                  
                48      page-faults               #    0.001 K/sec                  
   <not supported>      cycles                   
   <not supported>      stalled-cycles-frontend  
   <not supported>      stalled-cycles-backend   
   <not supported>      instructions             
   <not supported>      branches                 
   <not supported>      branch-misses            

      95.715975069 seconds time elapsed

MODO = sem I/O e alloc. memoria

 Performance counter stats for './mandelbrot_seq -0.8 -0.7 0.05 0.15 8192 sem':

      95203.200201      task-clock (msec)         #    1.000 CPUs utilized          
               459      context-switches          #    0.005 K/sec                  
                 0      cpu-migrations            #    0.000 K/sec                  
                48      page-faults               #    0.001 K/sec                  
   <not supported>      cycles                   
   <not supported>      stalled-cycles-frontend  
   <not supported>      stalled-cycles-backend   
   <not supported>      instructions             
   <not supported>      branches                 
   <not supported>      branch-misses            

      95.224236988 seconds time elapsed

MODO = sem I/O e alloc. memoria

 Performance counter stats for './mandelbrot_seq -0.8 -0.7 0.05 0.15 8192 sem':

      93663.420445      task-clock (msec)         #    1.000 CPUs utilized          
               441      context-switches          #    0.005 K/sec                  
                 0      cpu-migrations            #    0.000 K/sec                  
                48      page-faults               #    0.001 K/sec                  
   <not supported>      cycles                   
   <not supported>      stalled-cycles-frontend  
   <not supported>      stalled-cycles-backend   
   <not supported>      instructions             
   <not supported>      branches                 
   <not supported>      branch-misses            

      93.679689873 seconds time elapsed

