MODO = com I/O e alloc. memoria

 Performance counter stats for './mandelbrot_seq -0.8 -0.7 0.05 0.15 8192 com':

     101546.980113      task-clock (msec)         #    0.987 CPUs utilized          
               908      context-switches          #    0.009 K/sec                  
                 0      cpu-migrations            #    0.000 K/sec                  
           655,411      page-faults               #    0.006 M/sec                  
   <not supported>      cycles                   
   <not supported>      stalled-cycles-frontend  
   <not supported>      stalled-cycles-backend   
   <not supported>      instructions             
   <not supported>      branches                 
   <not supported>      branch-misses            

     102.923728494 seconds time elapsed

MODO = com I/O e alloc. memoria

 Performance counter stats for './mandelbrot_seq -0.8 -0.7 0.05 0.15 8192 com':

     102755.724133      task-clock (msec)         #    0.984 CPUs utilized          
               655      context-switches          #    0.006 K/sec                  
                 0      cpu-migrations            #    0.000 K/sec                  
           655,412      page-faults               #    0.006 M/sec                  
   <not supported>      cycles                   
   <not supported>      stalled-cycles-frontend  
   <not supported>      stalled-cycles-backend   
   <not supported>      instructions             
   <not supported>      branches                 
   <not supported>      branch-misses            

     104.379144215 seconds time elapsed

MODO = com I/O e alloc. memoria

 Performance counter stats for './mandelbrot_seq -0.8 -0.7 0.05 0.15 8192 com':

      99677.920617      task-clock (msec)         #    0.985 CPUs utilized          
               500      context-switches          #    0.005 K/sec                  
                 0      cpu-migrations            #    0.000 K/sec                  
           655,411      page-faults               #    0.007 M/sec                  
   <not supported>      cycles                   
   <not supported>      stalled-cycles-frontend  
   <not supported>      stalled-cycles-backend   
   <not supported>      instructions             
   <not supported>      branches                 
   <not supported>      branch-misses            

     101.186367656 seconds time elapsed

MODO = com I/O e alloc. memoria

 Performance counter stats for './mandelbrot_seq -0.8 -0.7 0.05 0.15 8192 com':

     102398.150006      task-clock (msec)         #    0.986 CPUs utilized          
               500      context-switches          #    0.005 K/sec                  
                 0      cpu-migrations            #    0.000 K/sec                  
           655,411      page-faults               #    0.006 M/sec                  
   <not supported>      cycles                   
   <not supported>      stalled-cycles-frontend  
   <not supported>      stalled-cycles-backend   
   <not supported>      instructions             
   <not supported>      branches                 
   <not supported>      branch-misses            

     103.806989252 seconds time elapsed

MODO = com I/O e alloc. memoria

 Performance counter stats for './mandelbrot_seq -0.8 -0.7 0.05 0.15 8192 com':

     100254.500341      task-clock (msec)         #    0.988 CPUs utilized          
               503      context-switches          #    0.005 K/sec                  
                 0      cpu-migrations            #    0.000 K/sec                  
           655,412      page-faults               #    0.007 M/sec                  
   <not supported>      cycles                   
   <not supported>      stalled-cycles-frontend  
   <not supported>      stalled-cycles-backend   
   <not supported>      instructions             
   <not supported>      branches                 
   <not supported>      branch-misses            

     101.494765052 seconds time elapsed

MODO = com I/O e alloc. memoria

 Performance counter stats for './mandelbrot_seq -0.8 -0.7 0.05 0.15 8192 com':

     103575.819418      task-clock (msec)         #    0.986 CPUs utilized          
               532      context-switches          #    0.005 K/sec                  
                 0      cpu-migrations            #    0.000 K/sec                  
           655,412      page-faults               #    0.006 M/sec                  
   <not supported>      cycles                   
   <not supported>      stalled-cycles-frontend  
   <not supported>      stalled-cycles-backend   
   <not supported>      instructions             
   <not supported>      branches                 
   <not supported>      branch-misses            

     105.040155310 seconds time elapsed

MODO = com I/O e alloc. memoria

 Performance counter stats for './mandelbrot_seq -0.8 -0.7 0.05 0.15 8192 com':

     105757.343019      task-clock (msec)         #    0.986 CPUs utilized          
               767      context-switches          #    0.007 K/sec                  
                 0      cpu-migrations            #    0.000 K/sec                  
           655,408      page-faults               #    0.006 M/sec                  
   <not supported>      cycles                   
   <not supported>      stalled-cycles-frontend  
   <not supported>      stalled-cycles-backend   
   <not supported>      instructions             
   <not supported>      branches                 
   <not supported>      branch-misses            

     107.222027696 seconds time elapsed

MODO = com I/O e alloc. memoria

 Performance counter stats for './mandelbrot_seq -0.8 -0.7 0.05 0.15 8192 com':

     100837.945751      task-clock (msec)         #    0.988 CPUs utilized          
               506      context-switches          #    0.005 K/sec                  
                 0      cpu-migrations            #    0.000 K/sec                  
           655,412      page-faults               #    0.006 M/sec                  
   <not supported>      cycles                   
   <not supported>      stalled-cycles-frontend  
   <not supported>      stalled-cycles-backend   
   <not supported>      instructions             
   <not supported>      branches                 
   <not supported>      branch-misses            

     102.077423616 seconds time elapsed

MODO = com I/O e alloc. memoria

 Performance counter stats for './mandelbrot_seq -0.8 -0.7 0.05 0.15 8192 com':

      99767.225555      task-clock (msec)         #    0.985 CPUs utilized          
               494      context-switches          #    0.005 K/sec                  
                 0      cpu-migrations            #    0.000 K/sec                  
           655,410      page-faults               #    0.007 M/sec                  
   <not supported>      cycles                   
   <not supported>      stalled-cycles-frontend  
   <not supported>      stalled-cycles-backend   
   <not supported>      instructions             
   <not supported>      branches                 
   <not supported>      branch-misses            

     101.298616088 seconds time elapsed

MODO = com I/O e alloc. memoria

 Performance counter stats for './mandelbrot_seq -0.8 -0.7 0.05 0.15 8192 com':

     102079.183675      task-clock (msec)         #    0.985 CPUs utilized          
               592      context-switches          #    0.006 K/sec                  
                 0      cpu-migrations            #    0.000 K/sec                  
           655,411      page-faults               #    0.006 M/sec                  
   <not supported>      cycles                   
   <not supported>      stalled-cycles-frontend  
   <not supported>      stalled-cycles-backend   
   <not supported>      instructions             
   <not supported>      branches                 
   <not supported>      branch-misses            

     103.644269988 seconds time elapsed

