MODO = sem I/O e alloc. memoria

 Performance counter stats for 'mpirun -np 1 -hostfile hostfile ./mandelbrotOpenMPI_seq -2.5 1.5 -2.0 2.0 8192 sem':

      13231.185667      task-clock (msec)         #    1.000 CPUs utilized          
                69      context-switches          #    0.005 K/sec                  
                 2      cpu-migrations            #    0.000 K/sec                  
             1,726      page-faults               #    0.130 K/sec                  
   <not supported>      cycles                   
   <not supported>      stalled-cycles-frontend  
   <not supported>      stalled-cycles-backend   
   <not supported>      instructions             
   <not supported>      branches                 
   <not supported>      branch-misses            

      13.231619098 seconds time elapsed

MODO = sem I/O e alloc. memoria

 Performance counter stats for 'mpirun -np 1 -hostfile hostfile ./mandelbrotOpenMPI_seq -2.5 1.5 -2.0 2.0 8192 sem':

      13288.207406      task-clock (msec)         #    1.000 CPUs utilized          
                80      context-switches          #    0.006 K/sec                  
                 5      cpu-migrations            #    0.000 K/sec                  
             1,721      page-faults               #    0.130 K/sec                  
   <not supported>      cycles                   
   <not supported>      stalled-cycles-frontend  
   <not supported>      stalled-cycles-backend   
   <not supported>      instructions             
   <not supported>      branches                 
   <not supported>      branch-misses            

      13.288854226 seconds time elapsed

MODO = sem I/O e alloc. memoria

 Performance counter stats for 'mpirun -np 1 -hostfile hostfile ./mandelbrotOpenMPI_seq -2.5 1.5 -2.0 2.0 8192 sem':

      13252.966421      task-clock (msec)         #    1.000 CPUs utilized          
                67      context-switches          #    0.005 K/sec                  
                 1      cpu-migrations            #    0.000 K/sec                  
             1,728      page-faults               #    0.130 K/sec                  
   <not supported>      cycles                   
   <not supported>      stalled-cycles-frontend  
   <not supported>      stalled-cycles-backend   
   <not supported>      instructions             
   <not supported>      branches                 
   <not supported>      branch-misses            

      13.253663525 seconds time elapsed

MODO = sem I/O e alloc. memoria

 Performance counter stats for 'mpirun -np 1 -hostfile hostfile ./mandelbrotOpenMPI_seq -2.5 1.5 -2.0 2.0 8192 sem':

      13556.602830      task-clock (msec)         #    1.000 CPUs utilized          
                81      context-switches          #    0.006 K/sec                  
                 2      cpu-migrations            #    0.000 K/sec                  
             1,720      page-faults               #    0.127 K/sec                  
   <not supported>      cycles                   
   <not supported>      stalled-cycles-frontend  
   <not supported>      stalled-cycles-backend   
   <not supported>      instructions             
   <not supported>      branches                 
   <not supported>      branch-misses            

      13.557236600 seconds time elapsed

MODO = sem I/O e alloc. memoria

 Performance counter stats for 'mpirun -np 1 -hostfile hostfile ./mandelbrotOpenMPI_seq -2.5 1.5 -2.0 2.0 8192 sem':

      13606.256340      task-clock (msec)         #    1.000 CPUs utilized          
                67      context-switches          #    0.005 K/sec                  
                 1      cpu-migrations            #    0.000 K/sec                  
             1,728      page-faults               #    0.127 K/sec                  
   <not supported>      cycles                   
   <not supported>      stalled-cycles-frontend  
   <not supported>      stalled-cycles-backend   
   <not supported>      instructions             
   <not supported>      branches                 
   <not supported>      branch-misses            

      13.606645746 seconds time elapsed

MODO = sem I/O e alloc. memoria

 Performance counter stats for 'mpirun -np 1 -hostfile hostfile ./mandelbrotOpenMPI_seq -2.5 1.5 -2.0 2.0 8192 sem':

      13441.785554      task-clock (msec)         #    1.000 CPUs utilized          
                77      context-switches          #    0.006 K/sec                  
                 1      cpu-migrations            #    0.000 K/sec                  
             1,727      page-faults               #    0.128 K/sec                  
   <not supported>      cycles                   
   <not supported>      stalled-cycles-frontend  
   <not supported>      stalled-cycles-backend   
   <not supported>      instructions             
   <not supported>      branches                 
   <not supported>      branch-misses            

      13.442631876 seconds time elapsed

MODO = sem I/O e alloc. memoria

 Performance counter stats for 'mpirun -np 1 -hostfile hostfile ./mandelbrotOpenMPI_seq -2.5 1.5 -2.0 2.0 8192 sem':

      13559.361412      task-clock (msec)         #    1.000 CPUs utilized          
                83      context-switches          #    0.006 K/sec                  
                 3      cpu-migrations            #    0.000 K/sec                  
             1,724      page-faults               #    0.127 K/sec                  
   <not supported>      cycles                   
   <not supported>      stalled-cycles-frontend  
   <not supported>      stalled-cycles-backend   
   <not supported>      instructions             
   <not supported>      branches                 
   <not supported>      branch-misses            

      13.560129293 seconds time elapsed

MODO = sem I/O e alloc. memoria

 Performance counter stats for 'mpirun -np 1 -hostfile hostfile ./mandelbrotOpenMPI_seq -2.5 1.5 -2.0 2.0 8192 sem':

      13434.028129      task-clock (msec)         #    1.000 CPUs utilized          
                79      context-switches          #    0.006 K/sec                  
                 2      cpu-migrations            #    0.000 K/sec                  
             1,731      page-faults               #    0.129 K/sec                  
   <not supported>      cycles                   
   <not supported>      stalled-cycles-frontend  
   <not supported>      stalled-cycles-backend   
   <not supported>      instructions             
   <not supported>      branches                 
   <not supported>      branch-misses            

      13.434866168 seconds time elapsed

MODO = sem I/O e alloc. memoria

 Performance counter stats for 'mpirun -np 1 -hostfile hostfile ./mandelbrotOpenMPI_seq -2.5 1.5 -2.0 2.0 8192 sem':

      13832.071788      task-clock (msec)         #    1.000 CPUs utilized          
                82      context-switches          #    0.006 K/sec                  
                 1      cpu-migrations            #    0.000 K/sec                  
             1,727      page-faults               #    0.125 K/sec                  
   <not supported>      cycles                   
   <not supported>      stalled-cycles-frontend  
   <not supported>      stalled-cycles-backend   
   <not supported>      instructions             
   <not supported>      branches                 
   <not supported>      branch-misses            

      13.833599558 seconds time elapsed

MODO = sem I/O e alloc. memoria

 Performance counter stats for 'mpirun -np 1 -hostfile hostfile ./mandelbrotOpenMPI_seq -2.5 1.5 -2.0 2.0 8192 sem':

      13170.223698      task-clock (msec)         #    1.000 CPUs utilized          
                64      context-switches          #    0.005 K/sec                  
                 1      cpu-migrations            #    0.000 K/sec                  
             1,723      page-faults               #    0.131 K/sec                  
   <not supported>      cycles                   
   <not supported>      stalled-cycles-frontend  
   <not supported>      stalled-cycles-backend   
   <not supported>      instructions             
   <not supported>      branches                 
   <not supported>      branch-misses            

      13.170646016 seconds time elapsed

