MODO = com I/O e alloc. memoria

 Performance counter stats for 'mpirun -np 1 -hostfile hostfile ./mandelbrotOpenMPI_seq -2.5 1.5 -2.0 2.0 8192 com':

      20100.109959      task-clock (msec)         #    0.943 CPUs utilized          
               109      context-switches          #    0.005 K/sec                  
                 1      cpu-migrations            #    0.000 K/sec                  
           788,157      page-faults               #    0.039 M/sec                  
   <not supported>      cycles                   
   <not supported>      stalled-cycles-frontend  
   <not supported>      stalled-cycles-backend   
   <not supported>      instructions             
   <not supported>      branches                 
   <not supported>      branch-misses            

      21.320862746 seconds time elapsed

MODO = com I/O e alloc. memoria

 Performance counter stats for 'mpirun -np 1 -hostfile hostfile ./mandelbrotOpenMPI_seq -2.5 1.5 -2.0 2.0 8192 com':

      20655.980023      task-clock (msec)         #    0.945 CPUs utilized          
               129      context-switches          #    0.006 K/sec                  
                 4      cpu-migrations            #    0.000 K/sec                  
           788,159      page-faults               #    0.038 M/sec                  
   <not supported>      cycles                   
   <not supported>      stalled-cycles-frontend  
   <not supported>      stalled-cycles-backend   
   <not supported>      instructions             
   <not supported>      branches                 
   <not supported>      branch-misses            

      21.854340661 seconds time elapsed

MODO = com I/O e alloc. memoria

 Performance counter stats for 'mpirun -np 1 -hostfile hostfile ./mandelbrotOpenMPI_seq -2.5 1.5 -2.0 2.0 8192 com':

      20407.348821      task-clock (msec)         #    0.944 CPUs utilized          
               129      context-switches          #    0.006 K/sec                  
                 3      cpu-migrations            #    0.000 K/sec                  
           788,160      page-faults               #    0.039 M/sec                  
   <not supported>      cycles                   
   <not supported>      stalled-cycles-frontend  
   <not supported>      stalled-cycles-backend   
   <not supported>      instructions             
   <not supported>      branches                 
   <not supported>      branch-misses            

      21.608830529 seconds time elapsed

MODO = com I/O e alloc. memoria

 Performance counter stats for 'mpirun -np 1 -hostfile hostfile ./mandelbrotOpenMPI_seq -2.5 1.5 -2.0 2.0 8192 com':

      20701.202352      task-clock (msec)         #    0.934 CPUs utilized          
               109      context-switches          #    0.005 K/sec                  
                 1      cpu-migrations            #    0.000 K/sec                  
           788,162      page-faults               #    0.038 M/sec                  
   <not supported>      cycles                   
   <not supported>      stalled-cycles-frontend  
   <not supported>      stalled-cycles-backend   
   <not supported>      instructions             
   <not supported>      branches                 
   <not supported>      branch-misses            

      22.161088280 seconds time elapsed

MODO = com I/O e alloc. memoria

 Performance counter stats for 'mpirun -np 1 -hostfile hostfile ./mandelbrotOpenMPI_seq -2.5 1.5 -2.0 2.0 8192 com':

      20199.757138      task-clock (msec)         #    0.944 CPUs utilized          
               132      context-switches          #    0.007 K/sec                  
                 4      cpu-migrations            #    0.000 K/sec                  
           788,158      page-faults               #    0.039 M/sec                  
   <not supported>      cycles                   
   <not supported>      stalled-cycles-frontend  
   <not supported>      stalled-cycles-backend   
   <not supported>      instructions             
   <not supported>      branches                 
   <not supported>      branch-misses            

      21.398871079 seconds time elapsed

MODO = com I/O e alloc. memoria

 Performance counter stats for 'mpirun -np 1 -hostfile hostfile ./mandelbrotOpenMPI_seq -2.5 1.5 -2.0 2.0 8192 com':

      20623.708825      task-clock (msec)         #    0.945 CPUs utilized          
               132      context-switches          #    0.006 K/sec                  
                 5      cpu-migrations            #    0.000 K/sec                  
           788,164      page-faults               #    0.038 M/sec                  
   <not supported>      cycles                   
   <not supported>      stalled-cycles-frontend  
   <not supported>      stalled-cycles-backend   
   <not supported>      instructions             
   <not supported>      branches                 
   <not supported>      branch-misses            

      21.814716361 seconds time elapsed

MODO = com I/O e alloc. memoria

 Performance counter stats for 'mpirun -np 1 -hostfile hostfile ./mandelbrotOpenMPI_seq -2.5 1.5 -2.0 2.0 8192 com':

      20204.717345      task-clock (msec)         #    0.945 CPUs utilized          
               108      context-switches          #    0.005 K/sec                  
                 2      cpu-migrations            #    0.000 K/sec                  
           788,160      page-faults               #    0.039 M/sec                  
   <not supported>      cycles                   
   <not supported>      stalled-cycles-frontend  
   <not supported>      stalled-cycles-backend   
   <not supported>      instructions             
   <not supported>      branches                 
   <not supported>      branch-misses            

      21.388740826 seconds time elapsed

MODO = com I/O e alloc. memoria

 Performance counter stats for 'mpirun -np 1 -hostfile hostfile ./mandelbrotOpenMPI_seq -2.5 1.5 -2.0 2.0 8192 com':

      20271.775630      task-clock (msec)         #    0.944 CPUs utilized          
               110      context-switches          #    0.005 K/sec                  
                 2      cpu-migrations            #    0.000 K/sec                  
           788,159      page-faults               #    0.039 M/sec                  
   <not supported>      cycles                   
   <not supported>      stalled-cycles-frontend  
   <not supported>      stalled-cycles-backend   
   <not supported>      instructions             
   <not supported>      branches                 
   <not supported>      branch-misses            

      21.465909441 seconds time elapsed

MODO = com I/O e alloc. memoria

 Performance counter stats for 'mpirun -np 1 -hostfile hostfile ./mandelbrotOpenMPI_seq -2.5 1.5 -2.0 2.0 8192 com':

      20016.736819      task-clock (msec)         #    0.944 CPUs utilized          
               110      context-switches          #    0.005 K/sec                  
                 2      cpu-migrations            #    0.000 K/sec                  
           788,162      page-faults               #    0.039 M/sec                  
   <not supported>      cycles                   
   <not supported>      stalled-cycles-frontend  
   <not supported>      stalled-cycles-backend   
   <not supported>      instructions             
   <not supported>      branches                 
   <not supported>      branch-misses            

      21.206379052 seconds time elapsed

MODO = com I/O e alloc. memoria

 Performance counter stats for 'mpirun -np 1 -hostfile hostfile ./mandelbrotOpenMPI_seq -2.5 1.5 -2.0 2.0 8192 com':

      20769.424749      task-clock (msec)         #    0.946 CPUs utilized          
               110      context-switches          #    0.005 K/sec                  
                 1      cpu-migrations            #    0.000 K/sec                  
           788,159      page-faults               #    0.038 M/sec                  
   <not supported>      cycles                   
   <not supported>      stalled-cycles-frontend  
   <not supported>      stalled-cycles-backend   
   <not supported>      instructions             
   <not supported>      branches                 
   <not supported>      branch-misses            

      21.952035310 seconds time elapsed

