MODO = sem I/O e alloc. memoria

 Performance counter stats for 'mpirun -np 1 -hostfile hostfile ./mandelbrotOpenMPI_seq -0.8 -0.7 0.05 0.15 8192 sem':

      94245.049441      task-clock (msec)         #    1.000 CPUs utilized          
               288      context-switches          #    0.003 K/sec                  
                 1      cpu-migrations            #    0.000 K/sec                  
             1,723      page-faults               #    0.018 K/sec                  
   <not supported>      cycles                   
   <not supported>      stalled-cycles-frontend  
   <not supported>      stalled-cycles-backend   
   <not supported>      instructions             
   <not supported>      branches                 
   <not supported>      branch-misses            

      94.244630774 seconds time elapsed

MODO = sem I/O e alloc. memoria

 Performance counter stats for 'mpirun -np 1 -hostfile hostfile ./mandelbrotOpenMPI_seq -0.8 -0.7 0.05 0.15 8192 sem':

      95074.361562      task-clock (msec)         #    1.000 CPUs utilized          
               301      context-switches          #    0.003 K/sec                  
                 2      cpu-migrations            #    0.000 K/sec                  
             1,729      page-faults               #    0.018 K/sec                  
   <not supported>      cycles                   
   <not supported>      stalled-cycles-frontend  
   <not supported>      stalled-cycles-backend   
   <not supported>      instructions             
   <not supported>      branches                 
   <not supported>      branch-misses            

      95.073876356 seconds time elapsed

MODO = sem I/O e alloc. memoria

 Performance counter stats for 'mpirun -np 1 -hostfile hostfile ./mandelbrotOpenMPI_seq -0.8 -0.7 0.05 0.15 8192 sem':

      94404.756943      task-clock (msec)         #    1.000 CPUs utilized          
               290      context-switches          #    0.003 K/sec                  
                 2      cpu-migrations            #    0.000 K/sec                  
             1,727      page-faults               #    0.018 K/sec                  
   <not supported>      cycles                   
   <not supported>      stalled-cycles-frontend  
   <not supported>      stalled-cycles-backend   
   <not supported>      instructions             
   <not supported>      branches                 
   <not supported>      branch-misses            

      94.404179554 seconds time elapsed

MODO = sem I/O e alloc. memoria

 Performance counter stats for 'mpirun -np 1 -hostfile hostfile ./mandelbrotOpenMPI_seq -0.8 -0.7 0.05 0.15 8192 sem':

      96834.936352      task-clock (msec)         #    1.000 CPUs utilized          
               390      context-switches          #    0.004 K/sec                  
                 2      cpu-migrations            #    0.000 K/sec                  
             1,725      page-faults               #    0.018 K/sec                  
   <not supported>      cycles                   
   <not supported>      stalled-cycles-frontend  
   <not supported>      stalled-cycles-backend   
   <not supported>      instructions             
   <not supported>      branches                 
   <not supported>      branch-misses            

      96.836119656 seconds time elapsed

MODO = sem I/O e alloc. memoria

 Performance counter stats for 'mpirun -np 1 -hostfile hostfile ./mandelbrotOpenMPI_seq -0.8 -0.7 0.05 0.15 8192 sem':

      95428.121788      task-clock (msec)         #    1.000 CPUs utilized          
               388      context-switches          #    0.004 K/sec                  
                 4      cpu-migrations            #    0.000 K/sec                  
             1,723      page-faults               #    0.018 K/sec                  
   <not supported>      cycles                   
   <not supported>      stalled-cycles-frontend  
   <not supported>      stalled-cycles-backend   
   <not supported>      instructions             
   <not supported>      branches                 
   <not supported>      branch-misses            

      95.429027701 seconds time elapsed

MODO = sem I/O e alloc. memoria

 Performance counter stats for 'mpirun -np 1 -hostfile hostfile ./mandelbrotOpenMPI_seq -0.8 -0.7 0.05 0.15 8192 sem':

      94450.243737      task-clock (msec)         #    1.000 CPUs utilized          
               292      context-switches          #    0.003 K/sec                  
                 1      cpu-migrations            #    0.000 K/sec                  
             1,729      page-faults               #    0.018 K/sec                  
   <not supported>      cycles                   
   <not supported>      stalled-cycles-frontend  
   <not supported>      stalled-cycles-backend   
   <not supported>      instructions             
   <not supported>      branches                 
   <not supported>      branch-misses            

      94.449528656 seconds time elapsed

MODO = sem I/O e alloc. memoria

 Performance counter stats for 'mpirun -np 1 -hostfile hostfile ./mandelbrotOpenMPI_seq -0.8 -0.7 0.05 0.15 8192 sem':

      95047.850593      task-clock (msec)         #    1.000 CPUs utilized          
               383      context-switches          #    0.004 K/sec                  
                 1      cpu-migrations            #    0.000 K/sec                  
             1,719      page-faults               #    0.018 K/sec                  
   <not supported>      cycles                   
   <not supported>      stalled-cycles-frontend  
   <not supported>      stalled-cycles-backend   
   <not supported>      instructions             
   <not supported>      branches                 
   <not supported>      branch-misses            

      95.048248406 seconds time elapsed

MODO = sem I/O e alloc. memoria

 Performance counter stats for 'mpirun -np 1 -hostfile hostfile ./mandelbrotOpenMPI_seq -0.8 -0.7 0.05 0.15 8192 sem':

      94170.453097      task-clock (msec)         #    1.000 CPUs utilized          
               383      context-switches          #    0.004 K/sec                  
                 3      cpu-migrations            #    0.000 K/sec                  
             1,725      page-faults               #    0.018 K/sec                  
   <not supported>      cycles                   
   <not supported>      stalled-cycles-frontend  
   <not supported>      stalled-cycles-backend   
   <not supported>      instructions             
   <not supported>      branches                 
   <not supported>      branch-misses            

      94.170791488 seconds time elapsed

MODO = sem I/O e alloc. memoria

 Performance counter stats for 'mpirun -np 1 -hostfile hostfile ./mandelbrotOpenMPI_seq -0.8 -0.7 0.05 0.15 8192 sem':

      95737.094062      task-clock (msec)         #    1.000 CPUs utilized          
               294      context-switches          #    0.003 K/sec                  
                 2      cpu-migrations            #    0.000 K/sec                  
             1,722      page-faults               #    0.018 K/sec                  
   <not supported>      cycles                   
   <not supported>      stalled-cycles-frontend  
   <not supported>      stalled-cycles-backend   
   <not supported>      instructions             
   <not supported>      branches                 
   <not supported>      branch-misses            

      95.736875778 seconds time elapsed

MODO = sem I/O e alloc. memoria

 Performance counter stats for 'mpirun -np 1 -hostfile hostfile ./mandelbrotOpenMPI_seq -0.8 -0.7 0.05 0.15 8192 sem':

      94135.921725      task-clock (msec)         #    1.000 CPUs utilized          
               289      context-switches          #    0.003 K/sec                  
                 1      cpu-migrations            #    0.000 K/sec                  
             1,727      page-faults               #    0.018 K/sec                  
   <not supported>      cycles                   
   <not supported>      stalled-cycles-frontend  
   <not supported>      stalled-cycles-backend   
   <not supported>      instructions             
   <not supported>      branches                 
   <not supported>      branch-misses            

      94.135389819 seconds time elapsed

