MODO = sem I/O e alloc. memoria
MODO = sem I/O e alloc. memoria

 Performance counter stats for 'mpirun -np 2 -hostfile hostfile ./mandelbrotOpenMPI_omp 0.175 0.375 -0.1 0.1 8192 4 sem':

      54602.244851      task-clock (msec)         #    3.665 CPUs utilized          
               242      context-switches          #    0.004 K/sec                  
                11      cpu-migrations            #    0.000 K/sec                  
             2,121      page-faults               #    0.039 K/sec                  
   <not supported>      cycles                   
   <not supported>      stalled-cycles-frontend  
   <not supported>      stalled-cycles-backend   
   <not supported>      instructions             
   <not supported>      branches                 
   <not supported>      branch-misses            

      14.897769883 seconds time elapsed

MODO = sem I/O e alloc. memoria
MODO = sem I/O e alloc. memoria

 Performance counter stats for 'mpirun -np 2 -hostfile hostfile ./mandelbrotOpenMPI_omp 0.175 0.375 -0.1 0.1 8192 4 sem':

      54543.742483      task-clock (msec)         #    3.667 CPUs utilized          
               228      context-switches          #    0.004 K/sec                  
                11      cpu-migrations            #    0.000 K/sec                  
             2,121      page-faults               #    0.039 K/sec                  
   <not supported>      cycles                   
   <not supported>      stalled-cycles-frontend  
   <not supported>      stalled-cycles-backend   
   <not supported>      instructions             
   <not supported>      branches                 
   <not supported>      branch-misses            

      14.874094765 seconds time elapsed

MODO = sem I/O e alloc. memoria
MODO = sem I/O e alloc. memoria

 Performance counter stats for 'mpirun -np 2 -hostfile hostfile ./mandelbrotOpenMPI_omp 0.175 0.375 -0.1 0.1 8192 4 sem':

      54624.113610      task-clock (msec)         #    3.674 CPUs utilized          
               252      context-switches          #    0.005 K/sec                  
                10      cpu-migrations            #    0.000 K/sec                  
             2,122      page-faults               #    0.039 K/sec                  
   <not supported>      cycles                   
   <not supported>      stalled-cycles-frontend  
   <not supported>      stalled-cycles-backend   
   <not supported>      instructions             
   <not supported>      branches                 
   <not supported>      branch-misses            

      14.865798337 seconds time elapsed

MODO = sem I/O e alloc. memoria
MODO = sem I/O e alloc. memoria

 Performance counter stats for 'mpirun -np 2 -hostfile hostfile ./mandelbrotOpenMPI_omp 0.175 0.375 -0.1 0.1 8192 4 sem':

      54652.176857      task-clock (msec)         #    3.665 CPUs utilized          
               251      context-switches          #    0.005 K/sec                  
                10      cpu-migrations            #    0.000 K/sec                  
             2,112      page-faults               #    0.039 K/sec                  
   <not supported>      cycles                   
   <not supported>      stalled-cycles-frontend  
   <not supported>      stalled-cycles-backend   
   <not supported>      instructions             
   <not supported>      branches                 
   <not supported>      branch-misses            

      14.910715455 seconds time elapsed

MODO = sem I/O e alloc. memoria
MODO = sem I/O e alloc. memoria

 Performance counter stats for 'mpirun -np 2 -hostfile hostfile ./mandelbrotOpenMPI_omp 0.175 0.375 -0.1 0.1 8192 4 sem':

      54582.949205      task-clock (msec)         #    3.672 CPUs utilized          
               242      context-switches          #    0.004 K/sec                  
                 8      cpu-migrations            #    0.000 K/sec                  
             2,119      page-faults               #    0.039 K/sec                  
   <not supported>      cycles                   
   <not supported>      stalled-cycles-frontend  
   <not supported>      stalled-cycles-backend   
   <not supported>      instructions             
   <not supported>      branches                 
   <not supported>      branch-misses            

      14.863858743 seconds time elapsed

MODO = sem I/O e alloc. memoria
MODO = sem I/O e alloc. memoria

 Performance counter stats for 'mpirun -np 2 -hostfile hostfile ./mandelbrotOpenMPI_omp 0.175 0.375 -0.1 0.1 8192 4 sem':

      54545.651118      task-clock (msec)         #    3.670 CPUs utilized          
               255      context-switches          #    0.005 K/sec                  
                10      cpu-migrations            #    0.000 K/sec                  
             2,117      page-faults               #    0.039 K/sec                  
   <not supported>      cycles                   
   <not supported>      stalled-cycles-frontend  
   <not supported>      stalled-cycles-backend   
   <not supported>      instructions             
   <not supported>      branches                 
   <not supported>      branch-misses            

      14.864517774 seconds time elapsed

MODO = sem I/O e alloc. memoria
MODO = sem I/O e alloc. memoria

 Performance counter stats for 'mpirun -np 2 -hostfile hostfile ./mandelbrotOpenMPI_omp 0.175 0.375 -0.1 0.1 8192 4 sem':

      54618.909231      task-clock (msec)         #    3.664 CPUs utilized          
               246      context-switches          #    0.005 K/sec                  
                10      cpu-migrations            #    0.000 K/sec                  
             2,116      page-faults               #    0.039 K/sec                  
   <not supported>      cycles                   
   <not supported>      stalled-cycles-frontend  
   <not supported>      stalled-cycles-backend   
   <not supported>      instructions             
   <not supported>      branches                 
   <not supported>      branch-misses            

      14.906223532 seconds time elapsed

MODO = sem I/O e alloc. memoria
MODO = sem I/O e alloc. memoria

 Performance counter stats for 'mpirun -np 2 -hostfile hostfile ./mandelbrotOpenMPI_omp 0.175 0.375 -0.1 0.1 8192 4 sem':

      54608.619149      task-clock (msec)         #    3.671 CPUs utilized          
               241      context-switches          #    0.004 K/sec                  
                13      cpu-migrations            #    0.000 K/sec                  
             2,126      page-faults               #    0.039 K/sec                  
   <not supported>      cycles                   
   <not supported>      stalled-cycles-frontend  
   <not supported>      stalled-cycles-backend   
   <not supported>      instructions             
   <not supported>      branches                 
   <not supported>      branch-misses            

      14.874683260 seconds time elapsed

MODO = sem I/O e alloc. memoria
MODO = sem I/O e alloc. memoria

 Performance counter stats for 'mpirun -np 2 -hostfile hostfile ./mandelbrotOpenMPI_omp 0.175 0.375 -0.1 0.1 8192 4 sem':

      55184.880767      task-clock (msec)         #    3.688 CPUs utilized          
               242      context-switches          #    0.004 K/sec                  
                10      cpu-migrations            #    0.000 K/sec                  
             2,119      page-faults               #    0.038 K/sec                  
   <not supported>      cycles                   
   <not supported>      stalled-cycles-frontend  
   <not supported>      stalled-cycles-backend   
   <not supported>      instructions             
   <not supported>      branches                 
   <not supported>      branch-misses            

      14.961624303 seconds time elapsed

MODO = sem I/O e alloc. memoria
MODO = sem I/O e alloc. memoria

 Performance counter stats for 'mpirun -np 2 -hostfile hostfile ./mandelbrotOpenMPI_omp 0.175 0.375 -0.1 0.1 8192 4 sem':

      54582.119767      task-clock (msec)         #    3.672 CPUs utilized          
               240      context-switches          #    0.004 K/sec                  
                10      cpu-migrations            #    0.000 K/sec                  
             2,118      page-faults               #    0.039 K/sec                  
   <not supported>      cycles                   
   <not supported>      stalled-cycles-frontend  
   <not supported>      stalled-cycles-backend   
   <not supported>      instructions             
   <not supported>      branches                 
   <not supported>      branch-misses            

      14.865284726 seconds time elapsed

