MODO = com I/O e alloc. memoria
MODO = com I/O e alloc. memoria

 Performance counter stats for 'mpirun -np 2 -hostfile hostfile ./mandelbrotOpenMPI_omp -2.5 1.5 -2.0 2.0 8192 4 com':

      16729.875324      task-clock (msec)         #    1.486 CPUs utilized          
               106      context-switches          #    0.006 K/sec                  
                10      cpu-migrations            #    0.001 K/sec                  
           769,838      page-faults               #    0.046 M/sec                  
   <not supported>      cycles                   
   <not supported>      stalled-cycles-frontend  
   <not supported>      stalled-cycles-backend   
   <not supported>      instructions             
   <not supported>      branches                 
   <not supported>      branch-misses            

      11.258753716 seconds time elapsed

MODO = com I/O e alloc. memoria
MODO = com I/O e alloc. memoria

 Performance counter stats for 'mpirun -np 2 -hostfile hostfile ./mandelbrotOpenMPI_omp -2.5 1.5 -2.0 2.0 8192 4 com':

      16654.618860      task-clock (msec)         #    1.344 CPUs utilized          
               145      context-switches          #    0.009 K/sec                  
                13      cpu-migrations            #    0.001 K/sec                  
           774,400      page-faults               #    0.046 M/sec                  
   <not supported>      cycles                   
   <not supported>      stalled-cycles-frontend  
   <not supported>      stalled-cycles-backend   
   <not supported>      instructions             
   <not supported>      branches                 
   <not supported>      branch-misses            

      12.392348014 seconds time elapsed

MODO = com I/O e alloc. memoria
MODO = com I/O e alloc. memoria

 Performance counter stats for 'mpirun -np 2 -hostfile hostfile ./mandelbrotOpenMPI_omp -2.5 1.5 -2.0 2.0 8192 4 com':

      16674.487484      task-clock (msec)         #    1.311 CPUs utilized          
               136      context-switches          #    0.008 K/sec                  
                 7      cpu-migrations            #    0.000 K/sec                  
           777,725      page-faults               #    0.047 M/sec                  
   <not supported>      cycles                   
   <not supported>      stalled-cycles-frontend  
   <not supported>      stalled-cycles-backend   
   <not supported>      instructions             
   <not supported>      branches                 
   <not supported>      branch-misses            

      12.714700300 seconds time elapsed

MODO = com I/O e alloc. memoria
MODO = com I/O e alloc. memoria

 Performance counter stats for 'mpirun -np 2 -hostfile hostfile ./mandelbrotOpenMPI_omp -2.5 1.5 -2.0 2.0 8192 4 com':

      16975.341124      task-clock (msec)         #    1.343 CPUs utilized          
               136      context-switches          #    0.008 K/sec                  
                12      cpu-migrations            #    0.001 K/sec                  
           762,979      page-faults               #    0.045 M/sec                  
   <not supported>      cycles                   
   <not supported>      stalled-cycles-frontend  
   <not supported>      stalled-cycles-backend   
   <not supported>      instructions             
   <not supported>      branches                 
   <not supported>      branch-misses            

      12.637894496 seconds time elapsed

MODO = com I/O e alloc. memoria
MODO = com I/O e alloc. memoria

 Performance counter stats for 'mpirun -np 2 -hostfile hostfile ./mandelbrotOpenMPI_omp -2.5 1.5 -2.0 2.0 8192 4 com':

      16960.882923      task-clock (msec)         #    1.348 CPUs utilized          
               138      context-switches          #    0.008 K/sec                  
                 9      cpu-migrations            #    0.001 K/sec                  
           762,822      page-faults               #    0.045 M/sec                  
   <not supported>      cycles                   
   <not supported>      stalled-cycles-frontend  
   <not supported>      stalled-cycles-backend   
   <not supported>      instructions             
   <not supported>      branches                 
   <not supported>      branch-misses            

      12.582522314 seconds time elapsed

MODO = com I/O e alloc. memoria
MODO = com I/O e alloc. memoria

 Performance counter stats for 'mpirun -np 2 -hostfile hostfile ./mandelbrotOpenMPI_omp -2.5 1.5 -2.0 2.0 8192 4 com':

      16749.242318      task-clock (msec)         #    1.313 CPUs utilized          
               130      context-switches          #    0.008 K/sec                  
                13      cpu-migrations            #    0.001 K/sec                  
           775,569      page-faults               #    0.046 M/sec                  
   <not supported>      cycles                   
   <not supported>      stalled-cycles-frontend  
   <not supported>      stalled-cycles-backend   
   <not supported>      instructions             
   <not supported>      branches                 
   <not supported>      branch-misses            

      12.755264295 seconds time elapsed

MODO = com I/O e alloc. memoria
MODO = com I/O e alloc. memoria

 Performance counter stats for 'mpirun -np 2 -hostfile hostfile ./mandelbrotOpenMPI_omp -2.5 1.5 -2.0 2.0 8192 4 com':

      16453.769042      task-clock (msec)         #    1.308 CPUs utilized          
               147      context-switches          #    0.009 K/sec                  
                 7      cpu-migrations            #    0.000 K/sec                  
           776,193      page-faults               #    0.047 M/sec                  
   <not supported>      cycles                   
   <not supported>      stalled-cycles-frontend  
   <not supported>      stalled-cycles-backend   
   <not supported>      instructions             
   <not supported>      branches                 
   <not supported>      branch-misses            

      12.577780155 seconds time elapsed

MODO = com I/O e alloc. memoria
MODO = com I/O e alloc. memoria

 Performance counter stats for 'mpirun -np 2 -hostfile hostfile ./mandelbrotOpenMPI_omp -2.5 1.5 -2.0 2.0 8192 4 com':

      16066.007043      task-clock (msec)         #    1.329 CPUs utilized          
               138      context-switches          #    0.009 K/sec                  
                 9      cpu-migrations            #    0.001 K/sec                  
           782,485      page-faults               #    0.049 M/sec                  
   <not supported>      cycles                   
   <not supported>      stalled-cycles-frontend  
   <not supported>      stalled-cycles-backend   
   <not supported>      instructions             
   <not supported>      branches                 
   <not supported>      branch-misses            

      12.090662969 seconds time elapsed

MODO = com I/O e alloc. memoria
MODO = com I/O e alloc. memoria

 Performance counter stats for 'mpirun -np 2 -hostfile hostfile ./mandelbrotOpenMPI_omp -2.5 1.5 -2.0 2.0 8192 4 com':

      16571.008902      task-clock (msec)         #    1.321 CPUs utilized          
               135      context-switches          #    0.008 K/sec                  
                12      cpu-migrations            #    0.001 K/sec                  
           775,659      page-faults               #    0.047 M/sec                  
   <not supported>      cycles                   
   <not supported>      stalled-cycles-frontend  
   <not supported>      stalled-cycles-backend   
   <not supported>      instructions             
   <not supported>      branches                 
   <not supported>      branch-misses            

      12.545218301 seconds time elapsed

MODO = com I/O e alloc. memoria
MODO = com I/O e alloc. memoria

 Performance counter stats for 'mpirun -np 2 -hostfile hostfile ./mandelbrotOpenMPI_omp -2.5 1.5 -2.0 2.0 8192 4 com':

      16166.219217      task-clock (msec)         #    1.343 CPUs utilized          
               137      context-switches          #    0.008 K/sec                  
                10      cpu-migrations            #    0.001 K/sec                  
           772,260      page-faults               #    0.048 M/sec                  
   <not supported>      cycles                   
   <not supported>      stalled-cycles-frontend  
   <not supported>      stalled-cycles-backend   
   <not supported>      instructions             
   <not supported>      branches                 
   <not supported>      branch-misses            

      12.038650374 seconds time elapsed

