MODO = sem I/O e alloc. memoria
MODO = sem I/O e alloc. memoria

 Performance counter stats for 'mpirun -np 2 -hostfile hostfile ./mandelbrotOpenMPI_omp -2.5 1.5 -2.0 2.0 8192 4 sem':

       6865.645215      task-clock (msec)         #    3.628 CPUs utilized          
                84      context-switches          #    0.012 K/sec                  
                 9      cpu-migrations            #    0.001 K/sec                  
             2,124      page-faults               #    0.309 K/sec                  
   <not supported>      cycles                   
   <not supported>      stalled-cycles-frontend  
   <not supported>      stalled-cycles-backend   
   <not supported>      instructions             
   <not supported>      branches                 
   <not supported>      branch-misses            

       1.892624168 seconds time elapsed

MODO = sem I/O e alloc. memoria
MODO = sem I/O e alloc. memoria

 Performance counter stats for 'mpirun -np 2 -hostfile hostfile ./mandelbrotOpenMPI_omp -2.5 1.5 -2.0 2.0 8192 4 sem':

       8466.994280      task-clock (msec)         #    3.552 CPUs utilized          
                86      context-switches          #    0.010 K/sec                  
                 9      cpu-migrations            #    0.001 K/sec                  
             2,121      page-faults               #    0.251 K/sec                  
   <not supported>      cycles                   
   <not supported>      stalled-cycles-frontend  
   <not supported>      stalled-cycles-backend   
   <not supported>      instructions             
   <not supported>      branches                 
   <not supported>      branch-misses            

       2.383696622 seconds time elapsed

MODO = sem I/O e alloc. memoria
MODO = sem I/O e alloc. memoria

 Performance counter stats for 'mpirun -np 2 -hostfile hostfile ./mandelbrotOpenMPI_omp -2.5 1.5 -2.0 2.0 8192 4 sem':

       8473.994602      task-clock (msec)         #    3.544 CPUs utilized          
                95      context-switches          #    0.011 K/sec                  
                11      cpu-migrations            #    0.001 K/sec                  
             2,123      page-faults               #    0.251 K/sec                  
   <not supported>      cycles                   
   <not supported>      stalled-cycles-frontend  
   <not supported>      stalled-cycles-backend   
   <not supported>      instructions             
   <not supported>      branches                 
   <not supported>      branch-misses            

       2.391389053 seconds time elapsed

MODO = sem I/O e alloc. memoria
MODO = sem I/O e alloc. memoria

 Performance counter stats for 'mpirun -np 2 -hostfile hostfile ./mandelbrotOpenMPI_omp -2.5 1.5 -2.0 2.0 8192 4 sem':

       8556.535540      task-clock (msec)         #    3.569 CPUs utilized          
                84      context-switches          #    0.010 K/sec                  
                12      cpu-migrations            #    0.001 K/sec                  
             2,123      page-faults               #    0.248 K/sec                  
   <not supported>      cycles                   
   <not supported>      stalled-cycles-frontend  
   <not supported>      stalled-cycles-backend   
   <not supported>      instructions             
   <not supported>      branches                 
   <not supported>      branch-misses            

       2.397759156 seconds time elapsed

MODO = sem I/O e alloc. memoria
MODO = sem I/O e alloc. memoria

 Performance counter stats for 'mpirun -np 2 -hostfile hostfile ./mandelbrotOpenMPI_omp -2.5 1.5 -2.0 2.0 8192 4 sem':

       8474.459686      task-clock (msec)         #    3.548 CPUs utilized          
                92      context-switches          #    0.011 K/sec                  
                 7      cpu-migrations            #    0.001 K/sec                  
             2,121      page-faults               #    0.250 K/sec                  
   <not supported>      cycles                   
   <not supported>      stalled-cycles-frontend  
   <not supported>      stalled-cycles-backend   
   <not supported>      instructions             
   <not supported>      branches                 
   <not supported>      branch-misses            

       2.388305245 seconds time elapsed

MODO = sem I/O e alloc. memoria
MODO = sem I/O e alloc. memoria

 Performance counter stats for 'mpirun -np 2 -hostfile hostfile ./mandelbrotOpenMPI_omp -2.5 1.5 -2.0 2.0 8192 4 sem':

       8460.821505      task-clock (msec)         #    3.555 CPUs utilized          
                84      context-switches          #    0.010 K/sec                  
                 6      cpu-migrations            #    0.001 K/sec                  
             2,128      page-faults               #    0.252 K/sec                  
   <not supported>      cycles                   
   <not supported>      stalled-cycles-frontend  
   <not supported>      stalled-cycles-backend   
   <not supported>      instructions             
   <not supported>      branches                 
   <not supported>      branch-misses            

       2.379967717 seconds time elapsed

MODO = sem I/O e alloc. memoria
MODO = sem I/O e alloc. memoria

 Performance counter stats for 'mpirun -np 2 -hostfile hostfile ./mandelbrotOpenMPI_omp -2.5 1.5 -2.0 2.0 8192 4 sem':

       8467.405676      task-clock (msec)         #    3.539 CPUs utilized          
                86      context-switches          #    0.010 K/sec                  
                 9      cpu-migrations            #    0.001 K/sec                  
             2,114      page-faults               #    0.250 K/sec                  
   <not supported>      cycles                   
   <not supported>      stalled-cycles-frontend  
   <not supported>      stalled-cycles-backend   
   <not supported>      instructions             
   <not supported>      branches                 
   <not supported>      branch-misses            

       2.392590612 seconds time elapsed

MODO = sem I/O e alloc. memoria
MODO = sem I/O e alloc. memoria

 Performance counter stats for 'mpirun -np 2 -hostfile hostfile ./mandelbrotOpenMPI_omp -2.5 1.5 -2.0 2.0 8192 4 sem':

       8454.004918      task-clock (msec)         #    3.559 CPUs utilized          
                85      context-switches          #    0.010 K/sec                  
                11      cpu-migrations            #    0.001 K/sec                  
             2,115      page-faults               #    0.250 K/sec                  
   <not supported>      cycles                   
   <not supported>      stalled-cycles-frontend  
   <not supported>      stalled-cycles-backend   
   <not supported>      instructions             
   <not supported>      branches                 
   <not supported>      branch-misses            

       2.375314664 seconds time elapsed

MODO = sem I/O e alloc. memoria
MODO = sem I/O e alloc. memoria

 Performance counter stats for 'mpirun -np 2 -hostfile hostfile ./mandelbrotOpenMPI_omp -2.5 1.5 -2.0 2.0 8192 4 sem':

       8468.295590      task-clock (msec)         #    3.552 CPUs utilized          
                91      context-switches          #    0.011 K/sec                  
                10      cpu-migrations            #    0.001 K/sec                  
             2,126      page-faults               #    0.251 K/sec                  
   <not supported>      cycles                   
   <not supported>      stalled-cycles-frontend  
   <not supported>      stalled-cycles-backend   
   <not supported>      instructions             
   <not supported>      branches                 
   <not supported>      branch-misses            

       2.383829352 seconds time elapsed

MODO = sem I/O e alloc. memoria
MODO = sem I/O e alloc. memoria

 Performance counter stats for 'mpirun -np 2 -hostfile hostfile ./mandelbrotOpenMPI_omp -2.5 1.5 -2.0 2.0 8192 4 sem':

       9050.968146      task-clock (msec)         #    3.805 CPUs utilized          
                81      context-switches          #    0.009 K/sec                  
                 9      cpu-migrations            #    0.001 K/sec                  
             2,122      page-faults               #    0.234 K/sec                  
   <not supported>      cycles                   
   <not supported>      stalled-cycles-frontend  
   <not supported>      stalled-cycles-backend   
   <not supported>      instructions             
   <not supported>      branches                 
   <not supported>      branch-misses            

       2.378804023 seconds time elapsed

