MODO = com I/O e alloc. memoria
MODO = com I/O e alloc. memoria

 Performance counter stats for 'mpirun -np 2 -hostfile hostfile ./mandelbrotOpenMPI_omp -0.8 -0.7 0.05 0.15 8192 4 com':

      74595.902285      task-clock (msec)         #    2.668 CPUs utilized          
               331      context-switches          #    0.004 K/sec                  
                13      cpu-migrations            #    0.000 K/sec                  
           755,788      page-faults               #    0.010 M/sec                  
   <not supported>      cycles                   
   <not supported>      stalled-cycles-frontend  
   <not supported>      stalled-cycles-backend   
   <not supported>      instructions             
   <not supported>      branches                 
   <not supported>      branch-misses            

      27.962030660 seconds time elapsed

MODO = com I/O e alloc. memoria
MODO = com I/O e alloc. memoria

 Performance counter stats for 'mpirun -np 2 -hostfile hostfile ./mandelbrotOpenMPI_omp -0.8 -0.7 0.05 0.15 8192 4 com':

      73458.957278      task-clock (msec)         #    2.681 CPUs utilized          
               332      context-switches          #    0.005 K/sec                  
                16      cpu-migrations            #    0.000 K/sec                  
           755,797      page-faults               #    0.010 M/sec                  
   <not supported>      cycles                   
   <not supported>      stalled-cycles-frontend  
   <not supported>      stalled-cycles-backend   
   <not supported>      instructions             
   <not supported>      branches                 
   <not supported>      branch-misses            

      27.398984713 seconds time elapsed

MODO = com I/O e alloc. memoria
MODO = com I/O e alloc. memoria

 Performance counter stats for 'mpirun -np 2 -hostfile hostfile ./mandelbrotOpenMPI_omp -0.8 -0.7 0.05 0.15 8192 4 com':

      74625.326554      task-clock (msec)         #    2.668 CPUs utilized          
               307      context-switches          #    0.004 K/sec                  
                19      cpu-migrations            #    0.000 K/sec                  
           755,791      page-faults               #    0.010 M/sec                  
   <not supported>      cycles                   
   <not supported>      stalled-cycles-frontend  
   <not supported>      stalled-cycles-backend   
   <not supported>      instructions             
   <not supported>      branches                 
   <not supported>      branch-misses            

      27.974017701 seconds time elapsed

MODO = com I/O e alloc. memoria
MODO = com I/O e alloc. memoria

 Performance counter stats for 'mpirun -np 2 -hostfile hostfile ./mandelbrotOpenMPI_omp -0.8 -0.7 0.05 0.15 8192 4 com':

      74592.132012      task-clock (msec)         #    2.670 CPUs utilized          
               352      context-switches          #    0.005 K/sec                  
                16      cpu-migrations            #    0.000 K/sec                  
           755,788      page-faults               #    0.010 M/sec                  
   <not supported>      cycles                   
   <not supported>      stalled-cycles-frontend  
   <not supported>      stalled-cycles-backend   
   <not supported>      instructions             
   <not supported>      branches                 
   <not supported>      branch-misses            

      27.934975717 seconds time elapsed

MODO = com I/O e alloc. memoria
MODO = com I/O e alloc. memoria

 Performance counter stats for 'mpirun -np 2 -hostfile hostfile ./mandelbrotOpenMPI_omp -0.8 -0.7 0.05 0.15 8192 4 com':

      79306.063918      task-clock (msec)         #    2.851 CPUs utilized          
               354      context-switches          #    0.004 K/sec                  
                14      cpu-migrations            #    0.000 K/sec                  
           758,658      page-faults               #    0.010 M/sec                  
   <not supported>      cycles                   
   <not supported>      stalled-cycles-frontend  
   <not supported>      stalled-cycles-backend   
   <not supported>      instructions             
   <not supported>      branches                 
   <not supported>      branch-misses            

      27.819206986 seconds time elapsed

MODO = com I/O e alloc. memoria
MODO = com I/O e alloc. memoria

 Performance counter stats for 'mpirun -np 2 -hostfile hostfile ./mandelbrotOpenMPI_omp -0.8 -0.7 0.05 0.15 8192 4 com':

      75563.948903      task-clock (msec)         #    2.646 CPUs utilized          
               334      context-switches          #    0.004 K/sec                  
                18      cpu-migrations            #    0.000 K/sec                  
           755,793      page-faults               #    0.010 M/sec                  
   <not supported>      cycles                   
   <not supported>      stalled-cycles-frontend  
   <not supported>      stalled-cycles-backend   
   <not supported>      instructions             
   <not supported>      branches                 
   <not supported>      branch-misses            

      28.556775752 seconds time elapsed

MODO = com I/O e alloc. memoria
MODO = com I/O e alloc. memoria

 Performance counter stats for 'mpirun -np 2 -hostfile hostfile ./mandelbrotOpenMPI_omp -0.8 -0.7 0.05 0.15 8192 4 com':

      74368.776591      task-clock (msec)         #    2.674 CPUs utilized          
               311      context-switches          #    0.004 K/sec                  
                12      cpu-migrations            #    0.000 K/sec                  
           755,795      page-faults               #    0.010 M/sec                  
   <not supported>      cycles                   
   <not supported>      stalled-cycles-frontend  
   <not supported>      stalled-cycles-backend   
   <not supported>      instructions             
   <not supported>      branches                 
   <not supported>      branch-misses            

      27.807568842 seconds time elapsed

MODO = com I/O e alloc. memoria
MODO = com I/O e alloc. memoria

 Performance counter stats for 'mpirun -np 2 -hostfile hostfile ./mandelbrotOpenMPI_omp -0.8 -0.7 0.05 0.15 8192 4 com':

      74486.544920      task-clock (msec)         #    2.645 CPUs utilized          
               324      context-switches          #    0.004 K/sec                  
                10      cpu-migrations            #    0.000 K/sec                  
           755,794      page-faults               #    0.010 M/sec                  
   <not supported>      cycles                   
   <not supported>      stalled-cycles-frontend  
   <not supported>      stalled-cycles-backend   
   <not supported>      instructions             
   <not supported>      branches                 
   <not supported>      branch-misses            

      28.161975938 seconds time elapsed

MODO = com I/O e alloc. memoria
MODO = com I/O e alloc. memoria

 Performance counter stats for 'mpirun -np 2 -hostfile hostfile ./mandelbrotOpenMPI_omp -0.8 -0.7 0.05 0.15 8192 4 com':

      74850.902771      task-clock (msec)         #    2.655 CPUs utilized          
               327      context-switches          #    0.004 K/sec                  
                 9      cpu-migrations            #    0.000 K/sec                  
           755,794      page-faults               #    0.010 M/sec                  
   <not supported>      cycles                   
   <not supported>      stalled-cycles-frontend  
   <not supported>      stalled-cycles-backend   
   <not supported>      instructions             
   <not supported>      branches                 
   <not supported>      branch-misses            

      28.188867045 seconds time elapsed

MODO = com I/O e alloc. memoria
MODO = com I/O e alloc. memoria

 Performance counter stats for 'mpirun -np 2 -hostfile hostfile ./mandelbrotOpenMPI_omp -0.8 -0.7 0.05 0.15 8192 4 com':

      74598.813760      task-clock (msec)         #    2.681 CPUs utilized          
               331      context-switches          #    0.004 K/sec                  
                14      cpu-migrations            #    0.000 K/sec                  
           755,795      page-faults               #    0.010 M/sec                  
   <not supported>      cycles                   
   <not supported>      stalled-cycles-frontend  
   <not supported>      stalled-cycles-backend   
   <not supported>      instructions             
   <not supported>      branches                 
   <not supported>      branch-misses            

      27.820814561 seconds time elapsed

