MODO = sem I/O e alloc. memoria
MODO = sem I/O e alloc. memoria

 Performance counter stats for 'mpirun -np 2 -hostfile hostfile ./mandelbrotOpenMPI_omp -0.8 -0.7 0.05 0.15 8192 4 sem':

      65322.948272      task-clock (msec)         #    3.677 CPUs utilized          
               342      context-switches          #    0.005 K/sec                  
                14      cpu-migrations            #    0.000 K/sec                  
             2,109      page-faults               #    0.032 K/sec                  
   <not supported>      cycles                   
   <not supported>      stalled-cycles-frontend  
   <not supported>      stalled-cycles-backend   
   <not supported>      instructions             
   <not supported>      branches                 
   <not supported>      branch-misses            

      17.765124103 seconds time elapsed

MODO = sem I/O e alloc. memoria
MODO = sem I/O e alloc. memoria

 Performance counter stats for 'mpirun -np 2 -hostfile hostfile ./mandelbrotOpenMPI_omp -0.8 -0.7 0.05 0.15 8192 4 sem':

      65239.445776      task-clock (msec)         #    3.675 CPUs utilized          
               263      context-switches          #    0.004 K/sec                  
                11      cpu-migrations            #    0.000 K/sec                  
             2,117      page-faults               #    0.032 K/sec                  
   <not supported>      cycles                   
   <not supported>      stalled-cycles-frontend  
   <not supported>      stalled-cycles-backend   
   <not supported>      instructions             
   <not supported>      branches                 
   <not supported>      branch-misses            

      17.753832325 seconds time elapsed

MODO = sem I/O e alloc. memoria
MODO = sem I/O e alloc. memoria

 Performance counter stats for 'mpirun -np 2 -hostfile hostfile ./mandelbrotOpenMPI_omp -0.8 -0.7 0.05 0.15 8192 4 sem':

      65172.290558      task-clock (msec)         #    3.674 CPUs utilized          
               318      context-switches          #    0.005 K/sec                  
                11      cpu-migrations            #    0.000 K/sec                  
             2,122      page-faults               #    0.033 K/sec                  
   <not supported>      cycles                   
   <not supported>      stalled-cycles-frontend  
   <not supported>      stalled-cycles-backend   
   <not supported>      instructions             
   <not supported>      branches                 
   <not supported>      branch-misses            

      17.740641239 seconds time elapsed

MODO = sem I/O e alloc. memoria
MODO = sem I/O e alloc. memoria

 Performance counter stats for 'mpirun -np 2 -hostfile hostfile ./mandelbrotOpenMPI_omp -0.8 -0.7 0.05 0.15 8192 4 sem':

      65218.793719      task-clock (msec)         #    3.676 CPUs utilized          
               256      context-switches          #    0.004 K/sec                  
                16      cpu-migrations            #    0.000 K/sec                  
             2,115      page-faults               #    0.032 K/sec                  
   <not supported>      cycles                   
   <not supported>      stalled-cycles-frontend  
   <not supported>      stalled-cycles-backend   
   <not supported>      instructions             
   <not supported>      branches                 
   <not supported>      branch-misses            

      17.740364347 seconds time elapsed

MODO = sem I/O e alloc. memoria
MODO = sem I/O e alloc. memoria

 Performance counter stats for 'mpirun -np 2 -hostfile hostfile ./mandelbrotOpenMPI_omp -0.8 -0.7 0.05 0.15 8192 4 sem':

      65265.635655      task-clock (msec)         #    3.675 CPUs utilized          
               283      context-switches          #    0.004 K/sec                  
                10      cpu-migrations            #    0.000 K/sec                  
             2,127      page-faults               #    0.033 K/sec                  
   <not supported>      cycles                   
   <not supported>      stalled-cycles-frontend  
   <not supported>      stalled-cycles-backend   
   <not supported>      instructions             
   <not supported>      branches                 
   <not supported>      branch-misses            

      17.760781522 seconds time elapsed

MODO = sem I/O e alloc. memoria
MODO = sem I/O e alloc. memoria

 Performance counter stats for 'mpirun -np 2 -hostfile hostfile ./mandelbrotOpenMPI_omp -0.8 -0.7 0.05 0.15 8192 4 sem':

      65268.379134      task-clock (msec)         #    3.678 CPUs utilized          
               275      context-switches          #    0.004 K/sec                  
                11      cpu-migrations            #    0.000 K/sec                  
             2,119      page-faults               #    0.032 K/sec                  
   <not supported>      cycles                   
   <not supported>      stalled-cycles-frontend  
   <not supported>      stalled-cycles-backend   
   <not supported>      instructions             
   <not supported>      branches                 
   <not supported>      branch-misses            

      17.746595235 seconds time elapsed

MODO = sem I/O e alloc. memoria
MODO = sem I/O e alloc. memoria

 Performance counter stats for 'mpirun -np 2 -hostfile hostfile ./mandelbrotOpenMPI_omp -0.8 -0.7 0.05 0.15 8192 4 sem':

      65180.927226      task-clock (msec)         #    3.676 CPUs utilized          
               278      context-switches          #    0.004 K/sec                  
                11      cpu-migrations            #    0.000 K/sec                  
             2,120      page-faults               #    0.033 K/sec                  
   <not supported>      cycles                   
   <not supported>      stalled-cycles-frontend  
   <not supported>      stalled-cycles-backend   
   <not supported>      instructions             
   <not supported>      branches                 
   <not supported>      branch-misses            

      17.731567502 seconds time elapsed

MODO = sem I/O e alloc. memoria
MODO = sem I/O e alloc. memoria

 Performance counter stats for 'mpirun -np 2 -hostfile hostfile ./mandelbrotOpenMPI_omp -0.8 -0.7 0.05 0.15 8192 4 sem':

      65384.660247      task-clock (msec)         #    3.683 CPUs utilized          
               296      context-switches          #    0.005 K/sec                  
                12      cpu-migrations            #    0.000 K/sec                  
             2,120      page-faults               #    0.032 K/sec                  
   <not supported>      cycles                   
   <not supported>      stalled-cycles-frontend  
   <not supported>      stalled-cycles-backend   
   <not supported>      instructions             
   <not supported>      branches                 
   <not supported>      branch-misses            

      17.752901386 seconds time elapsed

MODO = sem I/O e alloc. memoria
MODO = sem I/O e alloc. memoria

 Performance counter stats for 'mpirun -np 2 -hostfile hostfile ./mandelbrotOpenMPI_omp -0.8 -0.7 0.05 0.15 8192 4 sem':

      65456.291714      task-clock (msec)         #    3.680 CPUs utilized          
               266      context-switches          #    0.004 K/sec                  
                 9      cpu-migrations            #    0.000 K/sec                  
             2,121      page-faults               #    0.032 K/sec                  
   <not supported>      cycles                   
   <not supported>      stalled-cycles-frontend  
   <not supported>      stalled-cycles-backend   
   <not supported>      instructions             
   <not supported>      branches                 
   <not supported>      branch-misses            

      17.786536888 seconds time elapsed

MODO = sem I/O e alloc. memoria
MODO = sem I/O e alloc. memoria

 Performance counter stats for 'mpirun -np 2 -hostfile hostfile ./mandelbrotOpenMPI_omp -0.8 -0.7 0.05 0.15 8192 4 sem':

      65241.541793      task-clock (msec)         #    3.678 CPUs utilized          
               277      context-switches          #    0.004 K/sec                  
                11      cpu-migrations            #    0.000 K/sec                  
             2,112      page-faults               #    0.032 K/sec                  
   <not supported>      cycles                   
   <not supported>      stalled-cycles-frontend  
   <not supported>      stalled-cycles-backend   
   <not supported>      instructions             
   <not supported>      branches                 
   <not supported>      branch-misses            

      17.737700503 seconds time elapsed

