MODO = com I/O e alloc. memoria
MODO = com I/O e alloc. memoria

 Performance counter stats for 'mpirun -np 2 -hostfile hostfile ./mandelbrotOpenMPI_omp -0.188 -0.012 0.554 0.754 8192 4 com':

      78160.898232      task-clock (msec)         #    2.724 CPUs utilized          
               944      context-switches          #    0.012 K/sec                  
                13      cpu-migrations            #    0.000 K/sec                  
           756,356      page-faults               #    0.010 M/sec                  
   <not supported>      cycles                   
   <not supported>      stalled-cycles-frontend  
   <not supported>      stalled-cycles-backend   
   <not supported>      instructions             
   <not supported>      branches                 
   <not supported>      branch-misses            

      28.692394860 seconds time elapsed

MODO = com I/O e alloc. memoria
MODO = com I/O e alloc. memoria

 Performance counter stats for 'mpirun -np 2 -hostfile hostfile ./mandelbrotOpenMPI_omp -0.188 -0.012 0.554 0.754 8192 4 com':

      77558.635679      task-clock (msec)         #    2.714 CPUs utilized          
               338      context-switches          #    0.004 K/sec                  
                15      cpu-migrations            #    0.000 K/sec                  
           756,608      page-faults               #    0.010 M/sec                  
   <not supported>      cycles                   
   <not supported>      stalled-cycles-frontend  
   <not supported>      stalled-cycles-backend   
   <not supported>      instructions             
   <not supported>      branches                 
   <not supported>      branch-misses            

      28.574497905 seconds time elapsed

MODO = com I/O e alloc. memoria
MODO = com I/O e alloc. memoria

 Performance counter stats for 'mpirun -np 2 -hostfile hostfile ./mandelbrotOpenMPI_omp -0.188 -0.012 0.554 0.754 8192 4 com':

      78224.018964      task-clock (msec)         #    2.722 CPUs utilized          
               373      context-switches          #    0.005 K/sec                  
                12      cpu-migrations            #    0.000 K/sec                  
           755,944      page-faults               #    0.010 M/sec                  
   <not supported>      cycles                   
   <not supported>      stalled-cycles-frontend  
   <not supported>      stalled-cycles-backend   
   <not supported>      instructions             
   <not supported>      branches                 
   <not supported>      branch-misses            

      28.736256564 seconds time elapsed

MODO = com I/O e alloc. memoria
MODO = com I/O e alloc. memoria

 Performance counter stats for 'mpirun -np 2 -hostfile hostfile ./mandelbrotOpenMPI_omp -0.188 -0.012 0.554 0.754 8192 4 com':

      77575.675190      task-clock (msec)         #    2.718 CPUs utilized          
               946      context-switches          #    0.012 K/sec                  
                12      cpu-migrations            #    0.000 K/sec                  
           756,540      page-faults               #    0.010 M/sec                  
   <not supported>      cycles                   
   <not supported>      stalled-cycles-frontend  
   <not supported>      stalled-cycles-backend   
   <not supported>      instructions             
   <not supported>      branches                 
   <not supported>      branch-misses            

      28.538007532 seconds time elapsed

MODO = com I/O e alloc. memoria
MODO = com I/O e alloc. memoria

 Performance counter stats for 'mpirun -np 2 -hostfile hostfile ./mandelbrotOpenMPI_omp -0.188 -0.012 0.554 0.754 8192 4 com':

      77563.390543      task-clock (msec)         #    2.715 CPUs utilized          
               328      context-switches          #    0.004 K/sec                  
                15      cpu-migrations            #    0.000 K/sec                  
           756,133      page-faults               #    0.010 M/sec                  
   <not supported>      cycles                   
   <not supported>      stalled-cycles-frontend  
   <not supported>      stalled-cycles-backend   
   <not supported>      instructions             
   <not supported>      branches                 
   <not supported>      branch-misses            

      28.564929246 seconds time elapsed

MODO = com I/O e alloc. memoria
MODO = com I/O e alloc. memoria

 Performance counter stats for 'mpirun -np 2 -hostfile hostfile ./mandelbrotOpenMPI_omp -0.188 -0.012 0.554 0.754 8192 4 com':

      77286.459382      task-clock (msec)         #    2.718 CPUs utilized          
               331      context-switches          #    0.004 K/sec                  
                12      cpu-migrations            #    0.000 K/sec                  
           755,856      page-faults               #    0.010 M/sec                  
   <not supported>      cycles                   
   <not supported>      stalled-cycles-frontend  
   <not supported>      stalled-cycles-backend   
   <not supported>      instructions             
   <not supported>      branches                 
   <not supported>      branch-misses            

      28.439747224 seconds time elapsed

MODO = com I/O e alloc. memoria
MODO = com I/O e alloc. memoria

 Performance counter stats for 'mpirun -np 2 -hostfile hostfile ./mandelbrotOpenMPI_omp -0.188 -0.012 0.554 0.754 8192 4 com':

      78359.717570      task-clock (msec)         #    2.788 CPUs utilized          
               792      context-switches          #    0.010 K/sec                  
                 9      cpu-migrations            #    0.000 K/sec                  
           756,229      page-faults               #    0.010 M/sec                  
   <not supported>      cycles                   
   <not supported>      stalled-cycles-frontend  
   <not supported>      stalled-cycles-backend   
   <not supported>      instructions             
   <not supported>      branches                 
   <not supported>      branch-misses            

      28.107952140 seconds time elapsed

MODO = com I/O e alloc. memoria
MODO = com I/O e alloc. memoria

 Performance counter stats for 'mpirun -np 2 -hostfile hostfile ./mandelbrotOpenMPI_omp -0.188 -0.012 0.554 0.754 8192 4 com':

      77865.113576      task-clock (msec)         #    2.725 CPUs utilized          
               400      context-switches          #    0.005 K/sec                  
                16      cpu-migrations            #    0.000 K/sec                  
           756,252      page-faults               #    0.010 M/sec                  
   <not supported>      cycles                   
   <not supported>      stalled-cycles-frontend  
   <not supported>      stalled-cycles-backend   
   <not supported>      instructions             
   <not supported>      branches                 
   <not supported>      branch-misses            

      28.572191276 seconds time elapsed

MODO = com I/O e alloc. memoria
MODO = com I/O e alloc. memoria

 Performance counter stats for 'mpirun -np 2 -hostfile hostfile ./mandelbrotOpenMPI_omp -0.188 -0.012 0.554 0.754 8192 4 com':

      77581.425447      task-clock (msec)         #    2.756 CPUs utilized          
               639      context-switches          #    0.008 K/sec                  
                11      cpu-migrations            #    0.000 K/sec                  
           756,646      page-faults               #    0.010 M/sec                  
   <not supported>      cycles                   
   <not supported>      stalled-cycles-frontend  
   <not supported>      stalled-cycles-backend   
   <not supported>      instructions             
   <not supported>      branches                 
   <not supported>      branch-misses            

      28.145637656 seconds time elapsed

MODO = com I/O e alloc. memoria
MODO = com I/O e alloc. memoria

 Performance counter stats for 'mpirun -np 2 -hostfile hostfile ./mandelbrotOpenMPI_omp -0.188 -0.012 0.554 0.754 8192 4 com':

      77856.412416      task-clock (msec)         #    2.708 CPUs utilized          
               337      context-switches          #    0.004 K/sec                  
                14      cpu-migrations            #    0.000 K/sec                  
           756,461      page-faults               #    0.010 M/sec                  
   <not supported>      cycles                   
   <not supported>      stalled-cycles-frontend  
   <not supported>      stalled-cycles-backend   
   <not supported>      instructions             
   <not supported>      branches                 
   <not supported>      branch-misses            

      28.754807380 seconds time elapsed

