MODO = sem I/O e alloc. memoria
MODO = sem I/O e alloc. memoria

 Performance counter stats for 'mpirun -np 2 -hostfile hostfile ./mandelbrotOpenMPI_omp -0.188 -0.012 0.554 0.754 8192 4 sem':

      69938.540316      task-clock (msec)         #    3.672 CPUs utilized          
               315      context-switches          #    0.005 K/sec                  
                10      cpu-migrations            #    0.000 K/sec                  
             2,119      page-faults               #    0.030 K/sec                  
   <not supported>      cycles                   
   <not supported>      stalled-cycles-frontend  
   <not supported>      stalled-cycles-backend   
   <not supported>      instructions             
   <not supported>      branches                 
   <not supported>      branch-misses            

      19.047314254 seconds time elapsed

MODO = sem I/O e alloc. memoria
MODO = sem I/O e alloc. memoria

 Performance counter stats for 'mpirun -np 2 -hostfile hostfile ./mandelbrotOpenMPI_omp -0.188 -0.012 0.554 0.754 8192 4 sem':

      70002.685778      task-clock (msec)         #    3.676 CPUs utilized          
               289      context-switches          #    0.004 K/sec                  
                 7      cpu-migrations            #    0.000 K/sec                  
             2,116      page-faults               #    0.030 K/sec                  
   <not supported>      cycles                   
   <not supported>      stalled-cycles-frontend  
   <not supported>      stalled-cycles-backend   
   <not supported>      instructions             
   <not supported>      branches                 
   <not supported>      branch-misses            

      19.043436946 seconds time elapsed

MODO = sem I/O e alloc. memoria
MODO = sem I/O e alloc. memoria

 Performance counter stats for 'mpirun -np 2 -hostfile hostfile ./mandelbrotOpenMPI_omp -0.188 -0.012 0.554 0.754 8192 4 sem':

      70462.735520      task-clock (msec)         #    3.676 CPUs utilized          
               291      context-switches          #    0.004 K/sec                  
                13      cpu-migrations            #    0.000 K/sec                  
             2,120      page-faults               #    0.030 K/sec                  
   <not supported>      cycles                   
   <not supported>      stalled-cycles-frontend  
   <not supported>      stalled-cycles-backend   
   <not supported>      instructions             
   <not supported>      branches                 
   <not supported>      branch-misses            

      19.168063657 seconds time elapsed

MODO = sem I/O e alloc. memoria
MODO = sem I/O e alloc. memoria

 Performance counter stats for 'mpirun -np 2 -hostfile hostfile ./mandelbrotOpenMPI_omp -0.188 -0.012 0.554 0.754 8192 4 sem':

      68967.175520      task-clock (msec)         #    3.724 CPUs utilized          
               277      context-switches          #    0.004 K/sec                  
                11      cpu-migrations            #    0.000 K/sec                  
             2,120      page-faults               #    0.031 K/sec                  
   <not supported>      cycles                   
   <not supported>      stalled-cycles-frontend  
   <not supported>      stalled-cycles-backend   
   <not supported>      instructions             
   <not supported>      branches                 
   <not supported>      branch-misses            

      18.518619932 seconds time elapsed

MODO = sem I/O e alloc. memoria
MODO = sem I/O e alloc. memoria

 Performance counter stats for 'mpirun -np 2 -hostfile hostfile ./mandelbrotOpenMPI_omp -0.188 -0.012 0.554 0.754 8192 4 sem':

      69962.699973      task-clock (msec)         #    3.677 CPUs utilized          
               268      context-switches          #    0.004 K/sec                  
                11      cpu-migrations            #    0.000 K/sec                  
             2,120      page-faults               #    0.030 K/sec                  
   <not supported>      cycles                   
   <not supported>      stalled-cycles-frontend  
   <not supported>      stalled-cycles-backend   
   <not supported>      instructions             
   <not supported>      branches                 
   <not supported>      branch-misses            

      19.028861370 seconds time elapsed

MODO = sem I/O e alloc. memoria
MODO = sem I/O e alloc. memoria

 Performance counter stats for 'mpirun -np 2 -hostfile hostfile ./mandelbrotOpenMPI_omp -0.188 -0.012 0.554 0.754 8192 4 sem':

      69987.280133      task-clock (msec)         #    3.676 CPUs utilized          
               277      context-switches          #    0.004 K/sec                  
                 8      cpu-migrations            #    0.000 K/sec                  
             2,123      page-faults               #    0.030 K/sec                  
   <not supported>      cycles                   
   <not supported>      stalled-cycles-frontend  
   <not supported>      stalled-cycles-backend   
   <not supported>      instructions             
   <not supported>      branches                 
   <not supported>      branch-misses            

      19.041193055 seconds time elapsed

MODO = sem I/O e alloc. memoria
MODO = sem I/O e alloc. memoria

 Performance counter stats for 'mpirun -np 2 -hostfile hostfile ./mandelbrotOpenMPI_omp -0.188 -0.012 0.554 0.754 8192 4 sem':

      69986.070841      task-clock (msec)         #    3.677 CPUs utilized          
               265      context-switches          #    0.004 K/sec                  
                11      cpu-migrations            #    0.000 K/sec                  
             2,127      page-faults               #    0.030 K/sec                  
   <not supported>      cycles                   
   <not supported>      stalled-cycles-frontend  
   <not supported>      stalled-cycles-backend   
   <not supported>      instructions             
   <not supported>      branches                 
   <not supported>      branch-misses            

      19.031397400 seconds time elapsed

MODO = sem I/O e alloc. memoria
MODO = sem I/O e alloc. memoria

 Performance counter stats for 'mpirun -np 2 -hostfile hostfile ./mandelbrotOpenMPI_omp -0.188 -0.012 0.554 0.754 8192 4 sem':

      69900.555067      task-clock (msec)         #    3.676 CPUs utilized          
               280      context-switches          #    0.004 K/sec                  
                 8      cpu-migrations            #    0.000 K/sec                  
             2,108      page-faults               #    0.030 K/sec                  
   <not supported>      cycles                   
   <not supported>      stalled-cycles-frontend  
   <not supported>      stalled-cycles-backend   
   <not supported>      instructions             
   <not supported>      branches                 
   <not supported>      branch-misses            

      19.015098291 seconds time elapsed

MODO = sem I/O e alloc. memoria
MODO = sem I/O e alloc. memoria

 Performance counter stats for 'mpirun -np 2 -hostfile hostfile ./mandelbrotOpenMPI_omp -0.188 -0.012 0.554 0.754 8192 4 sem':

      69984.523770      task-clock (msec)         #    3.676 CPUs utilized          
               298      context-switches          #    0.004 K/sec                  
                12      cpu-migrations            #    0.000 K/sec                  
             2,116      page-faults               #    0.030 K/sec                  
   <not supported>      cycles                   
   <not supported>      stalled-cycles-frontend  
   <not supported>      stalled-cycles-backend   
   <not supported>      instructions             
   <not supported>      branches                 
   <not supported>      branch-misses            

      19.038141285 seconds time elapsed

MODO = sem I/O e alloc. memoria
MODO = sem I/O e alloc. memoria

 Performance counter stats for 'mpirun -np 2 -hostfile hostfile ./mandelbrotOpenMPI_omp -0.188 -0.012 0.554 0.754 8192 4 sem':

      69028.016824      task-clock (msec)         #    3.726 CPUs utilized          
               274      context-switches          #    0.004 K/sec                  
                13      cpu-migrations            #    0.000 K/sec                  
             2,119      page-faults               #    0.031 K/sec                  
   <not supported>      cycles                   
   <not supported>      stalled-cycles-frontend  
   <not supported>      stalled-cycles-backend   
   <not supported>      instructions             
   <not supported>      branches                 
   <not supported>      branch-misses            

      18.526114358 seconds time elapsed

