MODO = com I/O e alloc. memoria
MODO = com I/O e alloc. memoria

 Performance counter stats for 'mpirun -np 2 -hostfile hostfile ./mandelbrotOpenMPI_seq 0.175 0.375 -0.1 0.1 8192 com':

      51511.166497      task-clock (msec)         #    0.963 CPUs utilized          
               216      context-switches          #    0.004 K/sec                  
                 8      cpu-migrations            #    0.000 K/sec                  
           755,777      page-faults               #    0.015 M/sec                  
   <not supported>      cycles                   
   <not supported>      stalled-cycles-frontend  
   <not supported>      stalled-cycles-backend   
   <not supported>      instructions             
   <not supported>      branches                 
   <not supported>      branch-misses            

      53.498092354 seconds time elapsed

MODO = com I/O e alloc. memoria
MODO = com I/O e alloc. memoria

 Performance counter stats for 'mpirun -np 2 -hostfile hostfile ./mandelbrotOpenMPI_seq 0.175 0.375 -0.1 0.1 8192 com':

      52291.433193      task-clock (msec)         #    0.964 CPUs utilized          
               222      context-switches          #    0.004 K/sec                  
                 5      cpu-migrations            #    0.000 K/sec                  
           755,786      page-faults               #    0.014 M/sec                  
   <not supported>      cycles                   
   <not supported>      stalled-cycles-frontend  
   <not supported>      stalled-cycles-backend   
   <not supported>      instructions             
   <not supported>      branches                 
   <not supported>      branch-misses            

      54.248691679 seconds time elapsed

MODO = com I/O e alloc. memoria
MODO = com I/O e alloc. memoria

 Performance counter stats for 'mpirun -np 2 -hostfile hostfile ./mandelbrotOpenMPI_seq 0.175 0.375 -0.1 0.1 8192 com':

      52425.086952      task-clock (msec)         #    0.965 CPUs utilized          
               220      context-switches          #    0.004 K/sec                  
                 7      cpu-migrations            #    0.000 K/sec                  
           755,768      page-faults               #    0.014 M/sec                  
   <not supported>      cycles                   
   <not supported>      stalled-cycles-frontend  
   <not supported>      stalled-cycles-backend   
   <not supported>      instructions             
   <not supported>      branches                 
   <not supported>      branch-misses            

      54.306430800 seconds time elapsed

MODO = com I/O e alloc. memoria
MODO = com I/O e alloc. memoria

 Performance counter stats for 'mpirun -np 2 -hostfile hostfile ./mandelbrotOpenMPI_seq 0.175 0.375 -0.1 0.1 8192 com':

      52283.801161      task-clock (msec)         #    0.965 CPUs utilized          
               220      context-switches          #    0.004 K/sec                  
                 7      cpu-migrations            #    0.000 K/sec                  
           755,779      page-faults               #    0.014 M/sec                  
   <not supported>      cycles                   
   <not supported>      stalled-cycles-frontend  
   <not supported>      stalled-cycles-backend   
   <not supported>      instructions             
   <not supported>      branches                 
   <not supported>      branch-misses            

      54.194088529 seconds time elapsed

MODO = com I/O e alloc. memoria
MODO = com I/O e alloc. memoria

 Performance counter stats for 'mpirun -np 2 -hostfile hostfile ./mandelbrotOpenMPI_seq 0.175 0.375 -0.1 0.1 8192 com':

      51206.423597      task-clock (msec)         #    0.976 CPUs utilized          
               216      context-switches          #    0.004 K/sec                  
                 6      cpu-migrations            #    0.000 K/sec                  
           755,781      page-faults               #    0.015 M/sec                  
   <not supported>      cycles                   
   <not supported>      stalled-cycles-frontend  
   <not supported>      stalled-cycles-backend   
   <not supported>      instructions             
   <not supported>      branches                 
   <not supported>      branch-misses            

      52.455178732 seconds time elapsed

MODO = com I/O e alloc. memoria
MODO = com I/O e alloc. memoria

 Performance counter stats for 'mpirun -np 2 -hostfile hostfile ./mandelbrotOpenMPI_seq 0.175 0.375 -0.1 0.1 8192 com':

      53712.655689      task-clock (msec)         #    0.977 CPUs utilized          
               216      context-switches          #    0.004 K/sec                  
                13      cpu-migrations            #    0.000 K/sec                  
           755,779      page-faults               #    0.014 M/sec                  
   <not supported>      cycles                   
   <not supported>      stalled-cycles-frontend  
   <not supported>      stalled-cycles-backend   
   <not supported>      instructions             
   <not supported>      branches                 
   <not supported>      branch-misses            

      54.966926138 seconds time elapsed

MODO = com I/O e alloc. memoria
MODO = com I/O e alloc. memoria

 Performance counter stats for 'mpirun -np 2 -hostfile hostfile ./mandelbrotOpenMPI_seq 0.175 0.375 -0.1 0.1 8192 com':

      51704.626222      task-clock (msec)         #    0.984 CPUs utilized          
               266      context-switches          #    0.005 K/sec                  
                10      cpu-migrations            #    0.000 K/sec                  
           755,783      page-faults               #    0.015 M/sec                  
   <not supported>      cycles                   
   <not supported>      stalled-cycles-frontend  
   <not supported>      stalled-cycles-backend   
   <not supported>      instructions             
   <not supported>      branches                 
   <not supported>      branch-misses            

      52.519118162 seconds time elapsed

MODO = com I/O e alloc. memoria
MODO = com I/O e alloc. memoria

 Performance counter stats for 'mpirun -np 2 -hostfile hostfile ./mandelbrotOpenMPI_seq 0.175 0.375 -0.1 0.1 8192 com':

      52063.569093      task-clock (msec)         #    0.977 CPUs utilized          
               213      context-switches          #    0.004 K/sec                  
                 4      cpu-migrations            #    0.000 K/sec                  
           755,775      page-faults               #    0.015 M/sec                  
   <not supported>      cycles                   
   <not supported>      stalled-cycles-frontend  
   <not supported>      stalled-cycles-backend   
   <not supported>      instructions             
   <not supported>      branches                 
   <not supported>      branch-misses            

      53.285825806 seconds time elapsed

MODO = com I/O e alloc. memoria
MODO = com I/O e alloc. memoria

 Performance counter stats for 'mpirun -np 2 -hostfile hostfile ./mandelbrotOpenMPI_seq 0.175 0.375 -0.1 0.1 8192 com':

      52451.766323      task-clock (msec)         #    0.977 CPUs utilized          
               211      context-switches          #    0.004 K/sec                  
                 5      cpu-migrations            #    0.000 K/sec                  
           755,785      page-faults               #    0.014 M/sec                  
   <not supported>      cycles                   
   <not supported>      stalled-cycles-frontend  
   <not supported>      stalled-cycles-backend   
   <not supported>      instructions             
   <not supported>      branches                 
   <not supported>      branch-misses            

      53.667557729 seconds time elapsed

MODO = com I/O e alloc. memoria
MODO = com I/O e alloc. memoria

 Performance counter stats for 'mpirun -np 2 -hostfile hostfile ./mandelbrotOpenMPI_seq 0.175 0.375 -0.1 0.1 8192 com':

      51871.660231      task-clock (msec)         #    0.977 CPUs utilized          
               210      context-switches          #    0.004 K/sec                  
                 3      cpu-migrations            #    0.000 K/sec                  
           755,778      page-faults               #    0.015 M/sec                  
   <not supported>      cycles                   
   <not supported>      stalled-cycles-frontend  
   <not supported>      stalled-cycles-backend   
   <not supported>      instructions             
   <not supported>      branches                 
   <not supported>      branch-misses            

      53.099235688 seconds time elapsed

