MODO = sem I/O e alloc. memoria
MODO = sem I/O e alloc. memoria

 Performance counter stats for 'mpirun -np 2 -hostfile hostfile ./mandelbrotOpenMPI_seq 0.175 0.375 -0.1 0.1 8192 sem':

      45462.657953      task-clock (msec)         #    0.998 CPUs utilized          
               220      context-switches          #    0.005 K/sec                  
                11      cpu-migrations            #    0.000 K/sec                  
             2,097      page-faults               #    0.046 K/sec                  
   <not supported>      cycles                   
   <not supported>      stalled-cycles-frontend  
   <not supported>      stalled-cycles-backend   
   <not supported>      instructions             
   <not supported>      branches                 
   <not supported>      branch-misses            

      45.536643568 seconds time elapsed

MODO = sem I/O e alloc. memoria
MODO = sem I/O e alloc. memoria

 Performance counter stats for 'mpirun -np 2 -hostfile hostfile ./mandelbrotOpenMPI_seq 0.175 0.375 -0.1 0.1 8192 sem':

      44485.990771      task-clock (msec)         #    0.994 CPUs utilized          
               166      context-switches          #    0.004 K/sec                  
                 5      cpu-migrations            #    0.000 K/sec                  
             2,098      page-faults               #    0.047 K/sec                  
   <not supported>      cycles                   
   <not supported>      stalled-cycles-frontend  
   <not supported>      stalled-cycles-backend   
   <not supported>      instructions             
   <not supported>      branches                 
   <not supported>      branch-misses            

      44.744764066 seconds time elapsed

MODO = sem I/O e alloc. memoria
MODO = sem I/O e alloc. memoria

 Performance counter stats for 'mpirun -np 2 -hostfile hostfile ./mandelbrotOpenMPI_seq 0.175 0.375 -0.1 0.1 8192 sem':

      45070.836496      task-clock (msec)         #    0.998 CPUs utilized          
               218      context-switches          #    0.005 K/sec                  
                10      cpu-migrations            #    0.000 K/sec                  
             2,107      page-faults               #    0.047 K/sec                  
   <not supported>      cycles                   
   <not supported>      stalled-cycles-frontend  
   <not supported>      stalled-cycles-backend   
   <not supported>      instructions             
   <not supported>      branches                 
   <not supported>      branch-misses            

      45.145569747 seconds time elapsed

MODO = sem I/O e alloc. memoria
MODO = sem I/O e alloc. memoria

 Performance counter stats for 'mpirun -np 2 -hostfile hostfile ./mandelbrotOpenMPI_seq 0.175 0.375 -0.1 0.1 8192 sem':

      45094.282265      task-clock (msec)         #    0.969 CPUs utilized          
               171      context-switches          #    0.004 K/sec                  
                 5      cpu-migrations            #    0.000 K/sec                  
             2,104      page-faults               #    0.047 K/sec                  
   <not supported>      cycles                   
   <not supported>      stalled-cycles-frontend  
   <not supported>      stalled-cycles-backend   
   <not supported>      instructions             
   <not supported>      branches                 
   <not supported>      branch-misses            

      46.530206188 seconds time elapsed

MODO = sem I/O e alloc. memoria
MODO = sem I/O e alloc. memoria

 Performance counter stats for 'mpirun -np 2 -hostfile hostfile ./mandelbrotOpenMPI_seq 0.175 0.375 -0.1 0.1 8192 sem':

      44450.271470      task-clock (msec)         #    0.973 CPUs utilized          
               221      context-switches          #    0.005 K/sec                  
                 9      cpu-migrations            #    0.000 K/sec                  
             2,108      page-faults               #    0.047 K/sec                  
   <not supported>      cycles                   
   <not supported>      stalled-cycles-frontend  
   <not supported>      stalled-cycles-backend   
   <not supported>      instructions             
   <not supported>      branches                 
   <not supported>      branch-misses            

      45.675893662 seconds time elapsed

MODO = sem I/O e alloc. memoria
MODO = sem I/O e alloc. memoria

 Performance counter stats for 'mpirun -np 2 -hostfile hostfile ./mandelbrotOpenMPI_seq 0.175 0.375 -0.1 0.1 8192 sem':

      45008.232988      task-clock (msec)         #    0.998 CPUs utilized          
               174      context-switches          #    0.004 K/sec                  
                 6      cpu-migrations            #    0.000 K/sec                  
             2,101      page-faults               #    0.047 K/sec                  
   <not supported>      cycles                   
   <not supported>      stalled-cycles-frontend  
   <not supported>      stalled-cycles-backend   
   <not supported>      instructions             
   <not supported>      branches                 
   <not supported>      branch-misses            

      45.086968459 seconds time elapsed

MODO = sem I/O e alloc. memoria
MODO = sem I/O e alloc. memoria

 Performance counter stats for 'mpirun -np 2 -hostfile hostfile ./mandelbrotOpenMPI_seq 0.175 0.375 -0.1 0.1 8192 sem':

      45371.680640      task-clock (msec)         #    0.998 CPUs utilized          
               169      context-switches          #    0.004 K/sec                  
                 5      cpu-migrations            #    0.000 K/sec                  
             2,105      page-faults               #    0.046 K/sec                  
   <not supported>      cycles                   
   <not supported>      stalled-cycles-frontend  
   <not supported>      stalled-cycles-backend   
   <not supported>      instructions             
   <not supported>      branches                 
   <not supported>      branch-misses            

      45.447061557 seconds time elapsed

MODO = sem I/O e alloc. memoria
MODO = sem I/O e alloc. memoria

 Performance counter stats for 'mpirun -np 2 -hostfile hostfile ./mandelbrotOpenMPI_seq 0.175 0.375 -0.1 0.1 8192 sem':

      44809.568604      task-clock (msec)         #    0.980 CPUs utilized          
               172      context-switches          #    0.004 K/sec                  
                 4      cpu-migrations            #    0.000 K/sec                  
             2,103      page-faults               #    0.047 K/sec                  
   <not supported>      cycles                   
   <not supported>      stalled-cycles-frontend  
   <not supported>      stalled-cycles-backend   
   <not supported>      instructions             
   <not supported>      branches                 
   <not supported>      branch-misses            

      45.730508168 seconds time elapsed

MODO = sem I/O e alloc. memoria
MODO = sem I/O e alloc. memoria

 Performance counter stats for 'mpirun -np 2 -hostfile hostfile ./mandelbrotOpenMPI_seq 0.175 0.375 -0.1 0.1 8192 sem':

      44421.765239      task-clock (msec)         #    0.995 CPUs utilized          
               220      context-switches          #    0.005 K/sec                  
                 8      cpu-migrations            #    0.000 K/sec                  
             2,112      page-faults               #    0.048 K/sec                  
   <not supported>      cycles                   
   <not supported>      stalled-cycles-frontend  
   <not supported>      stalled-cycles-backend   
   <not supported>      instructions             
   <not supported>      branches                 
   <not supported>      branch-misses            

      44.662707413 seconds time elapsed

MODO = sem I/O e alloc. memoria
MODO = sem I/O e alloc. memoria

 Performance counter stats for 'mpirun -np 2 -hostfile hostfile ./mandelbrotOpenMPI_seq 0.175 0.375 -0.1 0.1 8192 sem':

      44589.555385      task-clock (msec)         #    0.998 CPUs utilized          
               172      context-switches          #    0.004 K/sec                  
                 6      cpu-migrations            #    0.000 K/sec                  
             2,115      page-faults               #    0.047 K/sec                  
   <not supported>      cycles                   
   <not supported>      stalled-cycles-frontend  
   <not supported>      stalled-cycles-backend   
   <not supported>      instructions             
   <not supported>      branches                 
   <not supported>      branch-misses            

      44.668883119 seconds time elapsed

