MODO = sem I/O e alloc. memoria
MODO = sem I/O e alloc. memoria

 Performance counter stats for 'mpirun -np 2 -hostfile hostfile ./mandelbrotOpenMPI_seq -2.5 1.5 -2.0 2.0 8192 sem':

       6617.759887      task-clock (msec)         #    0.988 CPUs utilized          
                65      context-switches          #    0.010 K/sec                  
                 5      cpu-migrations            #    0.001 K/sec                  
             2,105      page-faults               #    0.318 K/sec                  
   <not supported>      cycles                   
   <not supported>      stalled-cycles-frontend  
   <not supported>      stalled-cycles-backend   
   <not supported>      instructions             
   <not supported>      branches                 
   <not supported>      branch-misses            

       6.696977215 seconds time elapsed

MODO = sem I/O e alloc. memoria
MODO = sem I/O e alloc. memoria

 Performance counter stats for 'mpirun -np 2 -hostfile hostfile ./mandelbrotOpenMPI_seq -2.5 1.5 -2.0 2.0 8192 sem':

       6919.770177      task-clock (msec)         #    0.989 CPUs utilized          
                73      context-switches          #    0.011 K/sec                  
                 7      cpu-migrations            #    0.001 K/sec                  
             2,097      page-faults               #    0.303 K/sec                  
   <not supported>      cycles                   
   <not supported>      stalled-cycles-frontend  
   <not supported>      stalled-cycles-backend   
   <not supported>      instructions             
   <not supported>      branches                 
   <not supported>      branch-misses            

       6.996190725 seconds time elapsed

MODO = sem I/O e alloc. memoria
MODO = sem I/O e alloc. memoria

 Performance counter stats for 'mpirun -np 2 -hostfile hostfile ./mandelbrotOpenMPI_seq -2.5 1.5 -2.0 2.0 8192 sem':

       6684.319604      task-clock (msec)         #    0.989 CPUs utilized          
                64      context-switches          #    0.010 K/sec                  
                 9      cpu-migrations            #    0.001 K/sec                  
             2,112      page-faults               #    0.316 K/sec                  
   <not supported>      cycles                   
   <not supported>      stalled-cycles-frontend  
   <not supported>      stalled-cycles-backend   
   <not supported>      instructions             
   <not supported>      branches                 
   <not supported>      branch-misses            

       6.760252008 seconds time elapsed

MODO = sem I/O e alloc. memoria
MODO = sem I/O e alloc. memoria

 Performance counter stats for 'mpirun -np 2 -hostfile hostfile ./mandelbrotOpenMPI_seq -2.5 1.5 -2.0 2.0 8192 sem':

       6614.771718      task-clock (msec)         #    0.988 CPUs utilized          
                63      context-switches          #    0.010 K/sec                  
                 6      cpu-migrations            #    0.001 K/sec                  
             2,099      page-faults               #    0.317 K/sec                  
   <not supported>      cycles                   
   <not supported>      stalled-cycles-frontend  
   <not supported>      stalled-cycles-backend   
   <not supported>      instructions             
   <not supported>      branches                 
   <not supported>      branch-misses            

       6.698062201 seconds time elapsed

MODO = sem I/O e alloc. memoria
MODO = sem I/O e alloc. memoria

 Performance counter stats for 'mpirun -np 2 -hostfile hostfile ./mandelbrotOpenMPI_seq -2.5 1.5 -2.0 2.0 8192 sem':

       6958.655764      task-clock (msec)         #    0.989 CPUs utilized          
                65      context-switches          #    0.009 K/sec                  
                 5      cpu-migrations            #    0.001 K/sec                  
             2,115      page-faults               #    0.304 K/sec                  
   <not supported>      cycles                   
   <not supported>      stalled-cycles-frontend  
   <not supported>      stalled-cycles-backend   
   <not supported>      instructions             
   <not supported>      branches                 
   <not supported>      branch-misses            

       7.037603433 seconds time elapsed

MODO = sem I/O e alloc. memoria
MODO = sem I/O e alloc. memoria

 Performance counter stats for 'mpirun -np 2 -hostfile hostfile ./mandelbrotOpenMPI_seq -2.5 1.5 -2.0 2.0 8192 sem':

       6622.906461      task-clock (msec)         #    0.969 CPUs utilized          
                59      context-switches          #    0.009 K/sec                  
                 5      cpu-migrations            #    0.001 K/sec                  
             2,116      page-faults               #    0.319 K/sec                  
   <not supported>      cycles                   
   <not supported>      stalled-cycles-frontend  
   <not supported>      stalled-cycles-backend   
   <not supported>      instructions             
   <not supported>      branches                 
   <not supported>      branch-misses            

       6.837053304 seconds time elapsed

MODO = sem I/O e alloc. memoria
MODO = sem I/O e alloc. memoria

 Performance counter stats for 'mpirun -np 2 -hostfile hostfile ./mandelbrotOpenMPI_seq -2.5 1.5 -2.0 2.0 8192 sem':

       7083.267469      task-clock (msec)         #    0.990 CPUs utilized          
                63      context-switches          #    0.009 K/sec                  
                 4      cpu-migrations            #    0.001 K/sec                  
             2,111      page-faults               #    0.298 K/sec                  
   <not supported>      cycles                   
   <not supported>      stalled-cycles-frontend  
   <not supported>      stalled-cycles-backend   
   <not supported>      instructions             
   <not supported>      branches                 
   <not supported>      branch-misses            

       7.158338394 seconds time elapsed

MODO = sem I/O e alloc. memoria
MODO = sem I/O e alloc. memoria

 Performance counter stats for 'mpirun -np 2 -hostfile hostfile ./mandelbrotOpenMPI_seq -2.5 1.5 -2.0 2.0 8192 sem':

       6900.362750      task-clock (msec)         #    0.989 CPUs utilized          
                65      context-switches          #    0.009 K/sec                  
                 4      cpu-migrations            #    0.001 K/sec                  
             2,107      page-faults               #    0.305 K/sec                  
   <not supported>      cycles                   
   <not supported>      stalled-cycles-frontend  
   <not supported>      stalled-cycles-backend   
   <not supported>      instructions             
   <not supported>      branches                 
   <not supported>      branch-misses            

       6.978835151 seconds time elapsed

MODO = sem I/O e alloc. memoria
MODO = sem I/O e alloc. memoria

 Performance counter stats for 'mpirun -np 2 -hostfile hostfile ./mandelbrotOpenMPI_seq -2.5 1.5 -2.0 2.0 8192 sem':

       6644.335349      task-clock (msec)         #    0.967 CPUs utilized          
                66      context-switches          #    0.010 K/sec                  
                 4      cpu-migrations            #    0.001 K/sec                  
             2,104      page-faults               #    0.317 K/sec                  
   <not supported>      cycles                   
   <not supported>      stalled-cycles-frontend  
   <not supported>      stalled-cycles-backend   
   <not supported>      instructions             
   <not supported>      branches                 
   <not supported>      branch-misses            

       6.869257025 seconds time elapsed

MODO = sem I/O e alloc. memoria
MODO = sem I/O e alloc. memoria

 Performance counter stats for 'mpirun -np 2 -hostfile hostfile ./mandelbrotOpenMPI_seq -2.5 1.5 -2.0 2.0 8192 sem':

       6922.227284      task-clock (msec)         #    0.988 CPUs utilized          
                63      context-switches          #    0.009 K/sec                  
                 4      cpu-migrations            #    0.001 K/sec                  
             2,107      page-faults               #    0.304 K/sec                  
   <not supported>      cycles                   
   <not supported>      stalled-cycles-frontend  
   <not supported>      stalled-cycles-backend   
   <not supported>      instructions             
   <not supported>      branches                 
   <not supported>      branch-misses            

       7.008734149 seconds time elapsed

