MODO = com I/O e alloc. memoria
MODO = com I/O e alloc. memoria

 Performance counter stats for 'mpirun -np 2 -hostfile hostfile ./mandelbrotOpenMPI_seq -0.8 -0.7 0.05 0.15 8192 com':

      60354.423287      task-clock (msec)         #    0.970 CPUs utilized          
               245      context-switches          #    0.004 K/sec                  
                 4      cpu-migrations            #    0.000 K/sec                  
           755,781      page-faults               #    0.013 M/sec                  
   <not supported>      cycles                   
   <not supported>      stalled-cycles-frontend  
   <not supported>      stalled-cycles-backend   
   <not supported>      instructions             
   <not supported>      branches                 
   <not supported>      branch-misses            

      62.198867745 seconds time elapsed

MODO = com I/O e alloc. memoria
MODO = com I/O e alloc. memoria

 Performance counter stats for 'mpirun -np 2 -hostfile hostfile ./mandelbrotOpenMPI_seq -0.8 -0.7 0.05 0.15 8192 com':

      60865.128111      task-clock (msec)         #    0.966 CPUs utilized          
               312      context-switches          #    0.005 K/sec                  
                 6      cpu-migrations            #    0.000 K/sec                  
           755,773      page-faults               #    0.012 M/sec                  
   <not supported>      cycles                   
   <not supported>      stalled-cycles-frontend  
   <not supported>      stalled-cycles-backend   
   <not supported>      instructions             
   <not supported>      branches                 
   <not supported>      branch-misses            

      62.993683889 seconds time elapsed

MODO = com I/O e alloc. memoria
MODO = com I/O e alloc. memoria

 Performance counter stats for 'mpirun -np 2 -hostfile hostfile ./mandelbrotOpenMPI_seq -0.8 -0.7 0.05 0.15 8192 com':

      61177.030176      task-clock (msec)         #    0.969 CPUs utilized          
               314      context-switches          #    0.005 K/sec                  
                 8      cpu-migrations            #    0.000 K/sec                  
           755,771      page-faults               #    0.012 M/sec                  
   <not supported>      cycles                   
   <not supported>      stalled-cycles-frontend  
   <not supported>      stalled-cycles-backend   
   <not supported>      instructions             
   <not supported>      branches                 
   <not supported>      branch-misses            

      63.107484562 seconds time elapsed

MODO = com I/O e alloc. memoria
MODO = com I/O e alloc. memoria

 Performance counter stats for 'mpirun -np 2 -hostfile hostfile ./mandelbrotOpenMPI_seq -0.8 -0.7 0.05 0.15 8192 com':

      60625.080219      task-clock (msec)         #    0.960 CPUs utilized          
               240      context-switches          #    0.004 K/sec                  
                 7      cpu-migrations            #    0.000 K/sec                  
           755,790      page-faults               #    0.012 M/sec                  
   <not supported>      cycles                   
   <not supported>      stalled-cycles-frontend  
   <not supported>      stalled-cycles-backend   
   <not supported>      instructions             
   <not supported>      branches                 
   <not supported>      branch-misses            

      63.174896338 seconds time elapsed

MODO = com I/O e alloc. memoria
MODO = com I/O e alloc. memoria

 Performance counter stats for 'mpirun -np 2 -hostfile hostfile ./mandelbrotOpenMPI_seq -0.8 -0.7 0.05 0.15 8192 com':

      59917.171976      task-clock (msec)         #    0.950 CPUs utilized          
               247      context-switches          #    0.004 K/sec                  
                15      cpu-migrations            #    0.000 K/sec                  
           755,776      page-faults               #    0.013 M/sec                  
   <not supported>      cycles                   
   <not supported>      stalled-cycles-frontend  
   <not supported>      stalled-cycles-backend   
   <not supported>      instructions             
   <not supported>      branches                 
   <not supported>      branch-misses            

      63.067561792 seconds time elapsed

MODO = com I/O e alloc. memoria
MODO = com I/O e alloc. memoria

 Performance counter stats for 'mpirun -np 2 -hostfile hostfile ./mandelbrotOpenMPI_seq -0.8 -0.7 0.05 0.15 8192 com':

      60060.685776      task-clock (msec)         #    0.979 CPUs utilized          
               304      context-switches          #    0.005 K/sec                  
                 6      cpu-migrations            #    0.000 K/sec                  
           755,776      page-faults               #    0.013 M/sec                  
   <not supported>      cycles                   
   <not supported>      stalled-cycles-frontend  
   <not supported>      stalled-cycles-backend   
   <not supported>      instructions             
   <not supported>      branches                 
   <not supported>      branch-misses            

      61.328309703 seconds time elapsed

MODO = com I/O e alloc. memoria
MODO = com I/O e alloc. memoria

 Performance counter stats for 'mpirun -np 2 -hostfile hostfile ./mandelbrotOpenMPI_seq -0.8 -0.7 0.05 0.15 8192 com':

      60324.432918      task-clock (msec)         #    0.980 CPUs utilized          
               235      context-switches          #    0.004 K/sec                  
                 8      cpu-migrations            #    0.000 K/sec                  
           755,781      page-faults               #    0.013 M/sec                  
   <not supported>      cycles                   
   <not supported>      stalled-cycles-frontend  
   <not supported>      stalled-cycles-backend   
   <not supported>      instructions             
   <not supported>      branches                 
   <not supported>      branch-misses            

      61.557784343 seconds time elapsed

MODO = com I/O e alloc. memoria
MODO = com I/O e alloc. memoria

 Performance counter stats for 'mpirun -np 2 -hostfile hostfile ./mandelbrotOpenMPI_seq -0.8 -0.7 0.05 0.15 8192 com':

      61013.190561      task-clock (msec)         #    0.980 CPUs utilized          
               241      context-switches          #    0.004 K/sec                  
                 5      cpu-migrations            #    0.000 K/sec                  
           755,774      page-faults               #    0.012 M/sec                  
   <not supported>      cycles                   
   <not supported>      stalled-cycles-frontend  
   <not supported>      stalled-cycles-backend   
   <not supported>      instructions             
   <not supported>      branches                 
   <not supported>      branch-misses            

      62.258552643 seconds time elapsed

MODO = com I/O e alloc. memoria
MODO = com I/O e alloc. memoria

 Performance counter stats for 'mpirun -np 2 -hostfile hostfile ./mandelbrotOpenMPI_seq -0.8 -0.7 0.05 0.15 8192 com':

      61078.114632      task-clock (msec)         #    0.980 CPUs utilized          
               246      context-switches          #    0.004 K/sec                  
                 4      cpu-migrations            #    0.000 K/sec                  
           755,781      page-faults               #    0.012 M/sec                  
   <not supported>      cycles                   
   <not supported>      stalled-cycles-frontend  
   <not supported>      stalled-cycles-backend   
   <not supported>      instructions             
   <not supported>      branches                 
   <not supported>      branch-misses            

      62.302619071 seconds time elapsed

MODO = com I/O e alloc. memoria
MODO = com I/O e alloc. memoria

 Performance counter stats for 'mpirun -np 2 -hostfile hostfile ./mandelbrotOpenMPI_seq -0.8 -0.7 0.05 0.15 8192 com':

      59970.890416      task-clock (msec)         #    0.979 CPUs utilized          
               231      context-switches          #    0.004 K/sec                  
                 4      cpu-migrations            #    0.000 K/sec                  
           755,774      page-faults               #    0.013 M/sec                  
   <not supported>      cycles                   
   <not supported>      stalled-cycles-frontend  
   <not supported>      stalled-cycles-backend   
   <not supported>      instructions             
   <not supported>      branches                 
   <not supported>      branch-misses            

      61.230994617 seconds time elapsed

