MODO = sem I/O e alloc. memoria
MODO = sem I/O e alloc. memoria

 Performance counter stats for 'mpirun -np 2 -hostfile hostfile ./mandelbrotOpenMPI_seq -0.8 -0.7 0.05 0.15 8192 sem':

      53712.518432      task-clock (msec)         #    0.999 CPUs utilized          
               192      context-switches          #    0.004 K/sec                  
                 6      cpu-migrations            #    0.000 K/sec                  
             2,107      page-faults               #    0.039 K/sec                  
   <not supported>      cycles                   
   <not supported>      stalled-cycles-frontend  
   <not supported>      stalled-cycles-backend   
   <not supported>      instructions             
   <not supported>      branches                 
   <not supported>      branch-misses            

      53.776357850 seconds time elapsed

MODO = sem I/O e alloc. memoria
MODO = sem I/O e alloc. memoria

 Performance counter stats for 'mpirun -np 2 -hostfile hostfile ./mandelbrotOpenMPI_seq -0.8 -0.7 0.05 0.15 8192 sem':

      53114.601465      task-clock (msec)         #    0.999 CPUs utilized          
               189      context-switches          #    0.004 K/sec                  
                 7      cpu-migrations            #    0.000 K/sec                  
             2,114      page-faults               #    0.040 K/sec                  
   <not supported>      cycles                   
   <not supported>      stalled-cycles-frontend  
   <not supported>      stalled-cycles-backend   
   <not supported>      instructions             
   <not supported>      branches                 
   <not supported>      branch-misses            

      53.177682143 seconds time elapsed

MODO = sem I/O e alloc. memoria
MODO = sem I/O e alloc. memoria

 Performance counter stats for 'mpirun -np 2 -hostfile hostfile ./mandelbrotOpenMPI_seq -0.8 -0.7 0.05 0.15 8192 sem':

      53585.850791      task-clock (msec)         #    0.999 CPUs utilized          
               194      context-switches          #    0.004 K/sec                  
                 7      cpu-migrations            #    0.000 K/sec                  
             2,117      page-faults               #    0.040 K/sec                  
   <not supported>      cycles                   
   <not supported>      stalled-cycles-frontend  
   <not supported>      stalled-cycles-backend   
   <not supported>      instructions             
   <not supported>      branches                 
   <not supported>      branch-misses            

      53.653022514 seconds time elapsed

MODO = sem I/O e alloc. memoria
MODO = sem I/O e alloc. memoria

 Performance counter stats for 'mpirun -np 2 -hostfile hostfile ./mandelbrotOpenMPI_seq -0.8 -0.7 0.05 0.15 8192 sem':

      54511.851211      task-clock (msec)         #    0.999 CPUs utilized          
               263      context-switches          #    0.005 K/sec                  
                12      cpu-migrations            #    0.000 K/sec                  
             2,106      page-faults               #    0.039 K/sec                  
   <not supported>      cycles                   
   <not supported>      stalled-cycles-frontend  
   <not supported>      stalled-cycles-backend   
   <not supported>      instructions             
   <not supported>      branches                 
   <not supported>      branch-misses            

      54.585642336 seconds time elapsed

MODO = sem I/O e alloc. memoria
MODO = sem I/O e alloc. memoria

 Performance counter stats for 'mpirun -np 2 -hostfile hostfile ./mandelbrotOpenMPI_seq -0.8 -0.7 0.05 0.15 8192 sem':

      54041.224594      task-clock (msec)         #    0.999 CPUs utilized          
               197      context-switches          #    0.004 K/sec                  
                 7      cpu-migrations            #    0.000 K/sec                  
             2,109      page-faults               #    0.039 K/sec                  
   <not supported>      cycles                   
   <not supported>      stalled-cycles-frontend  
   <not supported>      stalled-cycles-backend   
   <not supported>      instructions             
   <not supported>      branches                 
   <not supported>      branch-misses            

      54.106288274 seconds time elapsed

MODO = sem I/O e alloc. memoria
MODO = sem I/O e alloc. memoria

 Performance counter stats for 'mpirun -np 2 -hostfile hostfile ./mandelbrotOpenMPI_seq -0.8 -0.7 0.05 0.15 8192 sem':

      54191.416572      task-clock (msec)         #    0.999 CPUs utilized          
               200      context-switches          #    0.004 K/sec                  
                 8      cpu-migrations            #    0.000 K/sec                  
             2,110      page-faults               #    0.039 K/sec                  
   <not supported>      cycles                   
   <not supported>      stalled-cycles-frontend  
   <not supported>      stalled-cycles-backend   
   <not supported>      instructions             
   <not supported>      branches                 
   <not supported>      branch-misses            

      54.255818678 seconds time elapsed

MODO = sem I/O e alloc. memoria
MODO = sem I/O e alloc. memoria

 Performance counter stats for 'mpirun -np 2 -hostfile hostfile ./mandelbrotOpenMPI_seq -0.8 -0.7 0.05 0.15 8192 sem':

      54261.081930      task-clock (msec)         #    0.999 CPUs utilized          
               193      context-switches          #    0.004 K/sec                  
                 8      cpu-migrations            #    0.000 K/sec                  
             2,117      page-faults               #    0.039 K/sec                  
   <not supported>      cycles                   
   <not supported>      stalled-cycles-frontend  
   <not supported>      stalled-cycles-backend   
   <not supported>      instructions             
   <not supported>      branches                 
   <not supported>      branch-misses            

      54.321918472 seconds time elapsed

MODO = sem I/O e alloc. memoria
MODO = sem I/O e alloc. memoria

 Performance counter stats for 'mpirun -np 2 -hostfile hostfile ./mandelbrotOpenMPI_seq -0.8 -0.7 0.05 0.15 8192 sem':

      54110.265313      task-clock (msec)         #    0.999 CPUs utilized          
               197      context-switches          #    0.004 K/sec                  
                 6      cpu-migrations            #    0.000 K/sec                  
             2,101      page-faults               #    0.039 K/sec                  
   <not supported>      cycles                   
   <not supported>      stalled-cycles-frontend  
   <not supported>      stalled-cycles-backend   
   <not supported>      instructions             
   <not supported>      branches                 
   <not supported>      branch-misses            

      54.190035430 seconds time elapsed

MODO = sem I/O e alloc. memoria
MODO = sem I/O e alloc. memoria

 Performance counter stats for 'mpirun -np 2 -hostfile hostfile ./mandelbrotOpenMPI_seq -0.8 -0.7 0.05 0.15 8192 sem':

      55236.501437      task-clock (msec)         #    0.999 CPUs utilized          
               201      context-switches          #    0.004 K/sec                  
                 6      cpu-migrations            #    0.000 K/sec                  
             2,103      page-faults               #    0.038 K/sec                  
   <not supported>      cycles                   
   <not supported>      stalled-cycles-frontend  
   <not supported>      stalled-cycles-backend   
   <not supported>      instructions             
   <not supported>      branches                 
   <not supported>      branch-misses            

      55.306025070 seconds time elapsed

MODO = sem I/O e alloc. memoria
MODO = sem I/O e alloc. memoria

 Performance counter stats for 'mpirun -np 2 -hostfile hostfile ./mandelbrotOpenMPI_seq -0.8 -0.7 0.05 0.15 8192 sem':

      55755.621134      task-clock (msec)         #    0.999 CPUs utilized          
               201      context-switches          #    0.004 K/sec                  
                11      cpu-migrations            #    0.000 K/sec                  
             2,106      page-faults               #    0.038 K/sec                  
   <not supported>      cycles                   
   <not supported>      stalled-cycles-frontend  
   <not supported>      stalled-cycles-backend   
   <not supported>      instructions             
   <not supported>      branches                 
   <not supported>      branch-misses            

      55.825013158 seconds time elapsed

