MODO = com I/O e alloc. memoria
MODO = com I/O e alloc. memoria

 Performance counter stats for 'mpirun -np 2 -hostfile hostfile ./mandelbrotOpenMPI_seq -0.188 -0.012 0.554 0.754 8192 com':

      64060.765787      task-clock (msec)         #    0.970 CPUs utilized          
               324      context-switches          #    0.005 K/sec                  
                11      cpu-migrations            #    0.000 K/sec                  
           755,769      page-faults               #    0.012 M/sec                  
   <not supported>      cycles                   
   <not supported>      stalled-cycles-frontend  
   <not supported>      stalled-cycles-backend   
   <not supported>      instructions             
   <not supported>      branches                 
   <not supported>      branch-misses            

      66.065815552 seconds time elapsed

MODO = com I/O e alloc. memoria
MODO = com I/O e alloc. memoria

 Performance counter stats for 'mpirun -np 2 -hostfile hostfile ./mandelbrotOpenMPI_seq -0.188 -0.012 0.554 0.754 8192 com':

      65335.996346      task-clock (msec)         #    0.971 CPUs utilized          
               327      context-switches          #    0.005 K/sec                  
                 8      cpu-migrations            #    0.000 K/sec                  
           755,778      page-faults               #    0.012 M/sec                  
   <not supported>      cycles                   
   <not supported>      stalled-cycles-frontend  
   <not supported>      stalled-cycles-backend   
   <not supported>      instructions             
   <not supported>      branches                 
   <not supported>      branch-misses            

      67.304308298 seconds time elapsed

MODO = com I/O e alloc. memoria
MODO = com I/O e alloc. memoria

 Performance counter stats for 'mpirun -np 2 -hostfile hostfile ./mandelbrotOpenMPI_seq -0.188 -0.012 0.554 0.754 8192 com':

      64981.682137      task-clock (msec)         #    0.972 CPUs utilized          
               262      context-switches          #    0.004 K/sec                  
                13      cpu-migrations            #    0.000 K/sec                  
           755,773      page-faults               #    0.012 M/sec                  
   <not supported>      cycles                   
   <not supported>      stalled-cycles-frontend  
   <not supported>      stalled-cycles-backend   
   <not supported>      instructions             
   <not supported>      branches                 
   <not supported>      branch-misses            

      66.873919220 seconds time elapsed

MODO = com I/O e alloc. memoria
MODO = com I/O e alloc. memoria

 Performance counter stats for 'mpirun -np 2 -hostfile hostfile ./mandelbrotOpenMPI_seq -0.188 -0.012 0.554 0.754 8192 com':

      64050.803786      task-clock (msec)         #    0.961 CPUs utilized          
               322      context-switches          #    0.005 K/sec                  
                11      cpu-migrations            #    0.000 K/sec                  
           755,783      page-faults               #    0.012 M/sec                  
   <not supported>      cycles                   
   <not supported>      stalled-cycles-frontend  
   <not supported>      stalled-cycles-backend   
   <not supported>      instructions             
   <not supported>      branches                 
   <not supported>      branch-misses            

      66.626502363 seconds time elapsed

MODO = com I/O e alloc. memoria
MODO = com I/O e alloc. memoria

 Performance counter stats for 'mpirun -np 2 -hostfile hostfile ./mandelbrotOpenMPI_seq -0.188 -0.012 0.554 0.754 8192 com':

      64472.541026      task-clock (msec)         #    0.981 CPUs utilized          
               249      context-switches          #    0.004 K/sec                  
                 7      cpu-migrations            #    0.000 K/sec                  
           755,778      page-faults               #    0.012 M/sec                  
   <not supported>      cycles                   
   <not supported>      stalled-cycles-frontend  
   <not supported>      stalled-cycles-backend   
   <not supported>      instructions             
   <not supported>      branches                 
   <not supported>      branch-misses            

      65.743145636 seconds time elapsed

MODO = com I/O e alloc. memoria
MODO = com I/O e alloc. memoria

 Performance counter stats for 'mpirun -np 2 -hostfile hostfile ./mandelbrotOpenMPI_seq -0.188 -0.012 0.554 0.754 8192 com':

      64160.132179      task-clock (msec)         #    0.981 CPUs utilized          
               246      context-switches          #    0.004 K/sec                  
                 6      cpu-migrations            #    0.000 K/sec                  
           755,773      page-faults               #    0.012 M/sec                  
   <not supported>      cycles                   
   <not supported>      stalled-cycles-frontend  
   <not supported>      stalled-cycles-backend   
   <not supported>      instructions             
   <not supported>      branches                 
   <not supported>      branch-misses            

      65.421853146 seconds time elapsed

MODO = com I/O e alloc. memoria
MODO = com I/O e alloc. memoria

 Performance counter stats for 'mpirun -np 2 -hostfile hostfile ./mandelbrotOpenMPI_seq -0.188 -0.012 0.554 0.754 8192 com':

      65865.920095      task-clock (msec)         #    0.981 CPUs utilized          
               256      context-switches          #    0.004 K/sec                  
                13      cpu-migrations            #    0.000 K/sec                  
           755,777      page-faults               #    0.011 M/sec                  
   <not supported>      cycles                   
   <not supported>      stalled-cycles-frontend  
   <not supported>      stalled-cycles-backend   
   <not supported>      instructions             
   <not supported>      branches                 
   <not supported>      branch-misses            

      67.112969152 seconds time elapsed

MODO = com I/O e alloc. memoria
MODO = com I/O e alloc. memoria

 Performance counter stats for 'mpirun -np 2 -hostfile hostfile ./mandelbrotOpenMPI_seq -0.188 -0.012 0.554 0.754 8192 com':

      64493.066894      task-clock (msec)         #    0.981 CPUs utilized          
               252      context-switches          #    0.004 K/sec                  
                 5      cpu-migrations            #    0.000 K/sec                  
           755,780      page-faults               #    0.012 M/sec                  
   <not supported>      cycles                   
   <not supported>      stalled-cycles-frontend  
   <not supported>      stalled-cycles-backend   
   <not supported>      instructions             
   <not supported>      branches                 
   <not supported>      branch-misses            

      65.720629552 seconds time elapsed

MODO = com I/O e alloc. memoria
MODO = com I/O e alloc. memoria

 Performance counter stats for 'mpirun -np 2 -hostfile hostfile ./mandelbrotOpenMPI_seq -0.188 -0.012 0.554 0.754 8192 com':

      69480.489348      task-clock (msec)         #    0.983 CPUs utilized          
               263      context-switches          #    0.004 K/sec                  
                10      cpu-migrations            #    0.000 K/sec                  
           755,774      page-faults               #    0.011 M/sec                  
   <not supported>      cycles                   
   <not supported>      stalled-cycles-frontend  
   <not supported>      stalled-cycles-backend   
   <not supported>      instructions             
   <not supported>      branches                 
   <not supported>      branch-misses            

      70.710018345 seconds time elapsed

MODO = com I/O e alloc. memoria
MODO = com I/O e alloc. memoria

 Performance counter stats for 'mpirun -np 2 -hostfile hostfile ./mandelbrotOpenMPI_seq -0.188 -0.012 0.554 0.754 8192 com':

      64094.607787      task-clock (msec)         #    0.981 CPUs utilized          
               249      context-switches          #    0.004 K/sec                  
                12      cpu-migrations            #    0.000 K/sec                  
           755,777      page-faults               #    0.012 M/sec                  
   <not supported>      cycles                   
   <not supported>      stalled-cycles-frontend  
   <not supported>      stalled-cycles-backend   
   <not supported>      instructions             
   <not supported>      branches                 
   <not supported>      branch-misses            

      65.331682660 seconds time elapsed

