MODO = sem I/O e alloc. memoria
MODO = sem I/O e alloc. memoria

 Performance counter stats for 'mpirun -np 2 -hostfile hostfile ./mandelbrotOpenMPI_seq -0.188 -0.012 0.554 0.754 8192 sem':

      57623.879367      task-clock (msec)         #    0.999 CPUs utilized          
               207      context-switches          #    0.004 K/sec                  
                 9      cpu-migrations            #    0.000 K/sec                  
             2,104      page-faults               #    0.037 K/sec                  
   <not supported>      cycles                   
   <not supported>      stalled-cycles-frontend  
   <not supported>      stalled-cycles-backend   
   <not supported>      instructions             
   <not supported>      branches                 
   <not supported>      branch-misses            

      57.699283491 seconds time elapsed

MODO = sem I/O e alloc. memoria
MODO = sem I/O e alloc. memoria

 Performance counter stats for 'mpirun -np 2 -hostfile hostfile ./mandelbrotOpenMPI_seq -0.188 -0.012 0.554 0.754 8192 sem':

      58192.618306      task-clock (msec)         #    0.999 CPUs utilized          
               204      context-switches          #    0.004 K/sec                  
                 6      cpu-migrations            #    0.000 K/sec                  
             2,100      page-faults               #    0.036 K/sec                  
   <not supported>      cycles                   
   <not supported>      stalled-cycles-frontend  
   <not supported>      stalled-cycles-backend   
   <not supported>      instructions             
   <not supported>      branches                 
   <not supported>      branch-misses            

      58.268252799 seconds time elapsed

MODO = sem I/O e alloc. memoria
MODO = sem I/O e alloc. memoria

 Performance counter stats for 'mpirun -np 2 -hostfile hostfile ./mandelbrotOpenMPI_seq -0.188 -0.012 0.554 0.754 8192 sem':

      58007.171532      task-clock (msec)         #    0.999 CPUs utilized          
               203      context-switches          #    0.003 K/sec                  
                 4      cpu-migrations            #    0.000 K/sec                  
             2,115      page-faults               #    0.036 K/sec                  
   <not supported>      cycles                   
   <not supported>      stalled-cycles-frontend  
   <not supported>      stalled-cycles-backend   
   <not supported>      instructions             
   <not supported>      branches                 
   <not supported>      branch-misses            

      58.083408131 seconds time elapsed

MODO = sem I/O e alloc. memoria
MODO = sem I/O e alloc. memoria

 Performance counter stats for 'mpirun -np 2 -hostfile hostfile ./mandelbrotOpenMPI_seq -0.188 -0.012 0.554 0.754 8192 sem':

      57670.685616      task-clock (msec)         #    0.999 CPUs utilized          
               209      context-switches          #    0.004 K/sec                  
                13      cpu-migrations            #    0.000 K/sec                  
             2,111      page-faults               #    0.037 K/sec                  
   <not supported>      cycles                   
   <not supported>      stalled-cycles-frontend  
   <not supported>      stalled-cycles-backend   
   <not supported>      instructions             
   <not supported>      branches                 
   <not supported>      branch-misses            

      57.750270545 seconds time elapsed

MODO = sem I/O e alloc. memoria
MODO = sem I/O e alloc. memoria

 Performance counter stats for 'mpirun -np 2 -hostfile hostfile ./mandelbrotOpenMPI_seq -0.188 -0.012 0.554 0.754 8192 sem':

      57477.127481      task-clock (msec)         #    0.999 CPUs utilized          
               201      context-switches          #    0.003 K/sec                  
                 3      cpu-migrations            #    0.000 K/sec                  
             2,105      page-faults               #    0.037 K/sec                  
   <not supported>      cycles                   
   <not supported>      stalled-cycles-frontend  
   <not supported>      stalled-cycles-backend   
   <not supported>      instructions             
   <not supported>      branches                 
   <not supported>      branch-misses            

      57.551758936 seconds time elapsed

MODO = sem I/O e alloc. memoria
MODO = sem I/O e alloc. memoria

 Performance counter stats for 'mpirun -np 2 -hostfile hostfile ./mandelbrotOpenMPI_seq -0.188 -0.012 0.554 0.754 8192 sem':

      58479.806306      task-clock (msec)         #    0.999 CPUs utilized          
               207      context-switches          #    0.004 K/sec                  
                 2      cpu-migrations            #    0.000 K/sec                  
             2,108      page-faults               #    0.036 K/sec                  
   <not supported>      cycles                   
   <not supported>      stalled-cycles-frontend  
   <not supported>      stalled-cycles-backend   
   <not supported>      instructions             
   <not supported>      branches                 
   <not supported>      branch-misses            

      58.550575652 seconds time elapsed

MODO = sem I/O e alloc. memoria
MODO = sem I/O e alloc. memoria

 Performance counter stats for 'mpirun -np 2 -hostfile hostfile ./mandelbrotOpenMPI_seq -0.188 -0.012 0.554 0.754 8192 sem':

      56983.352070      task-clock (msec)         #    0.999 CPUs utilized          
               204      context-switches          #    0.004 K/sec                  
                 5      cpu-migrations            #    0.000 K/sec                  
             2,109      page-faults               #    0.037 K/sec                  
   <not supported>      cycles                   
   <not supported>      stalled-cycles-frontend  
   <not supported>      stalled-cycles-backend   
   <not supported>      instructions             
   <not supported>      branches                 
   <not supported>      branch-misses            

      57.059918826 seconds time elapsed

MODO = sem I/O e alloc. memoria
MODO = sem I/O e alloc. memoria

 Performance counter stats for 'mpirun -np 2 -hostfile hostfile ./mandelbrotOpenMPI_seq -0.188 -0.012 0.554 0.754 8192 sem':

      57768.757119      task-clock (msec)         #    0.999 CPUs utilized          
               206      context-switches          #    0.004 K/sec                  
                 3      cpu-migrations            #    0.000 K/sec                  
             2,107      page-faults               #    0.036 K/sec                  
   <not supported>      cycles                   
   <not supported>      stalled-cycles-frontend  
   <not supported>      stalled-cycles-backend   
   <not supported>      instructions             
   <not supported>      branches                 
   <not supported>      branch-misses            

      57.853719369 seconds time elapsed

MODO = sem I/O e alloc. memoria
MODO = sem I/O e alloc. memoria

 Performance counter stats for 'mpirun -np 2 -hostfile hostfile ./mandelbrotOpenMPI_seq -0.188 -0.012 0.554 0.754 8192 sem':

      59240.896512      task-clock (msec)         #    0.998 CPUs utilized          
               205      context-switches          #    0.003 K/sec                  
                 6      cpu-migrations            #    0.000 K/sec                  
             2,111      page-faults               #    0.036 K/sec                  
   <not supported>      cycles                   
   <not supported>      stalled-cycles-frontend  
   <not supported>      stalled-cycles-backend   
   <not supported>      instructions             
   <not supported>      branches                 
   <not supported>      branch-misses            

      59.342599468 seconds time elapsed

MODO = sem I/O e alloc. memoria
MODO = sem I/O e alloc. memoria

 Performance counter stats for 'mpirun -np 2 -hostfile hostfile ./mandelbrotOpenMPI_seq -0.188 -0.012 0.554 0.754 8192 sem':

      58349.724294      task-clock (msec)         #    0.999 CPUs utilized          
               269      context-switches          #    0.005 K/sec                  
                10      cpu-migrations            #    0.000 K/sec                  
             2,107      page-faults               #    0.036 K/sec                  
   <not supported>      cycles                   
   <not supported>      stalled-cycles-frontend  
   <not supported>      stalled-cycles-backend   
   <not supported>      instructions             
   <not supported>      branches                 
   <not supported>      branch-misses            

      58.422742671 seconds time elapsed

