MODO = sem I/O e alloc. memoria
MODO = sem I/O e alloc. memoria
MODO = sem I/O e alloc. memoria
MODO = sem I/O e alloc. memoria
MODO = sem I/O e alloc. memoria
MODO = sem I/O e alloc. memoria
MODO = sem I/O e alloc. memoria
MODO = sem I/O e alloc. memoria

 Performance counter stats for 'mpirun -np 8 -hostfile hostfile ./mandelbrotOpenMPI_omp 0.175 0.375 -0.1 0.1 8192 1 sem':

      13499.043526      task-clock (msec)         #    0.935 CPUs utilized          
               369      context-switches          #    0.027 K/sec                  
                 0      cpu-migrations            #    0.000 K/sec                  
             4,209      page-faults               #    0.312 K/sec                  
   <not supported>      cycles                   
   <not supported>      stalled-cycles-frontend  
   <not supported>      stalled-cycles-backend   
   <not supported>      instructions             
   <not supported>      branches                 
   <not supported>      branch-misses            

      14.431547651 seconds time elapsed

