MODO = com I/O e alloc. memoria
MODO = com I/O e alloc. memoria
MODO = com I/O e alloc. memoria
MODO = com I/O e alloc. memoria
MODO = com I/O e alloc. memoria
MODO = com I/O e alloc. memoria
MODO = com I/O e alloc. memoria
MODO = com I/O e alloc. memoria

 Performance counter stats for 'mpirun -np 8 -hostfile hostfile ./mandelbrotOpenMPI_omp -2.5 1.5 -2.0 2.0 8192 1 com':

      14003.850356      task-clock (msec)         #    0.897 CPUs utilized          
               417      context-switches          #    0.030 K/sec                  
                 0      cpu-migrations            #    0.000 K/sec                  
           733,355      page-faults               #    0.052 M/sec                  
   <not supported>      cycles                   
   <not supported>      stalled-cycles-frontend  
   <not supported>      stalled-cycles-backend   
   <not supported>      instructions             
   <not supported>      branches                 
   <not supported>      branch-misses            

      15.613515430 seconds time elapsed

