MODO = com I/O e alloc. memoria
MODO = com I/O e alloc. memoria
MODO = com I/O e alloc. memoria
MODO = com I/O e alloc. memoria
MODO = com I/O e alloc. memoria
MODO = com I/O e alloc. memoria
MODO = com I/O e alloc. memoria
MODO = com I/O e alloc. memoria

 Performance counter stats for 'mpirun -np 8 -hostfile hostfile ./mandelbrotOpenMPI_omp -0.8 -0.7 0.05 0.15 8192 1 com':

      22594.140648      task-clock (msec)         #    0.904 CPUs utilized          
               580      context-switches          #    0.026 K/sec                  
                 0      cpu-migrations            #    0.000 K/sec                  
           733,352      page-faults               #    0.032 M/sec                  
   <not supported>      cycles                   
   <not supported>      stalled-cycles-frontend  
   <not supported>      stalled-cycles-backend   
   <not supported>      instructions             
   <not supported>      branches                 
   <not supported>      branch-misses            

      24.993908925 seconds time elapsed

