MODO = com I/O e alloc. memoria

 Performance counter stats for './mandelbrot_seq 0.175 0.375 -0.1 0.1 8192 com':

     120748.626772      task-clock (msec)         #    0.990 CPUs utilized          
               368      context-switches          #    0.003 K/sec                  
                 1      cpu-migrations            #    0.000 K/sec                  
           655,411      page-faults               #    0.005 M/sec                  
   <not supported>      cycles                   
   <not supported>      stalled-cycles-frontend  
   <not supported>      stalled-cycles-backend   
   <not supported>      instructions             
   <not supported>      branches                 
   <not supported>      branch-misses            

     121.948396246 seconds time elapsed

MODO = com I/O e alloc. memoria

 Performance counter stats for './mandelbrot_seq 0.175 0.375 -0.1 0.1 8192 com':

     116412.042697      task-clock (msec)         #    0.990 CPUs utilized          
               356      context-switches          #    0.003 K/sec                  
                 0      cpu-migrations            #    0.000 K/sec                  
           655,410      page-faults               #    0.006 M/sec                  
   <not supported>      cycles                   
   <not supported>      stalled-cycles-frontend  
   <not supported>      stalled-cycles-backend   
   <not supported>      instructions             
   <not supported>      branches                 
   <not supported>      branch-misses            

     117.602720608 seconds time elapsed

MODO = com I/O e alloc. memoria

 Performance counter stats for './mandelbrot_seq 0.175 0.375 -0.1 0.1 8192 com':

     118038.599421      task-clock (msec)         #    0.990 CPUs utilized          
               365      context-switches          #    0.003 K/sec                  
                 1      cpu-migrations            #    0.000 K/sec                  
           655,411      page-faults               #    0.006 M/sec                  
   <not supported>      cycles                   
   <not supported>      stalled-cycles-frontend  
   <not supported>      stalled-cycles-backend   
   <not supported>      instructions             
   <not supported>      branches                 
   <not supported>      branch-misses            

     119.209529420 seconds time elapsed

MODO = com I/O e alloc. memoria

 Performance counter stats for './mandelbrot_seq 0.175 0.375 -0.1 0.1 8192 com':

     117511.005689      task-clock (msec)         #    0.994 CPUs utilized          
               364      context-switches          #    0.003 K/sec                  
                 1      cpu-migrations            #    0.000 K/sec                  
           655,411      page-faults               #    0.006 M/sec                  
   <not supported>      cycles                   
   <not supported>      stalled-cycles-frontend  
   <not supported>      stalled-cycles-backend   
   <not supported>      instructions             
   <not supported>      branches                 
   <not supported>      branch-misses            

     118.193256577 seconds time elapsed

MODO = com I/O e alloc. memoria

 Performance counter stats for './mandelbrot_seq 0.175 0.375 -0.1 0.1 8192 com':

     116754.421264      task-clock (msec)         #    0.990 CPUs utilized          
               356      context-switches          #    0.003 K/sec                  
                 0      cpu-migrations            #    0.000 K/sec                  
           655,411      page-faults               #    0.006 M/sec                  
   <not supported>      cycles                   
   <not supported>      stalled-cycles-frontend  
   <not supported>      stalled-cycles-backend   
   <not supported>      instructions             
   <not supported>      branches                 
   <not supported>      branch-misses            

     117.921775963 seconds time elapsed

MODO = com I/O e alloc. memoria

 Performance counter stats for './mandelbrot_seq 0.175 0.375 -0.1 0.1 8192 com':

     119364.045986      task-clock (msec)         #    0.994 CPUs utilized          
               365      context-switches          #    0.003 K/sec                  
                 4      cpu-migrations            #    0.000 K/sec                  
           655,412      page-faults               #    0.005 M/sec                  
   <not supported>      cycles                   
   <not supported>      stalled-cycles-frontend  
   <not supported>      stalled-cycles-backend   
   <not supported>      instructions             
   <not supported>      branches                 
   <not supported>      branch-misses            

     120.047105314 seconds time elapsed

MODO = com I/O e alloc. memoria

 Performance counter stats for './mandelbrot_seq 0.175 0.375 -0.1 0.1 8192 com':

     119101.829531      task-clock (msec)         #    0.990 CPUs utilized          
               362      context-switches          #    0.003 K/sec                  
                 2      cpu-migrations            #    0.000 K/sec                  
           655,411      page-faults               #    0.006 M/sec                  
   <not supported>      cycles                   
   <not supported>      stalled-cycles-frontend  
   <not supported>      stalled-cycles-backend   
   <not supported>      instructions             
   <not supported>      branches                 
   <not supported>      branch-misses            

     120.254547012 seconds time elapsed

MODO = com I/O e alloc. memoria

 Performance counter stats for './mandelbrot_seq 0.175 0.375 -0.1 0.1 8192 com':

     120555.030488      task-clock (msec)         #    0.990 CPUs utilized          
               363      context-switches          #    0.003 K/sec                  
                 1      cpu-migrations            #    0.000 K/sec                  
           655,409      page-faults               #    0.005 M/sec                  
   <not supported>      cycles                   
   <not supported>      stalled-cycles-frontend  
   <not supported>      stalled-cycles-backend   
   <not supported>      instructions             
   <not supported>      branches                 
   <not supported>      branch-misses            

     121.711293868 seconds time elapsed

MODO = com I/O e alloc. memoria

 Performance counter stats for './mandelbrot_seq 0.175 0.375 -0.1 0.1 8192 com':

     116566.519899      task-clock (msec)         #    0.990 CPUs utilized          
               362      context-switches          #    0.003 K/sec                  
                 0      cpu-migrations            #    0.000 K/sec                  
           655,412      page-faults               #    0.006 M/sec                  
   <not supported>      cycles                   
   <not supported>      stalled-cycles-frontend  
   <not supported>      stalled-cycles-backend   
   <not supported>      instructions             
   <not supported>      branches                 
   <not supported>      branch-misses            

     117.726333539 seconds time elapsed

MODO = com I/O e alloc. memoria

 Performance counter stats for './mandelbrot_seq 0.175 0.375 -0.1 0.1 8192 com':

     117621.439829      task-clock (msec)         #    0.990 CPUs utilized          
               232      context-switches          #    0.002 K/sec                  
                 2      cpu-migrations            #    0.000 K/sec                  
           655,411      page-faults               #    0.006 M/sec                  
   <not supported>      cycles                   
   <not supported>      stalled-cycles-frontend  
   <not supported>      stalled-cycles-backend   
   <not supported>      instructions             
   <not supported>      branches                 
   <not supported>      branch-misses            

     118.809038243 seconds time elapsed

