MODO = sem I/O e alloc. memoria

 Performance counter stats for './mandelbrot_seq -0.8 -0.7 0.05 0.15 8192 sem':

     118857.073834      task-clock (msec)         #    1.000 CPUs utilized          
               347      context-switches          #    0.003 K/sec                  
                 2      cpu-migrations            #    0.000 K/sec                  
                48      page-faults               #    0.000 K/sec                  
   <not supported>      cycles                   
   <not supported>      stalled-cycles-frontend  
   <not supported>      stalled-cycles-backend   
   <not supported>      instructions             
   <not supported>      branches                 
   <not supported>      branch-misses            

     118.866458021 seconds time elapsed

MODO = sem I/O e alloc. memoria

 Performance counter stats for './mandelbrot_seq -0.8 -0.7 0.05 0.15 8192 sem':

     118260.524787      task-clock (msec)         #    1.000 CPUs utilized          
               344      context-switches          #    0.003 K/sec                  
                 0      cpu-migrations            #    0.000 K/sec                  
                47      page-faults               #    0.000 K/sec                  
   <not supported>      cycles                   
   <not supported>      stalled-cycles-frontend  
   <not supported>      stalled-cycles-backend   
   <not supported>      instructions             
   <not supported>      branches                 
   <not supported>      branch-misses            

     118.269398125 seconds time elapsed

MODO = sem I/O e alloc. memoria

 Performance counter stats for './mandelbrot_seq -0.8 -0.7 0.05 0.15 8192 sem':

     120329.848407      task-clock (msec)         #    1.000 CPUs utilized          
               211      context-switches          #    0.002 K/sec                  
                 5      cpu-migrations            #    0.000 K/sec                  
                47      page-faults               #    0.000 K/sec                  
   <not supported>      cycles                   
   <not supported>      stalled-cycles-frontend  
   <not supported>      stalled-cycles-backend   
   <not supported>      instructions             
   <not supported>      branches                 
   <not supported>      branch-misses            

     120.337790920 seconds time elapsed

MODO = sem I/O e alloc. memoria

 Performance counter stats for './mandelbrot_seq -0.8 -0.7 0.05 0.15 8192 sem':

     121836.502966      task-clock (msec)         #    1.000 CPUs utilized          
               353      context-switches          #    0.003 K/sec                  
                 0      cpu-migrations            #    0.000 K/sec                  
                48      page-faults               #    0.000 K/sec                  
   <not supported>      cycles                   
   <not supported>      stalled-cycles-frontend  
   <not supported>      stalled-cycles-backend   
   <not supported>      instructions             
   <not supported>      branches                 
   <not supported>      branch-misses            

     121.846493325 seconds time elapsed

MODO = sem I/O e alloc. memoria

 Performance counter stats for './mandelbrot_seq -0.8 -0.7 0.05 0.15 8192 sem':

     121270.311313      task-clock (msec)         #    1.000 CPUs utilized          
               213      context-switches          #    0.002 K/sec                  
                 4      cpu-migrations            #    0.000 K/sec                  
                47      page-faults               #    0.000 K/sec                  
   <not supported>      cycles                   
   <not supported>      stalled-cycles-frontend  
   <not supported>      stalled-cycles-backend   
   <not supported>      instructions             
   <not supported>      branches                 
   <not supported>      branch-misses            

     121.278755878 seconds time elapsed

MODO = sem I/O e alloc. memoria

 Performance counter stats for './mandelbrot_seq -0.8 -0.7 0.05 0.15 8192 sem':

     120302.872335      task-clock (msec)         #    1.000 CPUs utilized          
               350      context-switches          #    0.003 K/sec                  
                 0      cpu-migrations            #    0.000 K/sec                  
                46      page-faults               #    0.000 K/sec                  
   <not supported>      cycles                   
   <not supported>      stalled-cycles-frontend  
   <not supported>      stalled-cycles-backend   
   <not supported>      instructions             
   <not supported>      branches                 
   <not supported>      branch-misses            

     120.312219177 seconds time elapsed

MODO = sem I/O e alloc. memoria

 Performance counter stats for './mandelbrot_seq -0.8 -0.7 0.05 0.15 8192 sem':

     118968.675721      task-clock (msec)         #    1.000 CPUs utilized          
               344      context-switches          #    0.003 K/sec                  
                 0      cpu-migrations            #    0.000 K/sec                  
                49      page-faults               #    0.000 K/sec                  
   <not supported>      cycles                   
   <not supported>      stalled-cycles-frontend  
   <not supported>      stalled-cycles-backend   
   <not supported>      instructions             
   <not supported>      branches                 
   <not supported>      branch-misses            

     118.977997505 seconds time elapsed

MODO = sem I/O e alloc. memoria

 Performance counter stats for './mandelbrot_seq -0.8 -0.7 0.05 0.15 8192 sem':

     117508.787205      task-clock (msec)         #    1.000 CPUs utilized          
               208      context-switches          #    0.002 K/sec                  
                 1      cpu-migrations            #    0.000 K/sec                  
                47      page-faults               #    0.000 K/sec                  
   <not supported>      cycles                   
   <not supported>      stalled-cycles-frontend  
   <not supported>      stalled-cycles-backend   
   <not supported>      instructions             
   <not supported>      branches                 
   <not supported>      branch-misses            

     117.515851837 seconds time elapsed

MODO = sem I/O e alloc. memoria

 Performance counter stats for './mandelbrot_seq -0.8 -0.7 0.05 0.15 8192 sem':

     119581.108332      task-clock (msec)         #    1.000 CPUs utilized          
               213      context-switches          #    0.002 K/sec                  
                 9      cpu-migrations            #    0.000 K/sec                  
                46      page-faults               #    0.000 K/sec                  
   <not supported>      cycles                   
   <not supported>      stalled-cycles-frontend  
   <not supported>      stalled-cycles-backend   
   <not supported>      instructions             
   <not supported>      branches                 
   <not supported>      branch-misses            

     119.589099733 seconds time elapsed

MODO = sem I/O e alloc. memoria

 Performance counter stats for './mandelbrot_seq -0.8 -0.7 0.05 0.15 8192 sem':

     123137.399584      task-clock (msec)         #    1.000 CPUs utilized          
               354      context-switches          #    0.003 K/sec                  
                 8      cpu-migrations            #    0.000 K/sec                  
                46      page-faults               #    0.000 K/sec                  
   <not supported>      cycles                   
   <not supported>      stalled-cycles-frontend  
   <not supported>      stalled-cycles-backend   
   <not supported>      instructions             
   <not supported>      branches                 
   <not supported>      branch-misses            

     123.147989076 seconds time elapsed

