MODO = com I/O e alloc. memoria

 Performance counter stats for './mandelbrot_seq -0.188 -0.012 0.554 0.754 8192 com':

     139785.059743      task-clock (msec)         #    0.991 CPUs utilized          
               432      context-switches          #    0.003 K/sec                  
                 1      cpu-migrations            #    0.000 K/sec                  
           655,410      page-faults               #    0.005 M/sec                  
   <not supported>      cycles                   
   <not supported>      stalled-cycles-frontend  
   <not supported>      stalled-cycles-backend   
   <not supported>      instructions             
   <not supported>      branches                 
   <not supported>      branch-misses            

     141.009355770 seconds time elapsed

MODO = com I/O e alloc. memoria

 Performance counter stats for './mandelbrot_seq -0.188 -0.012 0.554 0.754 8192 com':

     141578.092699      task-clock (msec)         #    0.992 CPUs utilized          
               427      context-switches          #    0.003 K/sec                  
                 1      cpu-migrations            #    0.000 K/sec                  
           655,412      page-faults               #    0.005 M/sec                  
   <not supported>      cycles                   
   <not supported>      stalled-cycles-frontend  
   <not supported>      stalled-cycles-backend   
   <not supported>      instructions             
   <not supported>      branches                 
   <not supported>      branch-misses            

     142.756585317 seconds time elapsed

MODO = com I/O e alloc. memoria

 Performance counter stats for './mandelbrot_seq -0.188 -0.012 0.554 0.754 8192 com':

     140424.075491      task-clock (msec)         #    0.992 CPUs utilized          
               425      context-switches          #    0.003 K/sec                  
                 0      cpu-migrations            #    0.000 K/sec                  
           655,412      page-faults               #    0.005 M/sec                  
   <not supported>      cycles                   
   <not supported>      stalled-cycles-frontend  
   <not supported>      stalled-cycles-backend   
   <not supported>      instructions             
   <not supported>      branches                 
   <not supported>      branch-misses            

     141.599924975 seconds time elapsed

MODO = com I/O e alloc. memoria

 Performance counter stats for './mandelbrot_seq -0.188 -0.012 0.554 0.754 8192 com':

     140466.750541      task-clock (msec)         #    0.992 CPUs utilized          
               269      context-switches          #    0.002 K/sec                  
                10      cpu-migrations            #    0.000 K/sec                  
           655,411      page-faults               #    0.005 M/sec                  
   <not supported>      cycles                   
   <not supported>      stalled-cycles-frontend  
   <not supported>      stalled-cycles-backend   
   <not supported>      instructions             
   <not supported>      branches                 
   <not supported>      branch-misses            

     141.642001295 seconds time elapsed

MODO = com I/O e alloc. memoria

 Performance counter stats for './mandelbrot_seq -0.188 -0.012 0.554 0.754 8192 com':

     140940.362087      task-clock (msec)         #    0.992 CPUs utilized          
               425      context-switches          #    0.003 K/sec                  
                 1      cpu-migrations            #    0.000 K/sec                  
           655,411      page-faults               #    0.005 M/sec                  
   <not supported>      cycles                   
   <not supported>      stalled-cycles-frontend  
   <not supported>      stalled-cycles-backend   
   <not supported>      instructions             
   <not supported>      branches                 
   <not supported>      branch-misses            

     142.111967646 seconds time elapsed

MODO = com I/O e alloc. memoria

 Performance counter stats for './mandelbrot_seq -0.188 -0.012 0.554 0.754 8192 com':

     140594.768745      task-clock (msec)         #    0.992 CPUs utilized          
               437      context-switches          #    0.003 K/sec                  
                 5      cpu-migrations            #    0.000 K/sec                  
           655,411      page-faults               #    0.005 M/sec                  
   <not supported>      cycles                   
   <not supported>      stalled-cycles-frontend  
   <not supported>      stalled-cycles-backend   
   <not supported>      instructions             
   <not supported>      branches                 
   <not supported>      branch-misses            

     141.763977386 seconds time elapsed

MODO = com I/O e alloc. memoria

 Performance counter stats for './mandelbrot_seq -0.188 -0.012 0.554 0.754 8192 com':

     140976.707430      task-clock (msec)         #    0.992 CPUs utilized          
               431      context-switches          #    0.003 K/sec                  
                 2      cpu-migrations            #    0.000 K/sec                  
           655,412      page-faults               #    0.005 M/sec                  
   <not supported>      cycles                   
   <not supported>      stalled-cycles-frontend  
   <not supported>      stalled-cycles-backend   
   <not supported>      instructions             
   <not supported>      branches                 
   <not supported>      branch-misses            

     142.113517069 seconds time elapsed

MODO = com I/O e alloc. memoria

 Performance counter stats for './mandelbrot_seq -0.188 -0.012 0.554 0.754 8192 com':

     145502.381212      task-clock (msec)         #    0.992 CPUs utilized          
               440      context-switches          #    0.003 K/sec                  
                 3      cpu-migrations            #    0.000 K/sec                  
           655,412      page-faults               #    0.005 M/sec                  
   <not supported>      cycles                   
   <not supported>      stalled-cycles-frontend  
   <not supported>      stalled-cycles-backend   
   <not supported>      instructions             
   <not supported>      branches                 
   <not supported>      branch-misses            

     146.670354479 seconds time elapsed

MODO = com I/O e alloc. memoria

 Performance counter stats for './mandelbrot_seq -0.188 -0.012 0.554 0.754 8192 com':

     140714.601609      task-clock (msec)         #    0.992 CPUs utilized          
               429      context-switches          #    0.003 K/sec                  
                 0      cpu-migrations            #    0.000 K/sec                  
           655,411      page-faults               #    0.005 M/sec                  
   <not supported>      cycles                   
   <not supported>      stalled-cycles-frontend  
   <not supported>      stalled-cycles-backend   
   <not supported>      instructions             
   <not supported>      branches                 
   <not supported>      branch-misses            

     141.873254112 seconds time elapsed

MODO = com I/O e alloc. memoria

 Performance counter stats for './mandelbrot_seq -0.188 -0.012 0.554 0.754 8192 com':

     140650.131410      task-clock (msec)         #    0.992 CPUs utilized          
               275      context-switches          #    0.002 K/sec                  
                 2      cpu-migrations            #    0.000 K/sec                  
           655,412      page-faults               #    0.005 M/sec                  
   <not supported>      cycles                   
   <not supported>      stalled-cycles-frontend  
   <not supported>      stalled-cycles-backend   
   <not supported>      instructions             
   <not supported>      branches                 
   <not supported>      branch-misses            

     141.835647850 seconds time elapsed

