MODO = sem I/O e alloc. memoria
MODO = sem I/O e alloc. memoria
MODO = sem I/O e alloc. memoria
MODO = sem I/O e alloc. memoria
MODO = sem I/O e alloc. memoria
MODO = sem I/O e alloc. memoria
MODO = sem I/O e alloc. memoria
MODO = sem I/O e alloc. memoria

 Performance counter stats for 'mpirun -np 8 -hostfile hostfile ./mandelbrotOpenMPI_seq 0.175 0.375 -0.1 0.1 8192 sem':

      13374.075555      task-clock (msec)         #    0.920 CPUs utilized          
               370      context-switches          #    0.028 K/sec                  
                 0      cpu-migrations            #    0.000 K/sec                  
             4,260      page-faults               #    0.319 K/sec                  
   <not supported>      cycles                   
   <not supported>      stalled-cycles-frontend  
   <not supported>      stalled-cycles-backend   
   <not supported>      instructions             
   <not supported>      branches                 
   <not supported>      branch-misses            

      14.530223270 seconds time elapsed

