MODO = sem I/O e alloc. memoria
MODO = sem I/O e alloc. memoria
MODO = sem I/O e alloc. memoria
MODO = sem I/O e alloc. memoria
MODO = sem I/O e alloc. memoria
MODO = sem I/O e alloc. memoria
MODO = sem I/O e alloc. memoria
MODO = sem I/O e alloc. memoria

 Performance counter stats for 'mpirun -np 8 -hostfile hostfile ./mandelbrotOpenMPI_seq -0.8 -0.7 0.05 0.15 8192 sem':

      14177.834009      task-clock (msec)         #    0.937 CPUs utilized          
               372      context-switches          #    0.026 K/sec                  
                 0      cpu-migrations            #    0.000 K/sec                  
             4,229      page-faults               #    0.298 K/sec                  
   <not supported>      cycles                   
   <not supported>      stalled-cycles-frontend  
   <not supported>      stalled-cycles-backend   
   <not supported>      instructions             
   <not supported>      branches                 
   <not supported>      branch-misses            

      15.134583938 seconds time elapsed

